Calling target program-options parser
[16:16:05.728] [bmv2] [D] [thread 4358] Set default default entry for table 'MyIngress.ipv4_lpm': MyIngress.drop - 
Adding interface s4-eth1 as port 1
[16:16:05.728] [bmv2] [D] [thread 4358] Adding interface s4-eth1 as port 1
Adding interface s4-eth2 as port 2
[16:16:05.771] [bmv2] [D] [thread 4358] Adding interface s4-eth2 as port 2
Server listening on 0.0.0.0:50054
[16:16:05.792] [bmv2] [I] [thread 4358] Starting Thrift server on port 9093
[16:16:05.792] [bmv2] [I] [thread 4358] Thrift server was started
[16:16:05.839] [bmv2] [D] [thread 4368] [0.0] [cxt 0] Processing packet received on port 1
[16:16:05.839] [bmv2] [D] [thread 4368] [0.0] [cxt 0] Parser 'parser': start
[16:16:05.839] [bmv2] [D] [thread 4368] [0.0] [cxt 0] Parser 'parser' entering state 'start'
[16:16:05.839] [bmv2] [D] [thread 4368] [0.0] [cxt 0] Extracting header 'ethernet'
[16:16:05.839] [bmv2] [D] [thread 4368] [0.0] [cxt 0] Parser state 'start': key is 86dd
[16:16:05.839] [bmv2] [T] [thread 4368] [0.0] [cxt 0] Bytes parsed: 14
[16:16:05.839] [bmv2] [D] [thread 4368] [0.0] [cxt 0] Parser 'parser': end
[16:16:05.839] [bmv2] [D] [thread 4368] [0.0] [cxt 0] Pipeline 'ingress': start
[16:16:05.839] [bmv2] [T] [thread 4368] [0.0] [cxt 0] basic.p4(114) Condition "hdr.ipv4.isValid()" (node_2) is false
[16:16:05.839] [bmv2] [D] [thread 4368] [0.0] [cxt 0] Pipeline 'ingress': end
[16:16:05.839] [bmv2] [D] [thread 4368] [0.0] [cxt 0] Egress port is 0
[16:16:05.839] [bmv2] [D] [thread 4368] [1.0] [cxt 0] Processing packet received on port 1
[16:16:05.839] [bmv2] [D] [thread 4368] [1.0] [cxt 0] Parser 'parser': start
[16:16:05.839] [bmv2] [D] [thread 4368] [1.0] [cxt 0] Parser 'parser' entering state 'start'
[16:16:05.839] [bmv2] [D] [thread 4368] [1.0] [cxt 0] Extracting header 'ethernet'
[16:16:05.839] [bmv2] [D] [thread 4368] [1.0] [cxt 0] Parser state 'start': key is 86dd
[16:16:05.839] [bmv2] [T] [thread 4368] [1.0] [cxt 0] Bytes parsed: 14
[16:16:05.839] [bmv2] [D] [thread 4368] [1.0] [cxt 0] Parser 'parser': end
[16:16:05.839] [bmv2] [D] [thread 4368] [1.0] [cxt 0] Pipeline 'ingress': start
[16:16:05.839] [bmv2] [T] [thread 4368] [1.0] [cxt 0] basic.p4(114) Condition "hdr.ipv4.isValid()" (node_2) is false
[16:16:05.839] [bmv2] [D] [thread 4368] [1.0] [cxt 0] Pipeline 'ingress': end
[16:16:05.839] [bmv2] [D] [thread 4368] [1.0] [cxt 0] Egress port is 0
[16:16:05.839] [bmv2] [D] [thread 4369] [0.0] [cxt 0] Pipeline 'egress': start
[16:16:05.840] [bmv2] [D] [thread 4369] [0.0] [cxt 0] Pipeline 'egress': end
[16:16:05.840] [bmv2] [D] [thread 4369] [0.0] [cxt 0] Deparser 'deparser': start
[16:16:05.840] [bmv2] [T] [thread 4369] [0.0] [cxt 0] Skipping checksum 'cksum' update because condition not met
[16:16:05.840] [bmv2] [D] [thread 4369] [0.0] [cxt 0] Deparsing header 'ethernet'
[16:16:05.840] [bmv2] [D] [thread 4369] [0.0] [cxt 0] Deparser 'deparser': end
[16:16:05.840] [bmv2] [D] [thread 4369] [1.0] [cxt 0] Pipeline 'egress': start
[16:16:05.840] [bmv2] [D] [thread 4369] [1.0] [cxt 0] Pipeline 'egress': end
[16:16:05.840] [bmv2] [D] [thread 4369] [1.0] [cxt 0] Deparser 'deparser': start
[16:16:05.840] [bmv2] [T] [thread 4369] [1.0] [cxt 0] Skipping checksum 'cksum' update because condition not met
[16:16:05.840] [bmv2] [D] [thread 4369] [1.0] [cxt 0] Deparsing header 'ethernet'
[16:16:05.840] [bmv2] [D] [thread 4369] [1.0] [cxt 0] Deparser 'deparser': end
[16:16:05.840] [bmv2] [D] [thread 4373] [0.0] [cxt 0] Transmitting packet of size 90 out of port 0
[16:16:05.840] [bmv2] [D] [thread 4373] [1.0] [cxt 0] Transmitting packet of size 70 out of port 0
[16:16:05.851] [bmv2] [D] [thread 4368] [2.0] [cxt 0] Processing packet received on port 1
[16:16:05.851] [bmv2] [D] [thread 4368] [2.0] [cxt 0] Parser 'parser': start
[16:16:05.851] [bmv2] [D] [thread 4368] [2.0] [cxt 0] Parser 'parser' entering state 'start'
[16:16:05.851] [bmv2] [D] [thread 4368] [2.0] [cxt 0] Extracting header 'ethernet'
[16:16:05.851] [bmv2] [D] [thread 4368] [2.0] [cxt 0] Parser state 'start': key is 86dd
[16:16:05.851] [bmv2] [T] [thread 4368] [2.0] [cxt 0] Bytes parsed: 14
[16:16:05.851] [bmv2] [D] [thread 4368] [2.0] [cxt 0] Parser 'parser': end
[16:16:05.851] [bmv2] [D] [thread 4368] [2.0] [cxt 0] Pipeline 'ingress': start
[16:16:05.851] [bmv2] [T] [thread 4368] [2.0] [cxt 0] basic.p4(114) Condition "hdr.ipv4.isValid()" (node_2) is false
[16:16:05.851] [bmv2] [D] [thread 4368] [2.0] [cxt 0] Pipeline 'ingress': end
[16:16:05.851] [bmv2] [D] [thread 4368] [2.0] [cxt 0] Egress port is 0
[16:16:05.851] [bmv2] [D] [thread 4369] [2.0] [cxt 0] Pipeline 'egress': start
[16:16:05.851] [bmv2] [D] [thread 4369] [2.0] [cxt 0] Pipeline 'egress': end
[16:16:05.851] [bmv2] [D] [thread 4369] [2.0] [cxt 0] Deparser 'deparser': start
[16:16:05.851] [bmv2] [T] [thread 4369] [2.0] [cxt 0] Skipping checksum 'cksum' update because condition not met
[16:16:05.851] [bmv2] [D] [thread 4369] [2.0] [cxt 0] Deparsing header 'ethernet'
[16:16:05.851] [bmv2] [D] [thread 4369] [2.0] [cxt 0] Deparser 'deparser': end
[16:16:05.851] [bmv2] [D] [thread 4373] [2.0] [cxt 0] Transmitting packet of size 90 out of port 0
[16:16:05.871] [bmv2] [D] [thread 4368] [3.0] [cxt 0] Processing packet received on port 2
[16:16:05.871] [bmv2] [D] [thread 4368] [3.0] [cxt 0] Parser 'parser': start
[16:16:05.871] [bmv2] [D] [thread 4368] [3.0] [cxt 0] Parser 'parser' entering state 'start'
[16:16:05.871] [bmv2] [D] [thread 4368] [3.0] [cxt 0] Extracting header 'ethernet'
[16:16:05.871] [bmv2] [D] [thread 4368] [3.0] [cxt 0] Parser state 'start': key is 86dd
[16:16:05.871] [bmv2] [T] [thread 4368] [3.0] [cxt 0] Bytes parsed: 14
[16:16:05.871] [bmv2] [D] [thread 4368] [3.0] [cxt 0] Parser 'parser': end
[16:16:05.871] [bmv2] [D] [thread 4368] [3.0] [cxt 0] Pipeline 'ingress': start
[16:16:05.871] [bmv2] [T] [thread 4368] [3.0] [cxt 0] basic.p4(114) Condition "hdr.ipv4.isValid()" (node_2) is false
[16:16:05.871] [bmv2] [D] [thread 4368] [3.0] [cxt 0] Pipeline 'ingress': end
[16:16:05.871] [bmv2] [D] [thread 4368] [3.0] [cxt 0] Egress port is 0
[16:16:05.871] [bmv2] [D] [thread 4368] [4.0] [cxt 0] Processing packet received on port 2
[16:16:05.871] [bmv2] [D] [thread 4368] [4.0] [cxt 0] Parser 'parser': start
[16:16:05.871] [bmv2] [D] [thread 4368] [4.0] [cxt 0] Parser 'parser' entering state 'start'
[16:16:05.871] [bmv2] [D] [thread 4368] [4.0] [cxt 0] Extracting header 'ethernet'
[16:16:05.871] [bmv2] [D] [thread 4368] [4.0] [cxt 0] Parser state 'start': key is 86dd
[16:16:05.871] [bmv2] [T] [thread 4368] [4.0] [cxt 0] Bytes parsed: 14
[16:16:05.871] [bmv2] [D] [thread 4368] [4.0] [cxt 0] Parser 'parser': end
[16:16:05.871] [bmv2] [D] [thread 4368] [4.0] [cxt 0] Pipeline 'ingress': start
[16:16:05.871] [bmv2] [T] [thread 4368] [4.0] [cxt 0] basic.p4(114) Condition "hdr.ipv4.isValid()" (node_2) is false
[16:16:05.871] [bmv2] [D] [thread 4368] [4.0] [cxt 0] Pipeline 'ingress': end
[16:16:05.871] [bmv2] [D] [thread 4368] [4.0] [cxt 0] Egress port is 0
[16:16:05.871] [bmv2] [D] [thread 4369] [3.0] [cxt 0] Pipeline 'egress': start
[16:16:05.871] [bmv2] [D] [thread 4369] [3.0] [cxt 0] Pipeline 'egress': end
[16:16:05.871] [bmv2] [D] [thread 4369] [3.0] [cxt 0] Deparser 'deparser': start
[16:16:05.871] [bmv2] [T] [thread 4369] [3.0] [cxt 0] Skipping checksum 'cksum' update because condition not met
[16:16:05.871] [bmv2] [D] [thread 4369] [3.0] [cxt 0] Deparsing header 'ethernet'
[16:16:05.871] [bmv2] [D] [thread 4369] [3.0] [cxt 0] Deparser 'deparser': end
[16:16:05.871] [bmv2] [D] [thread 4369] [4.0] [cxt 0] Pipeline 'egress': start
[16:16:05.871] [bmv2] [D] [thread 4369] [4.0] [cxt 0] Pipeline 'egress': end
[16:16:05.871] [bmv2] [D] [thread 4369] [4.0] [cxt 0] Deparser 'deparser': start
[16:16:05.871] [bmv2] [T] [thread 4369] [4.0] [cxt 0] Skipping checksum 'cksum' update because condition not met
[16:16:05.871] [bmv2] [D] [thread 4369] [4.0] [cxt 0] Deparsing header 'ethernet'
[16:16:05.871] [bmv2] [D] [thread 4369] [4.0] [cxt 0] Deparser 'deparser': end
[16:16:05.871] [bmv2] [D] [thread 4373] [3.0] [cxt 0] Transmitting packet of size 90 out of port 0
[16:16:05.871] [bmv2] [D] [thread 4373] [4.0] [cxt 0] Transmitting packet of size 70 out of port 0
[16:16:05.883] [bmv2] [D] [thread 4368] [5.0] [cxt 0] Processing packet received on port 2
[16:16:05.883] [bmv2] [D] [thread 4368] [5.0] [cxt 0] Parser 'parser': start
[16:16:05.883] [bmv2] [D] [thread 4368] [5.0] [cxt 0] Parser 'parser' entering state 'start'
[16:16:05.883] [bmv2] [D] [thread 4368] [5.0] [cxt 0] Extracting header 'ethernet'
[16:16:05.883] [bmv2] [D] [thread 4368] [5.0] [cxt 0] Parser state 'start': key is 86dd
[16:16:05.883] [bmv2] [T] [thread 4368] [5.0] [cxt 0] Bytes parsed: 14
[16:16:05.883] [bmv2] [D] [thread 4368] [5.0] [cxt 0] Parser 'parser': end
[16:16:05.883] [bmv2] [D] [thread 4368] [5.0] [cxt 0] Pipeline 'ingress': start
[16:16:05.883] [bmv2] [T] [thread 4368] [5.0] [cxt 0] basic.p4(114) Condition "hdr.ipv4.isValid()" (node_2) is false
[16:16:05.883] [bmv2] [D] [thread 4368] [5.0] [cxt 0] Pipeline 'ingress': end
[16:16:05.883] [bmv2] [D] [thread 4368] [5.0] [cxt 0] Egress port is 0
[16:16:05.883] [bmv2] [D] [thread 4368] [6.0] [cxt 0] Processing packet received on port 2
[16:16:05.883] [bmv2] [D] [thread 4368] [6.0] [cxt 0] Parser 'parser': start
[16:16:05.883] [bmv2] [D] [thread 4368] [6.0] [cxt 0] Parser 'parser' entering state 'start'
[16:16:05.883] [bmv2] [D] [thread 4368] [6.0] [cxt 0] Extracting header 'ethernet'
[16:16:05.883] [bmv2] [D] [thread 4368] [6.0] [cxt 0] Parser state 'start': key is 86dd
[16:16:05.883] [bmv2] [T] [thread 4368] [6.0] [cxt 0] Bytes parsed: 14
[16:16:05.883] [bmv2] [D] [thread 4368] [6.0] [cxt 0] Parser 'parser': end
[16:16:05.883] [bmv2] [D] [thread 4368] [6.0] [cxt 0] Pipeline 'ingress': start
[16:16:05.883] [bmv2] [T] [thread 4368] [6.0] [cxt 0] basic.p4(114) Condition "hdr.ipv4.isValid()" (node_2) is false
[16:16:05.883] [bmv2] [D] [thread 4368] [6.0] [cxt 0] Pipeline 'ingress': end
[16:16:05.883] [bmv2] [D] [thread 4368] [6.0] [cxt 0] Egress port is 0
[16:16:05.883] [bmv2] [D] [thread 4369] [5.0] [cxt 0] Pipeline 'egress': start
[16:16:05.883] [bmv2] [D] [thread 4369] [5.0] [cxt 0] Pipeline 'egress': end
[16:16:05.883] [bmv2] [D] [thread 4369] [5.0] [cxt 0] Deparser 'deparser': start
[16:16:05.883] [bmv2] [T] [thread 4369] [5.0] [cxt 0] Skipping checksum 'cksum' update because condition not met
[16:16:05.883] [bmv2] [D] [thread 4369] [5.0] [cxt 0] Deparsing header 'ethernet'
[16:16:05.883] [bmv2] [D] [thread 4369] [5.0] [cxt 0] Deparser 'deparser': end
[16:16:05.883] [bmv2] [D] [thread 4369] [6.0] [cxt 0] Pipeline 'egress': start
[16:16:05.883] [bmv2] [D] [thread 4369] [6.0] [cxt 0] Pipeline 'egress': end
[16:16:05.883] [bmv2] [D] [thread 4369] [6.0] [cxt 0] Deparser 'deparser': start
[16:16:05.883] [bmv2] [T] [thread 4369] [6.0] [cxt 0] Skipping checksum 'cksum' update because condition not met
[16:16:05.883] [bmv2] [D] [thread 4369] [6.0] [cxt 0] Deparsing header 'ethernet'
[16:16:05.883] [bmv2] [D] [thread 4369] [6.0] [cxt 0] Deparser 'deparser': end
[16:16:05.883] [bmv2] [D] [thread 4373] [5.0] [cxt 0] Transmitting packet of size 110 out of port 0
[16:16:05.883] [bmv2] [D] [thread 4373] [6.0] [cxt 0] Transmitting packet of size 90 out of port 0
[16:16:05.890] [bmv2] [D] [thread 4368] [7.0] [cxt 0] Processing packet received on port 2
[16:16:05.890] [bmv2] [D] [thread 4368] [7.0] [cxt 0] Parser 'parser': start
[16:16:05.890] [bmv2] [D] [thread 4368] [7.0] [cxt 0] Parser 'parser' entering state 'start'
[16:16:05.890] [bmv2] [D] [thread 4368] [7.0] [cxt 0] Extracting header 'ethernet'
[16:16:05.890] [bmv2] [D] [thread 4368] [7.0] [cxt 0] Parser state 'start': key is 86dd
[16:16:05.890] [bmv2] [T] [thread 4368] [7.0] [cxt 0] Bytes parsed: 14
[16:16:05.890] [bmv2] [D] [thread 4368] [7.0] [cxt 0] Parser 'parser': end
[16:16:05.890] [bmv2] [D] [thread 4368] [7.0] [cxt 0] Pipeline 'ingress': start
[16:16:05.890] [bmv2] [T] [thread 4368] [7.0] [cxt 0] basic.p4(114) Condition "hdr.ipv4.isValid()" (node_2) is false
[16:16:05.890] [bmv2] [D] [thread 4368] [7.0] [cxt 0] Pipeline 'ingress': end
[16:16:05.890] [bmv2] [D] [thread 4368] [7.0] [cxt 0] Egress port is 0
[16:16:05.891] [bmv2] [D] [thread 4369] [7.0] [cxt 0] Pipeline 'egress': start
[16:16:05.891] [bmv2] [D] [thread 4369] [7.0] [cxt 0] Pipeline 'egress': end
[16:16:05.891] [bmv2] [D] [thread 4369] [7.0] [cxt 0] Deparser 'deparser': start
[16:16:05.891] [bmv2] [T] [thread 4369] [7.0] [cxt 0] Skipping checksum 'cksum' update because condition not met
[16:16:05.891] [bmv2] [D] [thread 4369] [7.0] [cxt 0] Deparsing header 'ethernet'
[16:16:05.891] [bmv2] [D] [thread 4369] [7.0] [cxt 0] Deparser 'deparser': end
[16:16:05.891] [bmv2] [D] [thread 4373] [7.0] [cxt 0] Transmitting packet of size 211 out of port 0
[16:16:05.894] [bmv2] [D] [thread 4368] [8.0] [cxt 0] Processing packet received on port 1
[16:16:05.894] [bmv2] [D] [thread 4368] [8.0] [cxt 0] Parser 'parser': start
[16:16:05.894] [bmv2] [D] [thread 4368] [8.0] [cxt 0] Parser 'parser' entering state 'start'
[16:16:05.894] [bmv2] [D] [thread 4368] [8.0] [cxt 0] Extracting header 'ethernet'
[16:16:05.894] [bmv2] [D] [thread 4368] [8.0] [cxt 0] Parser state 'start': key is 86dd
[16:16:05.894] [bmv2] [T] [thread 4368] [8.0] [cxt 0] Bytes parsed: 14
[16:16:05.894] [bmv2] [D] [thread 4368] [8.0] [cxt 0] Parser 'parser': end
[16:16:05.894] [bmv2] [D] [thread 4368] [8.0] [cxt 0] Pipeline 'ingress': start
[16:16:05.894] [bmv2] [T] [thread 4368] [8.0] [cxt 0] basic.p4(114) Condition "hdr.ipv4.isValid()" (node_2) is false
[16:16:05.894] [bmv2] [D] [thread 4368] [8.0] [cxt 0] Pipeline 'ingress': end
[16:16:05.894] [bmv2] [D] [thread 4368] [8.0] [cxt 0] Egress port is 0
[16:16:05.894] [bmv2] [D] [thread 4369] [8.0] [cxt 0] Pipeline 'egress': start
[16:16:05.894] [bmv2] [D] [thread 4369] [8.0] [cxt 0] Pipeline 'egress': end
[16:16:05.894] [bmv2] [D] [thread 4369] [8.0] [cxt 0] Deparser 'deparser': start
[16:16:05.894] [bmv2] [T] [thread 4369] [8.0] [cxt 0] Skipping checksum 'cksum' update because condition not met
[16:16:05.894] [bmv2] [D] [thread 4369] [8.0] [cxt 0] Deparsing header 'ethernet'
[16:16:05.894] [bmv2] [D] [thread 4369] [8.0] [cxt 0] Deparser 'deparser': end
[16:16:05.894] [bmv2] [D] [thread 4373] [8.0] [cxt 0] Transmitting packet of size 199 out of port 0
[16:16:05.940] [bmv2] [D] [thread 4368] [9.0] [cxt 0] Processing packet received on port 1
[16:16:05.941] [bmv2] [D] [thread 4368] [9.0] [cxt 0] Parser 'parser': start
[16:16:05.941] [bmv2] [D] [thread 4368] [9.0] [cxt 0] Parser 'parser' entering state 'start'
[16:16:05.941] [bmv2] [D] [thread 4368] [9.0] [cxt 0] Extracting header 'ethernet'
[16:16:05.941] [bmv2] [D] [thread 4368] [9.0] [cxt 0] Parser state 'start': key is 86dd
[16:16:05.941] [bmv2] [T] [thread 4368] [9.0] [cxt 0] Bytes parsed: 14
[16:16:05.941] [bmv2] [D] [thread 4368] [9.0] [cxt 0] Parser 'parser': end
[16:16:05.941] [bmv2] [D] [thread 4368] [9.0] [cxt 0] Pipeline 'ingress': start
[16:16:05.941] [bmv2] [T] [thread 4368] [9.0] [cxt 0] basic.p4(114) Condition "hdr.ipv4.isValid()" (node_2) is false
[16:16:05.941] [bmv2] [D] [thread 4368] [9.0] [cxt 0] Pipeline 'ingress': end
[16:16:05.941] [bmv2] [D] [thread 4368] [9.0] [cxt 0] Egress port is 0
[16:16:05.941] [bmv2] [D] [thread 4369] [9.0] [cxt 0] Pipeline 'egress': start
[16:16:05.941] [bmv2] [D] [thread 4369] [9.0] [cxt 0] Pipeline 'egress': end
[16:16:05.941] [bmv2] [D] [thread 4369] [9.0] [cxt 0] Deparser 'deparser': start
[16:16:05.941] [bmv2] [T] [thread 4369] [9.0] [cxt 0] Skipping checksum 'cksum' update because condition not met
[16:16:05.941] [bmv2] [D] [thread 4369] [9.0] [cxt 0] Deparsing header 'ethernet'
[16:16:05.941] [bmv2] [D] [thread 4369] [9.0] [cxt 0] Deparser 'deparser': end
[16:16:05.941] [bmv2] [D] [thread 4373] [9.0] [cxt 0] Transmitting packet of size 107 out of port 0
[16:16:05.972] [bmv2] [D] [thread 4368] [10.0] [cxt 0] Processing packet received on port 2
[16:16:05.972] [bmv2] [D] [thread 4368] [10.0] [cxt 0] Parser 'parser': start
[16:16:05.972] [bmv2] [D] [thread 4368] [10.0] [cxt 0] Parser 'parser' entering state 'start'
[16:16:05.972] [bmv2] [D] [thread 4368] [10.0] [cxt 0] Extracting header 'ethernet'
[16:16:05.972] [bmv2] [D] [thread 4368] [10.0] [cxt 0] Parser state 'start': key is 86dd
[16:16:05.972] [bmv2] [T] [thread 4368] [10.0] [cxt 0] Bytes parsed: 14
[16:16:05.972] [bmv2] [D] [thread 4368] [10.0] [cxt 0] Parser 'parser': end
[16:16:05.972] [bmv2] [D] [thread 4368] [10.0] [cxt 0] Pipeline 'ingress': start
[16:16:05.972] [bmv2] [T] [thread 4368] [10.0] [cxt 0] basic.p4(114) Condition "hdr.ipv4.isValid()" (node_2) is false
[16:16:05.972] [bmv2] [D] [thread 4368] [10.0] [cxt 0] Pipeline 'ingress': end
[16:16:05.972] [bmv2] [D] [thread 4368] [10.0] [cxt 0] Egress port is 0
[16:16:05.972] [bmv2] [D] [thread 4369] [10.0] [cxt 0] Pipeline 'egress': start
[16:16:05.972] [bmv2] [D] [thread 4369] [10.0] [cxt 0] Pipeline 'egress': end
[16:16:05.972] [bmv2] [D] [thread 4369] [10.0] [cxt 0] Deparser 'deparser': start
[16:16:05.972] [bmv2] [T] [thread 4369] [10.0] [cxt 0] Skipping checksum 'cksum' update because condition not met
[16:16:05.972] [bmv2] [D] [thread 4369] [10.0] [cxt 0] Deparsing header 'ethernet'
[16:16:05.972] [bmv2] [D] [thread 4369] [10.0] [cxt 0] Deparser 'deparser': end
[16:16:05.972] [bmv2] [D] [thread 4373] [10.0] [cxt 0] Transmitting packet of size 107 out of port 0
[16:16:06.057] [bmv2] [D] [thread 4368] [11.0] [cxt 0] Processing packet received on port 1
[16:16:06.057] [bmv2] [D] [thread 4368] [11.0] [cxt 0] Parser 'parser': start
[16:16:06.057] [bmv2] [D] [thread 4368] [11.0] [cxt 0] Parser 'parser' entering state 'start'
[16:16:06.057] [bmv2] [D] [thread 4368] [11.0] [cxt 0] Extracting header 'ethernet'
[16:16:06.057] [bmv2] [D] [thread 4368] [11.0] [cxt 0] Parser state 'start': key is 86dd
[16:16:06.057] [bmv2] [T] [thread 4368] [11.0] [cxt 0] Bytes parsed: 14
[16:16:06.057] [bmv2] [D] [thread 4368] [11.0] [cxt 0] Parser 'parser': end
[16:16:06.057] [bmv2] [D] [thread 4368] [11.0] [cxt 0] Pipeline 'ingress': start
[16:16:06.057] [bmv2] [T] [thread 4368] [11.0] [cxt 0] basic.p4(114) Condition "hdr.ipv4.isValid()" (node_2) is false
[16:16:06.057] [bmv2] [D] [thread 4368] [11.0] [cxt 0] Pipeline 'ingress': end
[16:16:06.057] [bmv2] [D] [thread 4368] [11.0] [cxt 0] Egress port is 0
[16:16:06.057] [bmv2] [D] [thread 4369] [11.0] [cxt 0] Pipeline 'egress': start
[16:16:06.057] [bmv2] [D] [thread 4369] [11.0] [cxt 0] Pipeline 'egress': end
[16:16:06.057] [bmv2] [D] [thread 4369] [11.0] [cxt 0] Deparser 'deparser': start
[16:16:06.057] [bmv2] [T] [thread 4369] [11.0] [cxt 0] Skipping checksum 'cksum' update because condition not met
[16:16:06.057] [bmv2] [D] [thread 4369] [11.0] [cxt 0] Deparsing header 'ethernet'
[16:16:06.057] [bmv2] [D] [thread 4369] [11.0] [cxt 0] Deparser 'deparser': end
[16:16:06.057] [bmv2] [D] [thread 4373] [11.0] [cxt 0] Transmitting packet of size 211 out of port 0
[16:16:06.088] [bmv2] [D] [thread 4368] [12.0] [cxt 0] Processing packet received on port 2
[16:16:06.088] [bmv2] [D] [thread 4368] [12.0] [cxt 0] Parser 'parser': start
[16:16:06.088] [bmv2] [D] [thread 4368] [12.0] [cxt 0] Parser 'parser' entering state 'start'
[16:16:06.088] [bmv2] [D] [thread 4368] [12.0] [cxt 0] Extracting header 'ethernet'
[16:16:06.088] [bmv2] [D] [thread 4368] [12.0] [cxt 0] Parser state 'start': key is 86dd
[16:16:06.088] [bmv2] [T] [thread 4368] [12.0] [cxt 0] Bytes parsed: 14
[16:16:06.088] [bmv2] [D] [thread 4368] [12.0] [cxt 0] Parser 'parser': end
[16:16:06.088] [bmv2] [D] [thread 4368] [12.0] [cxt 0] Pipeline 'ingress': start
[16:16:06.088] [bmv2] [T] [thread 4368] [12.0] [cxt 0] basic.p4(114) Condition "hdr.ipv4.isValid()" (node_2) is false
[16:16:06.088] [bmv2] [D] [thread 4368] [12.0] [cxt 0] Pipeline 'ingress': end
[16:16:06.088] [bmv2] [D] [thread 4368] [12.0] [cxt 0] Egress port is 0
[16:16:06.088] [bmv2] [D] [thread 4369] [12.0] [cxt 0] Pipeline 'egress': start
[16:16:06.088] [bmv2] [D] [thread 4369] [12.0] [cxt 0] Pipeline 'egress': end
[16:16:06.088] [bmv2] [D] [thread 4369] [12.0] [cxt 0] Deparser 'deparser': start
[16:16:06.088] [bmv2] [T] [thread 4369] [12.0] [cxt 0] Skipping checksum 'cksum' update because condition not met
[16:16:06.088] [bmv2] [D] [thread 4369] [12.0] [cxt 0] Deparsing header 'ethernet'
[16:16:06.088] [bmv2] [D] [thread 4369] [12.0] [cxt 0] Deparser 'deparser': end
[16:16:06.088] [bmv2] [D] [thread 4373] [12.0] [cxt 0] Transmitting packet of size 211 out of port 0
[16:16:06.089] [bmv2] [D] [thread 4368] [13.0] [cxt 0] Processing packet received on port 2
[16:16:06.089] [bmv2] [D] [thread 4368] [13.0] [cxt 0] Parser 'parser': start
[16:16:06.089] [bmv2] [D] [thread 4368] [13.0] [cxt 0] Parser 'parser' entering state 'start'
[16:16:06.089] [bmv2] [D] [thread 4368] [13.0] [cxt 0] Extracting header 'ethernet'
[16:16:06.089] [bmv2] [D] [thread 4368] [13.0] [cxt 0] Parser state 'start': key is 86dd
[16:16:06.089] [bmv2] [T] [thread 4368] [13.0] [cxt 0] Bytes parsed: 14
[16:16:06.089] [bmv2] [D] [thread 4368] [13.0] [cxt 0] Parser 'parser': end
[16:16:06.089] [bmv2] [D] [thread 4368] [13.0] [cxt 0] Pipeline 'ingress': start
[16:16:06.089] [bmv2] [T] [thread 4368] [13.0] [cxt 0] basic.p4(114) Condition "hdr.ipv4.isValid()" (node_2) is false
[16:16:06.089] [bmv2] [D] [thread 4368] [13.0] [cxt 0] Pipeline 'ingress': end
[16:16:06.089] [bmv2] [D] [thread 4368] [13.0] [cxt 0] Egress port is 0
[16:16:06.090] [bmv2] [D] [thread 4369] [13.0] [cxt 0] Pipeline 'egress': start
[16:16:06.090] [bmv2] [D] [thread 4369] [13.0] [cxt 0] Pipeline 'egress': end
[16:16:06.090] [bmv2] [D] [thread 4369] [13.0] [cxt 0] Deparser 'deparser': start
[16:16:06.090] [bmv2] [T] [thread 4369] [13.0] [cxt 0] Skipping checksum 'cksum' update because condition not met
[16:16:06.090] [bmv2] [D] [thread 4369] [13.0] [cxt 0] Deparsing header 'ethernet'
[16:16:06.090] [bmv2] [D] [thread 4369] [13.0] [cxt 0] Deparser 'deparser': end
[16:16:06.090] [bmv2] [D] [thread 4373] [13.0] [cxt 0] Transmitting packet of size 199 out of port 0
[16:16:06.272] [bmv2] [D] [thread 4368] [14.0] [cxt 0] Processing packet received on port 2
[16:16:06.272] [bmv2] [D] [thread 4368] [14.0] [cxt 0] Parser 'parser': start
[16:16:06.272] [bmv2] [D] [thread 4368] [14.0] [cxt 0] Parser 'parser' entering state 'start'
[16:16:06.272] [bmv2] [D] [thread 4368] [14.0] [cxt 0] Extracting header 'ethernet'
[16:16:06.272] [bmv2] [D] [thread 4368] [14.0] [cxt 0] Parser state 'start': key is 86dd
[16:16:06.272] [bmv2] [T] [thread 4368] [14.0] [cxt 0] Bytes parsed: 14
[16:16:06.272] [bmv2] [D] [thread 4368] [14.0] [cxt 0] Parser 'parser': end
[16:16:06.272] [bmv2] [D] [thread 4368] [14.0] [cxt 0] Pipeline 'ingress': start
[16:16:06.272] [bmv2] [T] [thread 4368] [14.0] [cxt 0] basic.p4(114) Condition "hdr.ipv4.isValid()" (node_2) is false
[16:16:06.272] [bmv2] [D] [thread 4368] [14.0] [cxt 0] Pipeline 'ingress': end
[16:16:06.272] [bmv2] [D] [thread 4368] [14.0] [cxt 0] Egress port is 0
[16:16:06.272] [bmv2] [D] [thread 4369] [14.0] [cxt 0] Pipeline 'egress': start
[16:16:06.272] [bmv2] [D] [thread 4369] [14.0] [cxt 0] Pipeline 'egress': end
[16:16:06.272] [bmv2] [D] [thread 4369] [14.0] [cxt 0] Deparser 'deparser': start
[16:16:06.272] [bmv2] [T] [thread 4369] [14.0] [cxt 0] Skipping checksum 'cksum' update because condition not met
[16:16:06.272] [bmv2] [D] [thread 4369] [14.0] [cxt 0] Deparsing header 'ethernet'
[16:16:06.272] [bmv2] [D] [thread 4369] [14.0] [cxt 0] Deparser 'deparser': end
[16:16:06.272] [bmv2] [D] [thread 4373] [14.0] [cxt 0] Transmitting packet of size 107 out of port 0
[16:16:06.308] [bmv2] [D] [thread 4368] [15.0] [cxt 0] Processing packet received on port 1
[16:16:06.308] [bmv2] [D] [thread 4368] [15.0] [cxt 0] Parser 'parser': start
[16:16:06.308] [bmv2] [D] [thread 4368] [15.0] [cxt 0] Parser 'parser' entering state 'start'
[16:16:06.308] [bmv2] [D] [thread 4368] [15.0] [cxt 0] Extracting header 'ethernet'
[16:16:06.308] [bmv2] [D] [thread 4368] [15.0] [cxt 0] Parser state 'start': key is 86dd
[16:16:06.308] [bmv2] [T] [thread 4368] [15.0] [cxt 0] Bytes parsed: 14
[16:16:06.308] [bmv2] [D] [thread 4368] [15.0] [cxt 0] Parser 'parser': end
[16:16:06.308] [bmv2] [D] [thread 4368] [15.0] [cxt 0] Pipeline 'ingress': start
[16:16:06.308] [bmv2] [T] [thread 4368] [15.0] [cxt 0] basic.p4(114) Condition "hdr.ipv4.isValid()" (node_2) is false
[16:16:06.308] [bmv2] [D] [thread 4368] [15.0] [cxt 0] Pipeline 'ingress': end
[16:16:06.308] [bmv2] [D] [thread 4368] [15.0] [cxt 0] Egress port is 0
[16:16:06.308] [bmv2] [D] [thread 4369] [15.0] [cxt 0] Pipeline 'egress': start
[16:16:06.308] [bmv2] [D] [thread 4369] [15.0] [cxt 0] Pipeline 'egress': end
[16:16:06.308] [bmv2] [D] [thread 4369] [15.0] [cxt 0] Deparser 'deparser': start
[16:16:06.308] [bmv2] [T] [thread 4369] [15.0] [cxt 0] Skipping checksum 'cksum' update because condition not met
[16:16:06.308] [bmv2] [D] [thread 4369] [15.0] [cxt 0] Deparsing header 'ethernet'
[16:16:06.308] [bmv2] [D] [thread 4369] [15.0] [cxt 0] Deparser 'deparser': end
[16:16:06.308] [bmv2] [D] [thread 4373] [15.0] [cxt 0] Transmitting packet of size 211 out of port 0
[16:16:06.338] [bmv2] [D] [thread 4368] [16.0] [cxt 0] Processing packet received on port 2
[16:16:06.339] [bmv2] [D] [thread 4368] [16.0] [cxt 0] Parser 'parser': start
[16:16:06.339] [bmv2] [D] [thread 4368] [16.0] [cxt 0] Parser 'parser' entering state 'start'
[16:16:06.339] [bmv2] [D] [thread 4368] [16.0] [cxt 0] Extracting header 'ethernet'
[16:16:06.339] [bmv2] [D] [thread 4368] [16.0] [cxt 0] Parser state 'start': key is 86dd
[16:16:06.339] [bmv2] [T] [thread 4368] [16.0] [cxt 0] Bytes parsed: 14
[16:16:06.339] [bmv2] [D] [thread 4368] [16.0] [cxt 0] Parser 'parser': end
[16:16:06.339] [bmv2] [D] [thread 4368] [16.0] [cxt 0] Pipeline 'ingress': start
[16:16:06.339] [bmv2] [T] [thread 4368] [16.0] [cxt 0] basic.p4(114) Condition "hdr.ipv4.isValid()" (node_2) is false
[16:16:06.339] [bmv2] [D] [thread 4368] [16.0] [cxt 0] Pipeline 'ingress': end
[16:16:06.339] [bmv2] [D] [thread 4368] [16.0] [cxt 0] Egress port is 0
[16:16:06.339] [bmv2] [D] [thread 4369] [16.0] [cxt 0] Pipeline 'egress': start
[16:16:06.339] [bmv2] [D] [thread 4369] [16.0] [cxt 0] Pipeline 'egress': end
[16:16:06.339] [bmv2] [D] [thread 4369] [16.0] [cxt 0] Deparser 'deparser': start
[16:16:06.339] [bmv2] [T] [thread 4369] [16.0] [cxt 0] Skipping checksum 'cksum' update because condition not met
[16:16:06.339] [bmv2] [D] [thread 4369] [16.0] [cxt 0] Deparsing header 'ethernet'
[16:16:06.339] [bmv2] [D] [thread 4369] [16.0] [cxt 0] Deparser 'deparser': end
[16:16:06.339] [bmv2] [D] [thread 4373] [16.0] [cxt 0] Transmitting packet of size 211 out of port 0
[16:16:06.511] [bmv2] [D] [thread 4368] [17.0] [cxt 0] Processing packet received on port 2
[16:16:06.511] [bmv2] [D] [thread 4368] [17.0] [cxt 0] Parser 'parser': start
[16:16:06.511] [bmv2] [D] [thread 4368] [17.0] [cxt 0] Parser 'parser' entering state 'start'
[16:16:06.511] [bmv2] [D] [thread 4368] [17.0] [cxt 0] Extracting header 'ethernet'
[16:16:06.511] [bmv2] [D] [thread 4368] [17.0] [cxt 0] Parser state 'start': key is 86dd
[16:16:06.511] [bmv2] [T] [thread 4368] [17.0] [cxt 0] Bytes parsed: 14
[16:16:06.511] [bmv2] [D] [thread 4368] [17.0] [cxt 0] Parser 'parser': end
[16:16:06.511] [bmv2] [D] [thread 4368] [17.0] [cxt 0] Pipeline 'ingress': start
[16:16:06.511] [bmv2] [T] [thread 4368] [17.0] [cxt 0] basic.p4(114) Condition "hdr.ipv4.isValid()" (node_2) is false
[16:16:06.511] [bmv2] [D] [thread 4368] [17.0] [cxt 0] Pipeline 'ingress': end
[16:16:06.511] [bmv2] [D] [thread 4368] [17.0] [cxt 0] Egress port is 0
[16:16:06.511] [bmv2] [D] [thread 4369] [17.0] [cxt 0] Pipeline 'egress': start
[16:16:06.511] [bmv2] [D] [thread 4369] [17.0] [cxt 0] Pipeline 'egress': end
[16:16:06.511] [bmv2] [D] [thread 4369] [17.0] [cxt 0] Deparser 'deparser': start
[16:16:06.511] [bmv2] [T] [thread 4369] [17.0] [cxt 0] Skipping checksum 'cksum' update because condition not met
[16:16:06.511] [bmv2] [D] [thread 4369] [17.0] [cxt 0] Deparsing header 'ethernet'
[16:16:06.511] [bmv2] [D] [thread 4369] [17.0] [cxt 0] Deparser 'deparser': end
[16:16:06.511] [bmv2] [D] [thread 4373] [17.0] [cxt 0] Transmitting packet of size 90 out of port 0
[16:16:06.559] [bmv2] [D] [thread 4368] [18.0] [cxt 0] Processing packet received on port 1
[16:16:06.559] [bmv2] [D] [thread 4368] [18.0] [cxt 0] Parser 'parser': start
[16:16:06.559] [bmv2] [D] [thread 4368] [18.0] [cxt 0] Parser 'parser' entering state 'start'
[16:16:06.559] [bmv2] [D] [thread 4368] [18.0] [cxt 0] Extracting header 'ethernet'
[16:16:06.559] [bmv2] [D] [thread 4368] [18.0] [cxt 0] Parser state 'start': key is 86dd
[16:16:06.559] [bmv2] [T] [thread 4368] [18.0] [cxt 0] Bytes parsed: 14
[16:16:06.559] [bmv2] [D] [thread 4368] [18.0] [cxt 0] Parser 'parser': end
[16:16:06.559] [bmv2] [D] [thread 4368] [18.0] [cxt 0] Pipeline 'ingress': start
[16:16:06.559] [bmv2] [T] [thread 4368] [18.0] [cxt 0] basic.p4(114) Condition "hdr.ipv4.isValid()" (node_2) is false
[16:16:06.559] [bmv2] [D] [thread 4368] [18.0] [cxt 0] Pipeline 'ingress': end
[16:16:06.559] [bmv2] [D] [thread 4368] [18.0] [cxt 0] Egress port is 0
[16:16:06.559] [bmv2] [D] [thread 4368] [19.0] [cxt 0] Processing packet received on port 1
[16:16:06.559] [bmv2] [D] [thread 4368] [19.0] [cxt 0] Parser 'parser': start
[16:16:06.559] [bmv2] [D] [thread 4368] [19.0] [cxt 0] Parser 'parser' entering state 'start'
[16:16:06.559] [bmv2] [D] [thread 4368] [19.0] [cxt 0] Extracting header 'ethernet'
[16:16:06.559] [bmv2] [D] [thread 4368] [19.0] [cxt 0] Parser state 'start': key is 86dd
[16:16:06.559] [bmv2] [T] [thread 4368] [19.0] [cxt 0] Bytes parsed: 14
[16:16:06.559] [bmv2] [D] [thread 4368] [19.0] [cxt 0] Parser 'parser': end
[16:16:06.559] [bmv2] [D] [thread 4368] [19.0] [cxt 0] Pipeline 'ingress': start
[16:16:06.559] [bmv2] [T] [thread 4368] [19.0] [cxt 0] basic.p4(114) Condition "hdr.ipv4.isValid()" (node_2) is false
[16:16:06.559] [bmv2] [D] [thread 4368] [19.0] [cxt 0] Pipeline 'ingress': end
[16:16:06.559] [bmv2] [D] [thread 4368] [19.0] [cxt 0] Egress port is 0
[16:16:06.559] [bmv2] [D] [thread 4369] [18.0] [cxt 0] Pipeline 'egress': start
[16:16:06.559] [bmv2] [D] [thread 4369] [18.0] [cxt 0] Pipeline 'egress': end
[16:16:06.559] [bmv2] [D] [thread 4369] [18.0] [cxt 0] Deparser 'deparser': start
[16:16:06.559] [bmv2] [T] [thread 4369] [18.0] [cxt 0] Skipping checksum 'cksum' update because condition not met
[16:16:06.559] [bmv2] [D] [thread 4369] [18.0] [cxt 0] Deparsing header 'ethernet'
[16:16:06.559] [bmv2] [D] [thread 4369] [18.0] [cxt 0] Deparser 'deparser': end
[16:16:06.559] [bmv2] [D] [thread 4369] [19.0] [cxt 0] Pipeline 'egress': start
[16:16:06.559] [bmv2] [D] [thread 4369] [19.0] [cxt 0] Pipeline 'egress': end
[16:16:06.559] [bmv2] [D] [thread 4369] [19.0] [cxt 0] Deparser 'deparser': start
[16:16:06.559] [bmv2] [T] [thread 4369] [19.0] [cxt 0] Skipping checksum 'cksum' update because condition not met
[16:16:06.559] [bmv2] [D] [thread 4369] [19.0] [cxt 0] Deparsing header 'ethernet'
[16:16:06.559] [bmv2] [D] [thread 4369] [19.0] [cxt 0] Deparser 'deparser': end
[16:16:06.559] [bmv2] [D] [thread 4373] [18.0] [cxt 0] Transmitting packet of size 211 out of port 0
[16:16:06.560] [bmv2] [D] [thread 4373] [19.0] [cxt 0] Transmitting packet of size 113 out of port 0
[16:16:06.590] [bmv2] [D] [thread 4368] [20.0] [cxt 0] Processing packet received on port 2
[16:16:06.590] [bmv2] [D] [thread 4368] [20.0] [cxt 0] Parser 'parser': start
[16:16:06.590] [bmv2] [D] [thread 4368] [20.0] [cxt 0] Parser 'parser' entering state 'start'
[16:16:06.590] [bmv2] [D] [thread 4368] [20.0] [cxt 0] Extracting header 'ethernet'
[16:16:06.590] [bmv2] [D] [thread 4368] [20.0] [cxt 0] Parser state 'start': key is 86dd
[16:16:06.590] [bmv2] [T] [thread 4368] [20.0] [cxt 0] Bytes parsed: 14
[16:16:06.590] [bmv2] [D] [thread 4368] [20.0] [cxt 0] Parser 'parser': end
[16:16:06.590] [bmv2] [D] [thread 4368] [20.0] [cxt 0] Pipeline 'ingress': start
[16:16:06.590] [bmv2] [T] [thread 4368] [20.0] [cxt 0] basic.p4(114) Condition "hdr.ipv4.isValid()" (node_2) is false
[16:16:06.590] [bmv2] [D] [thread 4368] [20.0] [cxt 0] Pipeline 'ingress': end
[16:16:06.590] [bmv2] [D] [thread 4368] [20.0] [cxt 0] Egress port is 0
[16:16:06.590] [bmv2] [D] [thread 4368] [21.0] [cxt 0] Processing packet received on port 2
[16:16:06.590] [bmv2] [D] [thread 4368] [21.0] [cxt 0] Parser 'parser': start
[16:16:06.590] [bmv2] [D] [thread 4368] [21.0] [cxt 0] Parser 'parser' entering state 'start'
[16:16:06.590] [bmv2] [D] [thread 4368] [21.0] [cxt 0] Extracting header 'ethernet'
[16:16:06.590] [bmv2] [D] [thread 4368] [21.0] [cxt 0] Parser state 'start': key is 86dd
[16:16:06.590] [bmv2] [T] [thread 4368] [21.0] [cxt 0] Bytes parsed: 14
[16:16:06.590] [bmv2] [D] [thread 4368] [21.0] [cxt 0] Parser 'parser': end
[16:16:06.590] [bmv2] [D] [thread 4368] [21.0] [cxt 0] Pipeline 'ingress': start
[16:16:06.590] [bmv2] [T] [thread 4368] [21.0] [cxt 0] basic.p4(114) Condition "hdr.ipv4.isValid()" (node_2) is false
[16:16:06.590] [bmv2] [D] [thread 4368] [21.0] [cxt 0] Pipeline 'ingress': end
[16:16:06.590] [bmv2] [D] [thread 4368] [21.0] [cxt 0] Egress port is 0
[16:16:06.590] [bmv2] [D] [thread 4369] [20.0] [cxt 0] Pipeline 'egress': start
[16:16:06.590] [bmv2] [D] [thread 4369] [20.0] [cxt 0] Pipeline 'egress': end
[16:16:06.590] [bmv2] [D] [thread 4369] [20.0] [cxt 0] Deparser 'deparser': start
[16:16:06.591] [bmv2] [T] [thread 4369] [20.0] [cxt 0] Skipping checksum 'cksum' update because condition not met
[16:16:06.591] [bmv2] [D] [thread 4369] [20.0] [cxt 0] Deparsing header 'ethernet'
[16:16:06.591] [bmv2] [D] [thread 4369] [20.0] [cxt 0] Deparser 'deparser': end
[16:16:06.591] [bmv2] [D] [thread 4369] [21.0] [cxt 0] Pipeline 'egress': start
[16:16:06.591] [bmv2] [D] [thread 4369] [21.0] [cxt 0] Pipeline 'egress': end
[16:16:06.591] [bmv2] [D] [thread 4369] [21.0] [cxt 0] Deparser 'deparser': start
[16:16:06.591] [bmv2] [T] [thread 4369] [21.0] [cxt 0] Skipping checksum 'cksum' update because condition not met
[16:16:06.591] [bmv2] [D] [thread 4369] [21.0] [cxt 0] Deparsing header 'ethernet'
[16:16:06.591] [bmv2] [D] [thread 4369] [21.0] [cxt 0] Deparser 'deparser': end
[16:16:06.591] [bmv2] [D] [thread 4373] [20.0] [cxt 0] Transmitting packet of size 211 out of port 0
[16:16:06.591] [bmv2] [D] [thread 4373] [21.0] [cxt 0] Transmitting packet of size 113 out of port 0
[16:16:06.703] [bmv2] [D] [thread 4368] [22.0] [cxt 0] Processing packet received on port 1
[16:16:06.703] [bmv2] [D] [thread 4368] [22.0] [cxt 0] Parser 'parser': start
[16:16:06.703] [bmv2] [D] [thread 4368] [22.0] [cxt 0] Parser 'parser' entering state 'start'
[16:16:06.703] [bmv2] [D] [thread 4368] [22.0] [cxt 0] Extracting header 'ethernet'
[16:16:06.703] [bmv2] [D] [thread 4368] [22.0] [cxt 0] Parser state 'start': key is 86dd
[16:16:06.703] [bmv2] [T] [thread 4368] [22.0] [cxt 0] Bytes parsed: 14
[16:16:06.703] [bmv2] [D] [thread 4368] [22.0] [cxt 0] Parser 'parser': end
[16:16:06.703] [bmv2] [D] [thread 4368] [22.0] [cxt 0] Pipeline 'ingress': start
[16:16:06.703] [bmv2] [T] [thread 4368] [22.0] [cxt 0] basic.p4(114) Condition "hdr.ipv4.isValid()" (node_2) is false
[16:16:06.703] [bmv2] [D] [thread 4368] [22.0] [cxt 0] Pipeline 'ingress': end
[16:16:06.703] [bmv2] [D] [thread 4368] [22.0] [cxt 0] Egress port is 0
[16:16:06.703] [bmv2] [D] [thread 4369] [22.0] [cxt 0] Pipeline 'egress': start
[16:16:06.703] [bmv2] [D] [thread 4369] [22.0] [cxt 0] Pipeline 'egress': end
[16:16:06.703] [bmv2] [D] [thread 4369] [22.0] [cxt 0] Deparser 'deparser': start
[16:16:06.703] [bmv2] [T] [thread 4369] [22.0] [cxt 0] Skipping checksum 'cksum' update because condition not met
[16:16:06.703] [bmv2] [D] [thread 4369] [22.0] [cxt 0] Deparsing header 'ethernet'
[16:16:06.703] [bmv2] [D] [thread 4369] [22.0] [cxt 0] Deparser 'deparser': end
[16:16:06.703] [bmv2] [D] [thread 4373] [22.0] [cxt 0] Transmitting packet of size 110 out of port 0
[16:16:06.759] [bmv2] [D] [thread 4368] [23.0] [cxt 0] Processing packet received on port 1
[16:16:06.759] [bmv2] [D] [thread 4368] [23.0] [cxt 0] Parser 'parser': start
[16:16:06.759] [bmv2] [D] [thread 4368] [23.0] [cxt 0] Parser 'parser' entering state 'start'
[16:16:06.759] [bmv2] [D] [thread 4368] [23.0] [cxt 0] Extracting header 'ethernet'
[16:16:06.759] [bmv2] [D] [thread 4368] [23.0] [cxt 0] Parser state 'start': key is 86dd
[16:16:06.759] [bmv2] [T] [thread 4368] [23.0] [cxt 0] Bytes parsed: 14
[16:16:06.759] [bmv2] [D] [thread 4368] [23.0] [cxt 0] Parser 'parser': end
[16:16:06.759] [bmv2] [D] [thread 4368] [23.0] [cxt 0] Pipeline 'ingress': start
[16:16:06.759] [bmv2] [T] [thread 4368] [23.0] [cxt 0] basic.p4(114) Condition "hdr.ipv4.isValid()" (node_2) is false
[16:16:06.759] [bmv2] [D] [thread 4368] [23.0] [cxt 0] Pipeline 'ingress': end
[16:16:06.759] [bmv2] [D] [thread 4368] [23.0] [cxt 0] Egress port is 0
[16:16:06.759] [bmv2] [D] [thread 4369] [23.0] [cxt 0] Pipeline 'egress': start
[16:16:06.759] [bmv2] [D] [thread 4369] [23.0] [cxt 0] Pipeline 'egress': end
[16:16:06.759] [bmv2] [D] [thread 4369] [23.0] [cxt 0] Deparser 'deparser': start
[16:16:06.759] [bmv2] [T] [thread 4369] [23.0] [cxt 0] Skipping checksum 'cksum' update because condition not met
[16:16:06.759] [bmv2] [D] [thread 4369] [23.0] [cxt 0] Deparsing header 'ethernet'
[16:16:06.759] [bmv2] [D] [thread 4369] [23.0] [cxt 0] Deparser 'deparser': end
[16:16:06.759] [bmv2] [D] [thread 4373] [23.0] [cxt 0] Transmitting packet of size 199 out of port 0
[16:16:06.791] [bmv2] [D] [thread 4368] [24.0] [cxt 0] Processing packet received on port 2
[16:16:06.791] [bmv2] [D] [thread 4368] [24.0] [cxt 0] Parser 'parser': start
[16:16:06.791] [bmv2] [D] [thread 4368] [24.0] [cxt 0] Parser 'parser' entering state 'start'
[16:16:06.791] [bmv2] [D] [thread 4368] [24.0] [cxt 0] Extracting header 'ethernet'
[16:16:06.791] [bmv2] [D] [thread 4368] [24.0] [cxt 0] Parser state 'start': key is 86dd
[16:16:06.791] [bmv2] [T] [thread 4368] [24.0] [cxt 0] Bytes parsed: 14
[16:16:06.791] [bmv2] [D] [thread 4368] [24.0] [cxt 0] Parser 'parser': end
[16:16:06.791] [bmv2] [D] [thread 4368] [24.0] [cxt 0] Pipeline 'ingress': start
[16:16:06.791] [bmv2] [T] [thread 4368] [24.0] [cxt 0] basic.p4(114) Condition "hdr.ipv4.isValid()" (node_2) is false
[16:16:06.791] [bmv2] [D] [thread 4368] [24.0] [cxt 0] Pipeline 'ingress': end
[16:16:06.791] [bmv2] [D] [thread 4368] [24.0] [cxt 0] Egress port is 0
[16:16:06.791] [bmv2] [D] [thread 4369] [24.0] [cxt 0] Pipeline 'egress': start
[16:16:06.791] [bmv2] [D] [thread 4369] [24.0] [cxt 0] Pipeline 'egress': end
[16:16:06.791] [bmv2] [D] [thread 4369] [24.0] [cxt 0] Deparser 'deparser': start
[16:16:06.791] [bmv2] [T] [thread 4369] [24.0] [cxt 0] Skipping checksum 'cksum' update because condition not met
[16:16:06.791] [bmv2] [D] [thread 4369] [24.0] [cxt 0] Deparsing header 'ethernet'
[16:16:06.791] [bmv2] [D] [thread 4369] [24.0] [cxt 0] Deparser 'deparser': end
[16:16:06.791] [bmv2] [D] [thread 4373] [24.0] [cxt 0] Transmitting packet of size 199 out of port 0
[16:16:06.863] [bmv2] [D] [thread 4368] [25.0] [cxt 0] Processing packet received on port 1
[16:16:06.863] [bmv2] [D] [thread 4368] [25.0] [cxt 0] Parser 'parser': start
[16:16:06.863] [bmv2] [D] [thread 4368] [25.0] [cxt 0] Parser 'parser' entering state 'start'
[16:16:06.863] [bmv2] [D] [thread 4368] [25.0] [cxt 0] Extracting header 'ethernet'
[16:16:06.863] [bmv2] [D] [thread 4368] [25.0] [cxt 0] Parser state 'start': key is 86dd
[16:16:06.863] [bmv2] [T] [thread 4368] [25.0] [cxt 0] Bytes parsed: 14
[16:16:06.863] [bmv2] [D] [thread 4368] [25.0] [cxt 0] Parser 'parser': end
[16:16:06.863] [bmv2] [D] [thread 4368] [25.0] [cxt 0] Pipeline 'ingress': start
[16:16:06.863] [bmv2] [T] [thread 4368] [25.0] [cxt 0] basic.p4(114) Condition "hdr.ipv4.isValid()" (node_2) is false
[16:16:06.863] [bmv2] [D] [thread 4368] [25.0] [cxt 0] Pipeline 'ingress': end
[16:16:06.863] [bmv2] [D] [thread 4368] [25.0] [cxt 0] Egress port is 0
[16:16:06.863] [bmv2] [D] [thread 4369] [25.0] [cxt 0] Pipeline 'egress': start
[16:16:06.863] [bmv2] [D] [thread 4369] [25.0] [cxt 0] Pipeline 'egress': end
[16:16:06.863] [bmv2] [D] [thread 4369] [25.0] [cxt 0] Deparser 'deparser': start
[16:16:06.863] [bmv2] [T] [thread 4369] [25.0] [cxt 0] Skipping checksum 'cksum' update because condition not met
[16:16:06.863] [bmv2] [D] [thread 4369] [25.0] [cxt 0] Deparsing header 'ethernet'
[16:16:06.863] [bmv2] [D] [thread 4369] [25.0] [cxt 0] Deparser 'deparser': end
[16:16:06.863] [bmv2] [D] [thread 4373] [25.0] [cxt 0] Transmitting packet of size 90 out of port 0
[16:16:06.941] [bmv2] [D] [thread 4368] [26.0] [cxt 0] Processing packet received on port 1
[16:16:06.941] [bmv2] [D] [thread 4368] [26.0] [cxt 0] Parser 'parser': start
[16:16:06.941] [bmv2] [D] [thread 4368] [26.0] [cxt 0] Parser 'parser' entering state 'start'
[16:16:06.941] [bmv2] [D] [thread 4368] [26.0] [cxt 0] Extracting header 'ethernet'
[16:16:06.941] [bmv2] [D] [thread 4368] [26.0] [cxt 0] Parser state 'start': key is 86dd
[16:16:06.941] [bmv2] [T] [thread 4368] [26.0] [cxt 0] Bytes parsed: 14
[16:16:06.941] [bmv2] [D] [thread 4368] [26.0] [cxt 0] Parser 'parser': end
[16:16:06.941] [bmv2] [D] [thread 4368] [26.0] [cxt 0] Pipeline 'ingress': start
[16:16:06.941] [bmv2] [T] [thread 4368] [26.0] [cxt 0] basic.p4(114) Condition "hdr.ipv4.isValid()" (node_2) is false
[16:16:06.941] [bmv2] [D] [thread 4368] [26.0] [cxt 0] Pipeline 'ingress': end
[16:16:06.941] [bmv2] [D] [thread 4368] [26.0] [cxt 0] Egress port is 0
[16:16:06.941] [bmv2] [D] [thread 4369] [26.0] [cxt 0] Pipeline 'egress': start
[16:16:06.941] [bmv2] [D] [thread 4369] [26.0] [cxt 0] Pipeline 'egress': end
[16:16:06.941] [bmv2] [D] [thread 4369] [26.0] [cxt 0] Deparser 'deparser': start
[16:16:06.941] [bmv2] [T] [thread 4369] [26.0] [cxt 0] Skipping checksum 'cksum' update because condition not met
[16:16:06.941] [bmv2] [D] [thread 4369] [26.0] [cxt 0] Deparsing header 'ethernet'
[16:16:06.941] [bmv2] [D] [thread 4369] [26.0] [cxt 0] Deparser 'deparser': end
[16:16:06.941] [bmv2] [D] [thread 4373] [26.0] [cxt 0] Transmitting packet of size 107 out of port 0
[16:16:06.973] [bmv2] [D] [thread 4368] [27.0] [cxt 0] Processing packet received on port 2
[16:16:06.973] [bmv2] [D] [thread 4368] [27.0] [cxt 0] Parser 'parser': start
[16:16:06.973] [bmv2] [D] [thread 4368] [27.0] [cxt 0] Parser 'parser' entering state 'start'
[16:16:06.973] [bmv2] [D] [thread 4368] [27.0] [cxt 0] Extracting header 'ethernet'
[16:16:06.973] [bmv2] [D] [thread 4368] [27.0] [cxt 0] Parser state 'start': key is 86dd
[16:16:06.973] [bmv2] [T] [thread 4368] [27.0] [cxt 0] Bytes parsed: 14
[16:16:06.973] [bmv2] [D] [thread 4368] [27.0] [cxt 0] Parser 'parser': end
[16:16:06.973] [bmv2] [D] [thread 4368] [27.0] [cxt 0] Pipeline 'ingress': start
[16:16:06.973] [bmv2] [T] [thread 4368] [27.0] [cxt 0] basic.p4(114) Condition "hdr.ipv4.isValid()" (node_2) is false
[16:16:06.973] [bmv2] [D] [thread 4368] [27.0] [cxt 0] Pipeline 'ingress': end
[16:16:06.973] [bmv2] [D] [thread 4368] [27.0] [cxt 0] Egress port is 0
[16:16:06.973] [bmv2] [D] [thread 4369] [27.0] [cxt 0] Pipeline 'egress': start
[16:16:06.973] [bmv2] [D] [thread 4369] [27.0] [cxt 0] Pipeline 'egress': end
[16:16:06.973] [bmv2] [D] [thread 4369] [27.0] [cxt 0] Deparser 'deparser': start
[16:16:06.973] [bmv2] [T] [thread 4369] [27.0] [cxt 0] Skipping checksum 'cksum' update because condition not met
[16:16:06.973] [bmv2] [D] [thread 4369] [27.0] [cxt 0] Deparsing header 'ethernet'
[16:16:06.973] [bmv2] [D] [thread 4369] [27.0] [cxt 0] Deparser 'deparser': end
[16:16:06.974] [bmv2] [D] [thread 4373] [27.0] [cxt 0] Transmitting packet of size 107 out of port 0
[16:16:07.061] [bmv2] [D] [thread 4368] [28.0] [cxt 0] Processing packet received on port 1
[16:16:07.061] [bmv2] [D] [thread 4368] [28.0] [cxt 0] Parser 'parser': start
[16:16:07.061] [bmv2] [D] [thread 4368] [28.0] [cxt 0] Parser 'parser' entering state 'start'
[16:16:07.061] [bmv2] [D] [thread 4368] [28.0] [cxt 0] Extracting header 'ethernet'
[16:16:07.061] [bmv2] [D] [thread 4368] [28.0] [cxt 0] Parser state 'start': key is 86dd
[16:16:07.061] [bmv2] [T] [thread 4368] [28.0] [cxt 0] Bytes parsed: 14
[16:16:07.061] [bmv2] [D] [thread 4368] [28.0] [cxt 0] Parser 'parser': end
[16:16:07.061] [bmv2] [D] [thread 4368] [28.0] [cxt 0] Pipeline 'ingress': start
[16:16:07.061] [bmv2] [T] [thread 4368] [28.0] [cxt 0] basic.p4(114) Condition "hdr.ipv4.isValid()" (node_2) is false
[16:16:07.061] [bmv2] [D] [thread 4368] [28.0] [cxt 0] Pipeline 'ingress': end
[16:16:07.061] [bmv2] [D] [thread 4368] [28.0] [cxt 0] Egress port is 0
[16:16:07.061] [bmv2] [D] [thread 4369] [28.0] [cxt 0] Pipeline 'egress': start
[16:16:07.061] [bmv2] [D] [thread 4369] [28.0] [cxt 0] Pipeline 'egress': end
[16:16:07.061] [bmv2] [D] [thread 4369] [28.0] [cxt 0] Deparser 'deparser': start
[16:16:07.061] [bmv2] [T] [thread 4369] [28.0] [cxt 0] Skipping checksum 'cksum' update because condition not met
[16:16:07.061] [bmv2] [D] [thread 4369] [28.0] [cxt 0] Deparsing header 'ethernet'
[16:16:07.061] [bmv2] [D] [thread 4369] [28.0] [cxt 0] Deparser 'deparser': end
[16:16:07.061] [bmv2] [D] [thread 4373] [28.0] [cxt 0] Transmitting packet of size 199 out of port 0
[16:16:07.256] [bmv2] [D] [thread 4368] [29.0] [cxt 0] Processing packet received on port 2
[16:16:07.256] [bmv2] [D] [thread 4368] [29.0] [cxt 0] Parser 'parser': start
[16:16:07.256] [bmv2] [D] [thread 4368] [29.0] [cxt 0] Parser 'parser' entering state 'start'
[16:16:07.256] [bmv2] [D] [thread 4368] [29.0] [cxt 0] Extracting header 'ethernet'
[16:16:07.256] [bmv2] [D] [thread 4368] [29.0] [cxt 0] Parser state 'start': key is 86dd
[16:16:07.256] [bmv2] [T] [thread 4368] [29.0] [cxt 0] Bytes parsed: 14
[16:16:07.256] [bmv2] [D] [thread 4368] [29.0] [cxt 0] Parser 'parser': end
[16:16:07.256] [bmv2] [D] [thread 4368] [29.0] [cxt 0] Pipeline 'ingress': start
[16:16:07.256] [bmv2] [T] [thread 4368] [29.0] [cxt 0] basic.p4(114) Condition "hdr.ipv4.isValid()" (node_2) is false
[16:16:07.256] [bmv2] [D] [thread 4368] [29.0] [cxt 0] Pipeline 'ingress': end
[16:16:07.256] [bmv2] [D] [thread 4368] [29.0] [cxt 0] Egress port is 0
[16:16:07.257] [bmv2] [D] [thread 4369] [29.0] [cxt 0] Pipeline 'egress': start
[16:16:07.257] [bmv2] [D] [thread 4369] [29.0] [cxt 0] Pipeline 'egress': end
[16:16:07.257] [bmv2] [D] [thread 4369] [29.0] [cxt 0] Deparser 'deparser': start
[16:16:07.257] [bmv2] [T] [thread 4369] [29.0] [cxt 0] Skipping checksum 'cksum' update because condition not met
[16:16:07.257] [bmv2] [D] [thread 4369] [29.0] [cxt 0] Deparsing header 'ethernet'
[16:16:07.257] [bmv2] [D] [thread 4369] [29.0] [cxt 0] Deparser 'deparser': end
[16:16:07.257] [bmv2] [D] [thread 4373] [29.0] [cxt 0] Transmitting packet of size 199 out of port 0
[16:16:07.283] [bmv2] [W] [thread 4445] [P4Runtime] p4::tmp::P4DeviceConfig is deprecated
[16:16:07.284] [bmv2] [D] [thread 4445] Set default default entry for table 'MyIngress.ipv4_lpm': MyIngress.drop - 
[16:16:07.284] [bmv2] [D] [thread 4445] simple_switch target has been notified of a config swap
[16:16:07.285] [bmv2] [D] [thread 4446] Set default entry for table 'MyIngress.ipv4_lpm': MyIngress.drop - 
[16:16:07.285] [bmv2] [D] [thread 4445] Entry 0 added to table 'MyIngress.ipv4_lpm'
[16:16:07.285] [bmv2] [D] [thread 4445] Dumping entry 0
Match key:
* hdr.ipv4.dstAddr    : LPM       0a000101/32
Action entry: MyIngress.ipv4_forward - 80000000100,2,

[16:16:07.286] [bmv2] [D] [thread 4446] Entry 1 added to table 'MyIngress.ipv4_lpm'
[16:16:07.286] [bmv2] [D] [thread 4446] Dumping entry 1
Match key:
* hdr.ipv4.dstAddr    : LPM       0a000202/32
Action entry: MyIngress.ipv4_forward - 80000000100,2,

[16:16:07.286] [bmv2] [D] [thread 4445] Entry 2 added to table 'MyIngress.ipv4_lpm'
[16:16:07.286] [bmv2] [D] [thread 4445] Dumping entry 2
Match key:
* hdr.ipv4.dstAddr    : LPM       0a000303/32
Action entry: MyIngress.ipv4_forward - 80000000200,1,

[16:16:07.287] [bmv2] [D] [thread 4446] Entry 3 added to table 'MyIngress.ipv4_lpm'
[16:16:07.287] [bmv2] [D] [thread 4446] Dumping entry 3
Match key:
* hdr.ipv4.dstAddr    : LPM       0a000404/32
Action entry: MyIngress.ipv4_forward - 80000000200,1,

[16:16:07.926] [bmv2] [D] [thread 4368] [30.0] [cxt 0] Processing packet received on port 1
[16:16:07.926] [bmv2] [D] [thread 4368] [30.0] [cxt 0] Parser 'parser': start
[16:16:07.926] [bmv2] [D] [thread 4368] [30.0] [cxt 0] Parser 'parser' entering state 'start'
[16:16:07.926] [bmv2] [D] [thread 4368] [30.0] [cxt 0] Extracting header 'ethernet'
[16:16:07.926] [bmv2] [D] [thread 4368] [30.0] [cxt 0] Parser state 'start': key is 86dd
[16:16:07.926] [bmv2] [T] [thread 4368] [30.0] [cxt 0] Bytes parsed: 14
[16:16:07.926] [bmv2] [D] [thread 4368] [30.0] [cxt 0] Parser 'parser': end
[16:16:07.926] [bmv2] [D] [thread 4368] [30.0] [cxt 0] Pipeline 'ingress': start
[16:16:07.926] [bmv2] [T] [thread 4368] [30.0] [cxt 0] basic.p4(114) Condition "hdr.ipv4.isValid()" (node_2) is false
[16:16:07.926] [bmv2] [D] [thread 4368] [30.0] [cxt 0] Pipeline 'ingress': end
[16:16:07.926] [bmv2] [D] [thread 4368] [30.0] [cxt 0] Egress port is 0
[16:16:07.926] [bmv2] [D] [thread 4369] [30.0] [cxt 0] Pipeline 'egress': start
[16:16:07.926] [bmv2] [D] [thread 4369] [30.0] [cxt 0] Pipeline 'egress': end
[16:16:07.926] [bmv2] [D] [thread 4369] [30.0] [cxt 0] Deparser 'deparser': start
[16:16:07.926] [bmv2] [T] [thread 4369] [30.0] [cxt 0] Skipping checksum 'cksum' update because condition not met
[16:16:07.926] [bmv2] [D] [thread 4369] [30.0] [cxt 0] Deparsing header 'ethernet'
[16:16:07.926] [bmv2] [D] [thread 4369] [30.0] [cxt 0] Deparser 'deparser': end
[16:16:07.926] [bmv2] [D] [thread 4373] [30.0] [cxt 0] Transmitting packet of size 199 out of port 0
[16:16:07.957] [bmv2] [D] [thread 4368] [31.0] [cxt 0] Processing packet received on port 2
[16:16:07.958] [bmv2] [D] [thread 4368] [31.0] [cxt 0] Parser 'parser': start
[16:16:07.958] [bmv2] [D] [thread 4368] [31.0] [cxt 0] Parser 'parser' entering state 'start'
[16:16:07.958] [bmv2] [D] [thread 4368] [31.0] [cxt 0] Extracting header 'ethernet'
[16:16:07.958] [bmv2] [D] [thread 4368] [31.0] [cxt 0] Parser state 'start': key is 86dd
[16:16:07.958] [bmv2] [T] [thread 4368] [31.0] [cxt 0] Bytes parsed: 14
[16:16:07.958] [bmv2] [D] [thread 4368] [31.0] [cxt 0] Parser 'parser': end
[16:16:07.958] [bmv2] [D] [thread 4368] [31.0] [cxt 0] Pipeline 'ingress': start
[16:16:07.958] [bmv2] [T] [thread 4368] [31.0] [cxt 0] basic.p4(114) Condition "hdr.ipv4.isValid()" (node_2) is false
[16:16:07.958] [bmv2] [D] [thread 4368] [31.0] [cxt 0] Pipeline 'ingress': end
[16:16:07.958] [bmv2] [D] [thread 4368] [31.0] [cxt 0] Egress port is 0
[16:16:07.958] [bmv2] [D] [thread 4369] [31.0] [cxt 0] Pipeline 'egress': start
[16:16:07.958] [bmv2] [D] [thread 4369] [31.0] [cxt 0] Pipeline 'egress': end
[16:16:07.958] [bmv2] [D] [thread 4369] [31.0] [cxt 0] Deparser 'deparser': start
[16:16:07.958] [bmv2] [T] [thread 4369] [31.0] [cxt 0] Skipping checksum 'cksum' update because condition not met
[16:16:07.958] [bmv2] [D] [thread 4369] [31.0] [cxt 0] Deparsing header 'ethernet'
[16:16:07.958] [bmv2] [D] [thread 4369] [31.0] [cxt 0] Deparser 'deparser': end
[16:16:07.958] [bmv2] [D] [thread 4373] [31.0] [cxt 0] Transmitting packet of size 199 out of port 0
[16:16:08.077] [bmv2] [D] [thread 4368] [32.0] [cxt 0] Processing packet received on port 1
[16:16:08.077] [bmv2] [D] [thread 4368] [32.0] [cxt 0] Parser 'parser': start
[16:16:08.077] [bmv2] [D] [thread 4368] [32.0] [cxt 0] Parser 'parser' entering state 'start'
[16:16:08.077] [bmv2] [D] [thread 4368] [32.0] [cxt 0] Extracting header 'ethernet'
[16:16:08.077] [bmv2] [D] [thread 4368] [32.0] [cxt 0] Parser state 'start': key is 86dd
[16:16:08.077] [bmv2] [T] [thread 4368] [32.0] [cxt 0] Bytes parsed: 14
[16:16:08.077] [bmv2] [D] [thread 4368] [32.0] [cxt 0] Parser 'parser': end
[16:16:08.077] [bmv2] [D] [thread 4368] [32.0] [cxt 0] Pipeline 'ingress': start
[16:16:08.077] [bmv2] [T] [thread 4368] [32.0] [cxt 0] basic.p4(114) Condition "hdr.ipv4.isValid()" (node_2) is false
[16:16:08.077] [bmv2] [D] [thread 4368] [32.0] [cxt 0] Pipeline 'ingress': end
[16:16:08.077] [bmv2] [D] [thread 4368] [32.0] [cxt 0] Egress port is 0
[16:16:08.077] [bmv2] [D] [thread 4369] [32.0] [cxt 0] Pipeline 'egress': start
[16:16:08.077] [bmv2] [D] [thread 4369] [32.0] [cxt 0] Pipeline 'egress': end
[16:16:08.077] [bmv2] [D] [thread 4369] [32.0] [cxt 0] Deparser 'deparser': start
[16:16:08.077] [bmv2] [T] [thread 4369] [32.0] [cxt 0] Skipping checksum 'cksum' update because condition not met
[16:16:08.077] [bmv2] [D] [thread 4369] [32.0] [cxt 0] Deparsing header 'ethernet'
[16:16:08.077] [bmv2] [D] [thread 4369] [32.0] [cxt 0] Deparser 'deparser': end
[16:16:08.077] [bmv2] [D] [thread 4373] [32.0] [cxt 0] Transmitting packet of size 107 out of port 0
[16:16:08.272] [bmv2] [D] [thread 4368] [33.0] [cxt 0] Processing packet received on port 2
[16:16:08.272] [bmv2] [D] [thread 4368] [33.0] [cxt 0] Parser 'parser': start
[16:16:08.272] [bmv2] [D] [thread 4368] [33.0] [cxt 0] Parser 'parser' entering state 'start'
[16:16:08.272] [bmv2] [D] [thread 4368] [33.0] [cxt 0] Extracting header 'ethernet'
[16:16:08.272] [bmv2] [D] [thread 4368] [33.0] [cxt 0] Parser state 'start': key is 86dd
[16:16:08.272] [bmv2] [T] [thread 4368] [33.0] [cxt 0] Bytes parsed: 14
[16:16:08.272] [bmv2] [D] [thread 4368] [33.0] [cxt 0] Parser 'parser': end
[16:16:08.272] [bmv2] [D] [thread 4368] [33.0] [cxt 0] Pipeline 'ingress': start
[16:16:08.272] [bmv2] [T] [thread 4368] [33.0] [cxt 0] basic.p4(114) Condition "hdr.ipv4.isValid()" (node_2) is false
[16:16:08.272] [bmv2] [D] [thread 4368] [33.0] [cxt 0] Pipeline 'ingress': end
[16:16:08.272] [bmv2] [D] [thread 4368] [33.0] [cxt 0] Egress port is 0
[16:16:08.273] [bmv2] [D] [thread 4369] [33.0] [cxt 0] Pipeline 'egress': start
[16:16:08.273] [bmv2] [D] [thread 4369] [33.0] [cxt 0] Pipeline 'egress': end
[16:16:08.273] [bmv2] [D] [thread 4369] [33.0] [cxt 0] Deparser 'deparser': start
[16:16:08.273] [bmv2] [T] [thread 4369] [33.0] [cxt 0] Skipping checksum 'cksum' update because condition not met
[16:16:08.273] [bmv2] [D] [thread 4369] [33.0] [cxt 0] Deparsing header 'ethernet'
[16:16:08.273] [bmv2] [D] [thread 4369] [33.0] [cxt 0] Deparser 'deparser': end
[16:16:08.273] [bmv2] [D] [thread 4373] [33.0] [cxt 0] Transmitting packet of size 107 out of port 0
[16:16:08.942] [bmv2] [D] [thread 4368] [34.0] [cxt 0] Processing packet received on port 1
[16:16:08.942] [bmv2] [D] [thread 4368] [34.0] [cxt 0] Parser 'parser': start
[16:16:08.942] [bmv2] [D] [thread 4368] [34.0] [cxt 0] Parser 'parser' entering state 'start'
[16:16:08.942] [bmv2] [D] [thread 4368] [34.0] [cxt 0] Extracting header 'ethernet'
[16:16:08.942] [bmv2] [D] [thread 4368] [34.0] [cxt 0] Parser state 'start': key is 86dd
[16:16:08.942] [bmv2] [T] [thread 4368] [34.0] [cxt 0] Bytes parsed: 14
[16:16:08.942] [bmv2] [D] [thread 4368] [34.0] [cxt 0] Parser 'parser': end
[16:16:08.942] [bmv2] [D] [thread 4368] [34.0] [cxt 0] Pipeline 'ingress': start
[16:16:08.942] [bmv2] [T] [thread 4368] [34.0] [cxt 0] basic.p4(114) Condition "hdr.ipv4.isValid()" (node_2) is false
[16:16:08.942] [bmv2] [D] [thread 4368] [34.0] [cxt 0] Pipeline 'ingress': end
[16:16:08.942] [bmv2] [D] [thread 4368] [34.0] [cxt 0] Egress port is 0
[16:16:08.942] [bmv2] [D] [thread 4369] [34.0] [cxt 0] Pipeline 'egress': start
[16:16:08.942] [bmv2] [D] [thread 4369] [34.0] [cxt 0] Pipeline 'egress': end
[16:16:08.942] [bmv2] [D] [thread 4369] [34.0] [cxt 0] Deparser 'deparser': start
[16:16:08.942] [bmv2] [T] [thread 4369] [34.0] [cxt 0] Skipping checksum 'cksum' update because condition not met
[16:16:08.942] [bmv2] [D] [thread 4369] [34.0] [cxt 0] Deparsing header 'ethernet'
[16:16:08.942] [bmv2] [D] [thread 4369] [34.0] [cxt 0] Deparser 'deparser': end
[16:16:08.942] [bmv2] [D] [thread 4373] [34.0] [cxt 0] Transmitting packet of size 107 out of port 0
[16:16:08.974] [bmv2] [D] [thread 4368] [35.0] [cxt 0] Processing packet received on port 2
[16:16:08.974] [bmv2] [D] [thread 4368] [35.0] [cxt 0] Parser 'parser': start
[16:16:08.974] [bmv2] [D] [thread 4368] [35.0] [cxt 0] Parser 'parser' entering state 'start'
[16:16:08.974] [bmv2] [D] [thread 4368] [35.0] [cxt 0] Extracting header 'ethernet'
[16:16:08.974] [bmv2] [D] [thread 4368] [35.0] [cxt 0] Parser state 'start': key is 86dd
[16:16:08.974] [bmv2] [T] [thread 4368] [35.0] [cxt 0] Bytes parsed: 14
[16:16:08.974] [bmv2] [D] [thread 4368] [35.0] [cxt 0] Parser 'parser': end
[16:16:08.974] [bmv2] [D] [thread 4368] [35.0] [cxt 0] Pipeline 'ingress': start
[16:16:08.974] [bmv2] [T] [thread 4368] [35.0] [cxt 0] basic.p4(114) Condition "hdr.ipv4.isValid()" (node_2) is false
[16:16:08.974] [bmv2] [D] [thread 4368] [35.0] [cxt 0] Pipeline 'ingress': end
[16:16:08.974] [bmv2] [D] [thread 4368] [35.0] [cxt 0] Egress port is 0
[16:16:08.974] [bmv2] [D] [thread 4369] [35.0] [cxt 0] Pipeline 'egress': start
[16:16:08.974] [bmv2] [D] [thread 4369] [35.0] [cxt 0] Pipeline 'egress': end
[16:16:08.974] [bmv2] [D] [thread 4369] [35.0] [cxt 0] Deparser 'deparser': start
[16:16:08.974] [bmv2] [T] [thread 4369] [35.0] [cxt 0] Skipping checksum 'cksum' update because condition not met
[16:16:08.974] [bmv2] [D] [thread 4369] [35.0] [cxt 0] Deparsing header 'ethernet'
[16:16:08.974] [bmv2] [D] [thread 4369] [35.0] [cxt 0] Deparser 'deparser': end
[16:16:08.974] [bmv2] [D] [thread 4373] [35.0] [cxt 0] Transmitting packet of size 107 out of port 0
[16:16:08.975] [bmv2] [D] [thread 4368] [36.0] [cxt 0] Processing packet received on port 1
[16:16:08.975] [bmv2] [D] [thread 4368] [36.0] [cxt 0] Parser 'parser': start
[16:16:08.975] [bmv2] [D] [thread 4368] [36.0] [cxt 0] Parser 'parser' entering state 'start'
[16:16:08.975] [bmv2] [D] [thread 4368] [36.0] [cxt 0] Extracting header 'ethernet'
[16:16:08.975] [bmv2] [D] [thread 4368] [36.0] [cxt 0] Parser state 'start': key is 86dd
[16:16:08.975] [bmv2] [T] [thread 4368] [36.0] [cxt 0] Bytes parsed: 14
[16:16:08.975] [bmv2] [D] [thread 4368] [36.0] [cxt 0] Parser 'parser': end
[16:16:08.975] [bmv2] [D] [thread 4368] [36.0] [cxt 0] Pipeline 'ingress': start
[16:16:08.975] [bmv2] [T] [thread 4368] [36.0] [cxt 0] basic.p4(114) Condition "hdr.ipv4.isValid()" (node_2) is false
[16:16:08.975] [bmv2] [D] [thread 4368] [36.0] [cxt 0] Pipeline 'ingress': end
[16:16:08.975] [bmv2] [D] [thread 4368] [36.0] [cxt 0] Egress port is 0
[16:16:08.975] [bmv2] [D] [thread 4369] [36.0] [cxt 0] Pipeline 'egress': start
[16:16:08.975] [bmv2] [D] [thread 4369] [36.0] [cxt 0] Pipeline 'egress': end
[16:16:08.975] [bmv2] [D] [thread 4369] [36.0] [cxt 0] Deparser 'deparser': start
[16:16:08.975] [bmv2] [T] [thread 4369] [36.0] [cxt 0] Skipping checksum 'cksum' update because condition not met
[16:16:08.975] [bmv2] [D] [thread 4369] [36.0] [cxt 0] Deparsing header 'ethernet'
[16:16:08.975] [bmv2] [D] [thread 4369] [36.0] [cxt 0] Deparser 'deparser': end
[16:16:08.975] [bmv2] [D] [thread 4373] [36.0] [cxt 0] Transmitting packet of size 70 out of port 0
[16:16:09.227] [bmv2] [D] [thread 4368] [37.0] [cxt 0] Processing packet received on port 1
[16:16:09.227] [bmv2] [D] [thread 4368] [37.0] [cxt 0] Parser 'parser': start
[16:16:09.227] [bmv2] [D] [thread 4368] [37.0] [cxt 0] Parser 'parser' entering state 'start'
[16:16:09.227] [bmv2] [D] [thread 4368] [37.0] [cxt 0] Extracting header 'ethernet'
[16:16:09.227] [bmv2] [D] [thread 4368] [37.0] [cxt 0] Parser state 'start': key is 86dd
[16:16:09.227] [bmv2] [T] [thread 4368] [37.0] [cxt 0] Bytes parsed: 14
[16:16:09.227] [bmv2] [D] [thread 4368] [37.0] [cxt 0] Parser 'parser': end
[16:16:09.227] [bmv2] [D] [thread 4368] [37.0] [cxt 0] Pipeline 'ingress': start
[16:16:09.227] [bmv2] [T] [thread 4368] [37.0] [cxt 0] basic.p4(114) Condition "hdr.ipv4.isValid()" (node_2) is false
[16:16:09.227] [bmv2] [D] [thread 4368] [37.0] [cxt 0] Pipeline 'ingress': end
[16:16:09.227] [bmv2] [D] [thread 4368] [37.0] [cxt 0] Egress port is 0
[16:16:09.227] [bmv2] [D] [thread 4369] [37.0] [cxt 0] Pipeline 'egress': start
[16:16:09.227] [bmv2] [D] [thread 4369] [37.0] [cxt 0] Pipeline 'egress': end
[16:16:09.227] [bmv2] [D] [thread 4369] [37.0] [cxt 0] Deparser 'deparser': start
[16:16:09.227] [bmv2] [T] [thread 4369] [37.0] [cxt 0] Skipping checksum 'cksum' update because condition not met
[16:16:09.227] [bmv2] [D] [thread 4369] [37.0] [cxt 0] Deparsing header 'ethernet'
[16:16:09.227] [bmv2] [D] [thread 4369] [37.0] [cxt 0] Deparser 'deparser': end
[16:16:09.227] [bmv2] [D] [thread 4373] [37.0] [cxt 0] Transmitting packet of size 199 out of port 0
[16:16:09.231] [bmv2] [D] [thread 4368] [38.0] [cxt 0] Processing packet received on port 2
[16:16:09.231] [bmv2] [D] [thread 4368] [38.0] [cxt 0] Parser 'parser': start
[16:16:09.231] [bmv2] [D] [thread 4368] [38.0] [cxt 0] Parser 'parser' entering state 'start'
[16:16:09.231] [bmv2] [D] [thread 4368] [38.0] [cxt 0] Extracting header 'ethernet'
[16:16:09.231] [bmv2] [D] [thread 4368] [38.0] [cxt 0] Parser state 'start': key is 86dd
[16:16:09.231] [bmv2] [T] [thread 4368] [38.0] [cxt 0] Bytes parsed: 14
[16:16:09.231] [bmv2] [D] [thread 4368] [38.0] [cxt 0] Parser 'parser': end
[16:16:09.231] [bmv2] [D] [thread 4368] [38.0] [cxt 0] Pipeline 'ingress': start
[16:16:09.231] [bmv2] [T] [thread 4368] [38.0] [cxt 0] basic.p4(114) Condition "hdr.ipv4.isValid()" (node_2) is false
[16:16:09.231] [bmv2] [D] [thread 4368] [38.0] [cxt 0] Pipeline 'ingress': end
[16:16:09.231] [bmv2] [D] [thread 4368] [38.0] [cxt 0] Egress port is 0
[16:16:09.231] [bmv2] [D] [thread 4369] [38.0] [cxt 0] Pipeline 'egress': start
[16:16:09.231] [bmv2] [D] [thread 4369] [38.0] [cxt 0] Pipeline 'egress': end
[16:16:09.231] [bmv2] [D] [thread 4369] [38.0] [cxt 0] Deparser 'deparser': start
[16:16:09.231] [bmv2] [T] [thread 4369] [38.0] [cxt 0] Skipping checksum 'cksum' update because condition not met
[16:16:09.231] [bmv2] [D] [thread 4369] [38.0] [cxt 0] Deparsing header 'ethernet'
[16:16:09.231] [bmv2] [D] [thread 4369] [38.0] [cxt 0] Deparser 'deparser': end
[16:16:09.231] [bmv2] [D] [thread 4373] [38.0] [cxt 0] Transmitting packet of size 70 out of port 0
[16:16:09.424] [bmv2] [D] [thread 4368] [39.0] [cxt 0] Processing packet received on port 2
[16:16:09.424] [bmv2] [D] [thread 4368] [39.0] [cxt 0] Parser 'parser': start
[16:16:09.424] [bmv2] [D] [thread 4368] [39.0] [cxt 0] Parser 'parser' entering state 'start'
[16:16:09.424] [bmv2] [D] [thread 4368] [39.0] [cxt 0] Extracting header 'ethernet'
[16:16:09.424] [bmv2] [D] [thread 4368] [39.0] [cxt 0] Parser state 'start': key is 86dd
[16:16:09.424] [bmv2] [T] [thread 4368] [39.0] [cxt 0] Bytes parsed: 14
[16:16:09.424] [bmv2] [D] [thread 4368] [39.0] [cxt 0] Parser 'parser': end
[16:16:09.424] [bmv2] [D] [thread 4368] [39.0] [cxt 0] Pipeline 'ingress': start
[16:16:09.424] [bmv2] [T] [thread 4368] [39.0] [cxt 0] basic.p4(114) Condition "hdr.ipv4.isValid()" (node_2) is false
[16:16:09.424] [bmv2] [D] [thread 4368] [39.0] [cxt 0] Pipeline 'ingress': end
[16:16:09.424] [bmv2] [D] [thread 4368] [39.0] [cxt 0] Egress port is 0
[16:16:09.424] [bmv2] [D] [thread 4369] [39.0] [cxt 0] Pipeline 'egress': start
[16:16:09.424] [bmv2] [D] [thread 4369] [39.0] [cxt 0] Pipeline 'egress': end
[16:16:09.424] [bmv2] [D] [thread 4369] [39.0] [cxt 0] Deparser 'deparser': start
[16:16:09.424] [bmv2] [T] [thread 4369] [39.0] [cxt 0] Skipping checksum 'cksum' update because condition not met
[16:16:09.424] [bmv2] [D] [thread 4369] [39.0] [cxt 0] Deparsing header 'ethernet'
[16:16:09.424] [bmv2] [D] [thread 4369] [39.0] [cxt 0] Deparser 'deparser': end
[16:16:09.424] [bmv2] [D] [thread 4373] [39.0] [cxt 0] Transmitting packet of size 199 out of port 0
[16:16:09.743] [bmv2] [D] [thread 4368] [40.0] [cxt 0] Processing packet received on port 2
[16:16:09.743] [bmv2] [D] [thread 4368] [40.0] [cxt 0] Parser 'parser': start
[16:16:09.743] [bmv2] [D] [thread 4368] [40.0] [cxt 0] Parser 'parser' entering state 'start'
[16:16:09.743] [bmv2] [D] [thread 4368] [40.0] [cxt 0] Extracting header 'ethernet'
[16:16:09.743] [bmv2] [D] [thread 4368] [40.0] [cxt 0] Parser state 'start': key is 86dd
[16:16:09.743] [bmv2] [T] [thread 4368] [40.0] [cxt 0] Bytes parsed: 14
[16:16:09.743] [bmv2] [D] [thread 4368] [40.0] [cxt 0] Parser 'parser': end
[16:16:09.743] [bmv2] [D] [thread 4368] [40.0] [cxt 0] Pipeline 'ingress': start
[16:16:09.743] [bmv2] [T] [thread 4368] [40.0] [cxt 0] basic.p4(114) Condition "hdr.ipv4.isValid()" (node_2) is false
[16:16:09.743] [bmv2] [D] [thread 4368] [40.0] [cxt 0] Pipeline 'ingress': end
[16:16:09.743] [bmv2] [D] [thread 4368] [40.0] [cxt 0] Egress port is 0
[16:16:09.743] [bmv2] [D] [thread 4369] [40.0] [cxt 0] Pipeline 'egress': start
[16:16:09.743] [bmv2] [D] [thread 4369] [40.0] [cxt 0] Pipeline 'egress': end
[16:16:09.743] [bmv2] [D] [thread 4369] [40.0] [cxt 0] Deparser 'deparser': start
[16:16:09.743] [bmv2] [T] [thread 4369] [40.0] [cxt 0] Skipping checksum 'cksum' update because condition not met
[16:16:09.743] [bmv2] [D] [thread 4369] [40.0] [cxt 0] Deparsing header 'ethernet'
[16:16:09.743] [bmv2] [D] [thread 4369] [40.0] [cxt 0] Deparser 'deparser': end
[16:16:09.743] [bmv2] [D] [thread 4373] [40.0] [cxt 0] Transmitting packet of size 70 out of port 0
[16:16:09.999] [bmv2] [D] [thread 4368] [41.0] [cxt 0] Processing packet received on port 1
[16:16:09.999] [bmv2] [D] [thread 4368] [41.0] [cxt 0] Parser 'parser': start
[16:16:09.999] [bmv2] [D] [thread 4368] [41.0] [cxt 0] Parser 'parser' entering state 'start'
[16:16:09.999] [bmv2] [D] [thread 4368] [41.0] [cxt 0] Extracting header 'ethernet'
[16:16:09.999] [bmv2] [D] [thread 4368] [41.0] [cxt 0] Parser state 'start': key is 86dd
[16:16:09.999] [bmv2] [T] [thread 4368] [41.0] [cxt 0] Bytes parsed: 14
[16:16:09.999] [bmv2] [D] [thread 4368] [41.0] [cxt 0] Parser 'parser': end
[16:16:09.999] [bmv2] [D] [thread 4368] [41.0] [cxt 0] Pipeline 'ingress': start
[16:16:09.999] [bmv2] [T] [thread 4368] [41.0] [cxt 0] basic.p4(114) Condition "hdr.ipv4.isValid()" (node_2) is false
[16:16:09.999] [bmv2] [D] [thread 4368] [41.0] [cxt 0] Pipeline 'ingress': end
[16:16:09.999] [bmv2] [D] [thread 4368] [41.0] [cxt 0] Egress port is 0
[16:16:09.999] [bmv2] [D] [thread 4369] [41.0] [cxt 0] Pipeline 'egress': start
[16:16:09.999] [bmv2] [D] [thread 4369] [41.0] [cxt 0] Pipeline 'egress': end
[16:16:09.999] [bmv2] [D] [thread 4369] [41.0] [cxt 0] Deparser 'deparser': start
[16:16:09.999] [bmv2] [T] [thread 4369] [41.0] [cxt 0] Skipping checksum 'cksum' update because condition not met
[16:16:09.999] [bmv2] [D] [thread 4369] [41.0] [cxt 0] Deparsing header 'ethernet'
[16:16:09.999] [bmv2] [D] [thread 4369] [41.0] [cxt 0] Deparser 'deparser': end
[16:16:09.999] [bmv2] [D] [thread 4373] [41.0] [cxt 0] Transmitting packet of size 70 out of port 0
[16:16:10.093] [bmv2] [D] [thread 4368] [42.0] [cxt 0] Processing packet received on port 1
[16:16:10.093] [bmv2] [D] [thread 4368] [42.0] [cxt 0] Parser 'parser': start
[16:16:10.093] [bmv2] [D] [thread 4368] [42.0] [cxt 0] Parser 'parser' entering state 'start'
[16:16:10.093] [bmv2] [D] [thread 4368] [42.0] [cxt 0] Extracting header 'ethernet'
[16:16:10.093] [bmv2] [D] [thread 4368] [42.0] [cxt 0] Parser state 'start': key is 86dd
[16:16:10.093] [bmv2] [T] [thread 4368] [42.0] [cxt 0] Bytes parsed: 14
[16:16:10.093] [bmv2] [D] [thread 4368] [42.0] [cxt 0] Parser 'parser': end
[16:16:10.093] [bmv2] [D] [thread 4368] [42.0] [cxt 0] Pipeline 'ingress': start
[16:16:10.093] [bmv2] [T] [thread 4368] [42.0] [cxt 0] basic.p4(114) Condition "hdr.ipv4.isValid()" (node_2) is false
[16:16:10.093] [bmv2] [D] [thread 4368] [42.0] [cxt 0] Pipeline 'ingress': end
[16:16:10.093] [bmv2] [D] [thread 4368] [42.0] [cxt 0] Egress port is 0
[16:16:10.093] [bmv2] [D] [thread 4369] [42.0] [cxt 0] Pipeline 'egress': start
[16:16:10.093] [bmv2] [D] [thread 4369] [42.0] [cxt 0] Pipeline 'egress': end
[16:16:10.093] [bmv2] [D] [thread 4369] [42.0] [cxt 0] Deparser 'deparser': start
[16:16:10.093] [bmv2] [T] [thread 4369] [42.0] [cxt 0] Skipping checksum 'cksum' update because condition not met
[16:16:10.093] [bmv2] [D] [thread 4369] [42.0] [cxt 0] Deparsing header 'ethernet'
[16:16:10.093] [bmv2] [D] [thread 4369] [42.0] [cxt 0] Deparser 'deparser': end
[16:16:10.093] [bmv2] [D] [thread 4373] [42.0] [cxt 0] Transmitting packet of size 199 out of port 0
[16:16:10.125] [bmv2] [D] [thread 4368] [43.0] [cxt 0] Processing packet received on port 2
[16:16:10.125] [bmv2] [D] [thread 4368] [43.0] [cxt 0] Parser 'parser': start
[16:16:10.125] [bmv2] [D] [thread 4368] [43.0] [cxt 0] Parser 'parser' entering state 'start'
[16:16:10.125] [bmv2] [D] [thread 4368] [43.0] [cxt 0] Extracting header 'ethernet'
[16:16:10.125] [bmv2] [D] [thread 4368] [43.0] [cxt 0] Parser state 'start': key is 86dd
[16:16:10.125] [bmv2] [T] [thread 4368] [43.0] [cxt 0] Bytes parsed: 14
[16:16:10.125] [bmv2] [D] [thread 4368] [43.0] [cxt 0] Parser 'parser': end
[16:16:10.125] [bmv2] [D] [thread 4368] [43.0] [cxt 0] Pipeline 'ingress': start
[16:16:10.125] [bmv2] [T] [thread 4368] [43.0] [cxt 0] basic.p4(114) Condition "hdr.ipv4.isValid()" (node_2) is false
[16:16:10.125] [bmv2] [D] [thread 4368] [43.0] [cxt 0] Pipeline 'ingress': end
[16:16:10.125] [bmv2] [D] [thread 4368] [43.0] [cxt 0] Egress port is 0
[16:16:10.125] [bmv2] [D] [thread 4369] [43.0] [cxt 0] Pipeline 'egress': start
[16:16:10.125] [bmv2] [D] [thread 4369] [43.0] [cxt 0] Pipeline 'egress': end
[16:16:10.125] [bmv2] [D] [thread 4369] [43.0] [cxt 0] Deparser 'deparser': start
[16:16:10.125] [bmv2] [T] [thread 4369] [43.0] [cxt 0] Skipping checksum 'cksum' update because condition not met
[16:16:10.125] [bmv2] [D] [thread 4369] [43.0] [cxt 0] Deparsing header 'ethernet'
[16:16:10.125] [bmv2] [D] [thread 4369] [43.0] [cxt 0] Deparser 'deparser': end
[16:16:10.125] [bmv2] [D] [thread 4373] [43.0] [cxt 0] Transmitting packet of size 199 out of port 0
[16:16:10.144] [bmv2] [D] [thread 4368] [44.0] [cxt 0] Processing packet received on port 2
[16:16:10.144] [bmv2] [D] [thread 4368] [44.0] [cxt 0] Parser 'parser': start
[16:16:10.144] [bmv2] [D] [thread 4368] [44.0] [cxt 0] Parser 'parser' entering state 'start'
[16:16:10.144] [bmv2] [D] [thread 4368] [44.0] [cxt 0] Extracting header 'ethernet'
[16:16:10.144] [bmv2] [D] [thread 4368] [44.0] [cxt 0] Parser state 'start': key is 0800
[16:16:10.144] [bmv2] [T] [thread 4368] [44.0] [cxt 0] Bytes parsed: 14
[16:16:10.144] [bmv2] [D] [thread 4368] [44.0] [cxt 0] Parser 'parser' entering state 'parse_ipv4'
[16:16:10.144] [bmv2] [D] [thread 4368] [44.0] [cxt 0] Extracting header 'ipv4'
[16:16:10.144] [bmv2] [D] [thread 4368] [44.0] [cxt 0] Parser state 'parse_ipv4' has no switch, going to default next state
[16:16:10.144] [bmv2] [T] [thread 4368] [44.0] [cxt 0] Bytes parsed: 34
[16:16:10.144] [bmv2] [D] [thread 4368] [44.0] [cxt 0] Parser 'parser': end
[16:16:10.144] [bmv2] [D] [thread 4368] [44.0] [cxt 0] Pipeline 'ingress': start
[16:16:10.144] [bmv2] [T] [thread 4368] [44.0] [cxt 0] basic.p4(114) Condition "hdr.ipv4.isValid()" (node_2) is true
[16:16:10.144] [bmv2] [T] [thread 4368] [44.0] [cxt 0] Applying table 'MyIngress.ipv4_lpm'
[16:16:10.144] [bmv2] [D] [thread 4368] [44.0] [cxt 0] Looking up key:
* hdr.ipv4.dstAddr    : 0a000404

[16:16:10.144] [bmv2] [D] [thread 4368] [44.0] [cxt 0] Table 'MyIngress.ipv4_lpm': hit with handle 3
[16:16:10.144] [bmv2] [D] [thread 4368] [44.0] [cxt 0] Dumping entry 3
Match key:
* hdr.ipv4.dstAddr    : LPM       0a000404/32
Action entry: MyIngress.ipv4_forward - 80000000200,1,

[16:16:10.144] [bmv2] [D] [thread 4368] [44.0] [cxt 0] Action entry is MyIngress.ipv4_forward - 80000000200,1,
[16:16:10.144] [bmv2] [T] [thread 4368] [44.0] [cxt 0] Action MyIngress.ipv4_forward
[16:16:10.144] [bmv2] [T] [thread 4368] [44.0] [cxt 0] basic.p4(94) Primitive standard_metadata.egress_spec = port
[16:16:10.144] [bmv2] [T] [thread 4368] [44.0] [cxt 0] basic.p4(95) Primitive hdr.ethernet.srcAddr = hdr.ethernet.dstAddr
[16:16:10.144] [bmv2] [T] [thread 4368] [44.0] [cxt 0] basic.p4(96) Primitive hdr.ethernet.dstAddr = dstAddr
[16:16:10.144] [bmv2] [T] [thread 4368] [44.0] [cxt 0] basic.p4(97) Primitive hdr.ipv4.ttl = hdr.ipv4.ttl - 1
[16:16:10.144] [bmv2] [D] [thread 4368] [44.0] [cxt 0] Pipeline 'ingress': end
[16:16:10.144] [bmv2] [D] [thread 4368] [44.0] [cxt 0] Egress port is 1
[16:16:10.144] [bmv2] [D] [thread 4370] [44.0] [cxt 0] Pipeline 'egress': start
[16:16:10.144] [bmv2] [D] [thread 4370] [44.0] [cxt 0] Pipeline 'egress': end
[16:16:10.144] [bmv2] [D] [thread 4370] [44.0] [cxt 0] Deparser 'deparser': start
[16:16:10.144] [bmv2] [D] [thread 4370] [44.0] [cxt 0] Updating checksum 'cksum'
[16:16:10.144] [bmv2] [D] [thread 4370] [44.0] [cxt 0] Deparsing header 'ethernet'
[16:16:10.144] [bmv2] [D] [thread 4370] [44.0] [cxt 0] Deparsing header 'ipv4'
[16:16:10.144] [bmv2] [D] [thread 4370] [44.0] [cxt 0] Deparser 'deparser': end
[16:16:10.144] [bmv2] [D] [thread 4373] [44.0] [cxt 0] Transmitting packet of size 98 out of port 1
[16:16:10.149] [bmv2] [D] [thread 4368] [45.0] [cxt 0] Processing packet received on port 1
[16:16:10.149] [bmv2] [D] [thread 4368] [45.0] [cxt 0] Parser 'parser': start
[16:16:10.149] [bmv2] [D] [thread 4368] [45.0] [cxt 0] Parser 'parser' entering state 'start'
[16:16:10.149] [bmv2] [D] [thread 4368] [45.0] [cxt 0] Extracting header 'ethernet'
[16:16:10.149] [bmv2] [D] [thread 4368] [45.0] [cxt 0] Parser state 'start': key is 0800
[16:16:10.149] [bmv2] [T] [thread 4368] [45.0] [cxt 0] Bytes parsed: 14
[16:16:10.149] [bmv2] [D] [thread 4368] [45.0] [cxt 0] Parser 'parser' entering state 'parse_ipv4'
[16:16:10.149] [bmv2] [D] [thread 4368] [45.0] [cxt 0] Extracting header 'ipv4'
[16:16:10.149] [bmv2] [D] [thread 4368] [45.0] [cxt 0] Parser state 'parse_ipv4' has no switch, going to default next state
[16:16:10.149] [bmv2] [T] [thread 4368] [45.0] [cxt 0] Bytes parsed: 34
[16:16:10.149] [bmv2] [D] [thread 4368] [45.0] [cxt 0] Parser 'parser': end
[16:16:10.149] [bmv2] [D] [thread 4368] [45.0] [cxt 0] Pipeline 'ingress': start
[16:16:10.149] [bmv2] [T] [thread 4368] [45.0] [cxt 0] basic.p4(114) Condition "hdr.ipv4.isValid()" (node_2) is true
[16:16:10.149] [bmv2] [T] [thread 4368] [45.0] [cxt 0] Applying table 'MyIngress.ipv4_lpm'
[16:16:10.149] [bmv2] [D] [thread 4368] [45.0] [cxt 0] Looking up key:
* hdr.ipv4.dstAddr    : 0a000202

[16:16:10.149] [bmv2] [D] [thread 4368] [45.0] [cxt 0] Table 'MyIngress.ipv4_lpm': hit with handle 1
[16:16:10.149] [bmv2] [D] [thread 4368] [45.0] [cxt 0] Dumping entry 1
Match key:
* hdr.ipv4.dstAddr    : LPM       0a000202/32
Action entry: MyIngress.ipv4_forward - 80000000100,2,

[16:16:10.149] [bmv2] [D] [thread 4368] [45.0] [cxt 0] Action entry is MyIngress.ipv4_forward - 80000000100,2,
[16:16:10.149] [bmv2] [T] [thread 4368] [45.0] [cxt 0] Action MyIngress.ipv4_forward
[16:16:10.149] [bmv2] [T] [thread 4368] [45.0] [cxt 0] basic.p4(94) Primitive standard_metadata.egress_spec = port
[16:16:10.149] [bmv2] [T] [thread 4368] [45.0] [cxt 0] basic.p4(95) Primitive hdr.ethernet.srcAddr = hdr.ethernet.dstAddr
[16:16:10.149] [bmv2] [T] [thread 4368] [45.0] [cxt 0] basic.p4(96) Primitive hdr.ethernet.dstAddr = dstAddr
[16:16:10.149] [bmv2] [T] [thread 4368] [45.0] [cxt 0] basic.p4(97) Primitive hdr.ipv4.ttl = hdr.ipv4.ttl - 1
[16:16:10.149] [bmv2] [D] [thread 4368] [45.0] [cxt 0] Pipeline 'ingress': end
[16:16:10.149] [bmv2] [D] [thread 4368] [45.0] [cxt 0] Egress port is 2
[16:16:10.149] [bmv2] [D] [thread 4371] [45.0] [cxt 0] Pipeline 'egress': start
[16:16:10.149] [bmv2] [D] [thread 4371] [45.0] [cxt 0] Pipeline 'egress': end
[16:16:10.149] [bmv2] [D] [thread 4371] [45.0] [cxt 0] Deparser 'deparser': start
[16:16:10.149] [bmv2] [D] [thread 4371] [45.0] [cxt 0] Updating checksum 'cksum'
[16:16:10.149] [bmv2] [D] [thread 4371] [45.0] [cxt 0] Deparsing header 'ethernet'
[16:16:10.149] [bmv2] [D] [thread 4371] [45.0] [cxt 0] Deparsing header 'ipv4'
[16:16:10.149] [bmv2] [D] [thread 4371] [45.0] [cxt 0] Deparser 'deparser': end
[16:16:10.149] [bmv2] [D] [thread 4373] [45.0] [cxt 0] Transmitting packet of size 98 out of port 2
[16:16:10.151] [bmv2] [D] [thread 4368] [46.0] [cxt 0] Processing packet received on port 2
[16:16:10.151] [bmv2] [D] [thread 4368] [46.0] [cxt 0] Parser 'parser': start
[16:16:10.151] [bmv2] [D] [thread 4368] [46.0] [cxt 0] Parser 'parser' entering state 'start'
[16:16:10.151] [bmv2] [D] [thread 4368] [46.0] [cxt 0] Extracting header 'ethernet'
[16:16:10.151] [bmv2] [D] [thread 4368] [46.0] [cxt 0] Parser state 'start': key is 0800
[16:16:10.151] [bmv2] [T] [thread 4368] [46.0] [cxt 0] Bytes parsed: 14
[16:16:10.151] [bmv2] [D] [thread 4368] [46.0] [cxt 0] Parser 'parser' entering state 'parse_ipv4'
[16:16:10.151] [bmv2] [D] [thread 4368] [46.0] [cxt 0] Extracting header 'ipv4'
[16:16:10.151] [bmv2] [D] [thread 4368] [46.0] [cxt 0] Parser state 'parse_ipv4' has no switch, going to default next state
[16:16:10.151] [bmv2] [T] [thread 4368] [46.0] [cxt 0] Bytes parsed: 34
[16:16:10.151] [bmv2] [D] [thread 4368] [46.0] [cxt 0] Parser 'parser': end
[16:16:10.151] [bmv2] [D] [thread 4368] [46.0] [cxt 0] Pipeline 'ingress': start
[16:16:10.151] [bmv2] [T] [thread 4368] [46.0] [cxt 0] basic.p4(114) Condition "hdr.ipv4.isValid()" (node_2) is true
[16:16:10.151] [bmv2] [T] [thread 4368] [46.0] [cxt 0] Applying table 'MyIngress.ipv4_lpm'
[16:16:10.151] [bmv2] [D] [thread 4368] [46.0] [cxt 0] Looking up key:
* hdr.ipv4.dstAddr    : 0a000404

[16:16:10.151] [bmv2] [D] [thread 4368] [46.0] [cxt 0] Table 'MyIngress.ipv4_lpm': hit with handle 3
[16:16:10.151] [bmv2] [D] [thread 4368] [46.0] [cxt 0] Dumping entry 3
Match key:
* hdr.ipv4.dstAddr    : LPM       0a000404/32
Action entry: MyIngress.ipv4_forward - 80000000200,1,

[16:16:10.151] [bmv2] [D] [thread 4368] [46.0] [cxt 0] Action entry is MyIngress.ipv4_forward - 80000000200,1,
[16:16:10.151] [bmv2] [T] [thread 4368] [46.0] [cxt 0] Action MyIngress.ipv4_forward
[16:16:10.151] [bmv2] [T] [thread 4368] [46.0] [cxt 0] basic.p4(94) Primitive standard_metadata.egress_spec = port
[16:16:10.151] [bmv2] [T] [thread 4368] [46.0] [cxt 0] basic.p4(95) Primitive hdr.ethernet.srcAddr = hdr.ethernet.dstAddr
[16:16:10.151] [bmv2] [T] [thread 4368] [46.0] [cxt 0] basic.p4(96) Primitive hdr.ethernet.dstAddr = dstAddr
[16:16:10.151] [bmv2] [T] [thread 4368] [46.0] [cxt 0] basic.p4(97) Primitive hdr.ipv4.ttl = hdr.ipv4.ttl - 1
[16:16:10.151] [bmv2] [D] [thread 4368] [46.0] [cxt 0] Pipeline 'ingress': end
[16:16:10.151] [bmv2] [D] [thread 4368] [46.0] [cxt 0] Egress port is 1
[16:16:10.151] [bmv2] [D] [thread 4370] [46.0] [cxt 0] Pipeline 'egress': start
[16:16:10.151] [bmv2] [D] [thread 4370] [46.0] [cxt 0] Pipeline 'egress': end
[16:16:10.151] [bmv2] [D] [thread 4370] [46.0] [cxt 0] Deparser 'deparser': start
[16:16:10.151] [bmv2] [D] [thread 4370] [46.0] [cxt 0] Updating checksum 'cksum'
[16:16:10.151] [bmv2] [D] [thread 4370] [46.0] [cxt 0] Deparsing header 'ethernet'
[16:16:10.151] [bmv2] [D] [thread 4370] [46.0] [cxt 0] Deparsing header 'ipv4'
[16:16:10.151] [bmv2] [D] [thread 4370] [46.0] [cxt 0] Deparser 'deparser': end
[16:16:10.151] [bmv2] [D] [thread 4373] [46.0] [cxt 0] Transmitting packet of size 98 out of port 1
[16:16:10.151] [bmv2] [D] [thread 4368] [47.0] [cxt 0] Processing packet received on port 1
[16:16:10.151] [bmv2] [D] [thread 4368] [47.0] [cxt 0] Parser 'parser': start
[16:16:10.151] [bmv2] [D] [thread 4368] [47.0] [cxt 0] Parser 'parser' entering state 'start'
[16:16:10.151] [bmv2] [D] [thread 4368] [47.0] [cxt 0] Extracting header 'ethernet'
[16:16:10.151] [bmv2] [D] [thread 4368] [47.0] [cxt 0] Parser state 'start': key is 0800
[16:16:10.151] [bmv2] [T] [thread 4368] [47.0] [cxt 0] Bytes parsed: 14
[16:16:10.151] [bmv2] [D] [thread 4368] [47.0] [cxt 0] Parser 'parser' entering state 'parse_ipv4'
[16:16:10.151] [bmv2] [D] [thread 4368] [47.0] [cxt 0] Extracting header 'ipv4'
[16:16:10.151] [bmv2] [D] [thread 4368] [47.0] [cxt 0] Parser state 'parse_ipv4' has no switch, going to default next state
[16:16:10.151] [bmv2] [T] [thread 4368] [47.0] [cxt 0] Bytes parsed: 34
[16:16:10.151] [bmv2] [D] [thread 4368] [47.0] [cxt 0] Parser 'parser': end
[16:16:10.151] [bmv2] [D] [thread 4368] [47.0] [cxt 0] Pipeline 'ingress': start
[16:16:10.151] [bmv2] [T] [thread 4368] [47.0] [cxt 0] basic.p4(114) Condition "hdr.ipv4.isValid()" (node_2) is true
[16:16:10.151] [bmv2] [T] [thread 4368] [47.0] [cxt 0] Applying table 'MyIngress.ipv4_lpm'
[16:16:10.152] [bmv2] [D] [thread 4368] [47.0] [cxt 0] Looking up key:
* hdr.ipv4.dstAddr    : 0a000202

[16:16:10.152] [bmv2] [D] [thread 4368] [47.0] [cxt 0] Table 'MyIngress.ipv4_lpm': hit with handle 1
[16:16:10.152] [bmv2] [D] [thread 4368] [47.0] [cxt 0] Dumping entry 1
Match key:
* hdr.ipv4.dstAddr    : LPM       0a000202/32
Action entry: MyIngress.ipv4_forward - 80000000100,2,

[16:16:10.152] [bmv2] [D] [thread 4368] [47.0] [cxt 0] Action entry is MyIngress.ipv4_forward - 80000000100,2,
[16:16:10.152] [bmv2] [T] [thread 4368] [47.0] [cxt 0] Action MyIngress.ipv4_forward
[16:16:10.152] [bmv2] [T] [thread 4368] [47.0] [cxt 0] basic.p4(94) Primitive standard_metadata.egress_spec = port
[16:16:10.152] [bmv2] [T] [thread 4368] [47.0] [cxt 0] basic.p4(95) Primitive hdr.ethernet.srcAddr = hdr.ethernet.dstAddr
[16:16:10.152] [bmv2] [T] [thread 4368] [47.0] [cxt 0] basic.p4(96) Primitive hdr.ethernet.dstAddr = dstAddr
[16:16:10.152] [bmv2] [T] [thread 4368] [47.0] [cxt 0] basic.p4(97) Primitive hdr.ipv4.ttl = hdr.ipv4.ttl - 1
[16:16:10.152] [bmv2] [D] [thread 4368] [47.0] [cxt 0] Pipeline 'ingress': end
[16:16:10.152] [bmv2] [D] [thread 4368] [47.0] [cxt 0] Egress port is 2
[16:16:10.152] [bmv2] [D] [thread 4371] [47.0] [cxt 0] Pipeline 'egress': start
[16:16:10.152] [bmv2] [D] [thread 4371] [47.0] [cxt 0] Pipeline 'egress': end
[16:16:10.152] [bmv2] [D] [thread 4371] [47.0] [cxt 0] Deparser 'deparser': start
[16:16:10.152] [bmv2] [D] [thread 4371] [47.0] [cxt 0] Updating checksum 'cksum'
[16:16:10.152] [bmv2] [D] [thread 4371] [47.0] [cxt 0] Deparsing header 'ethernet'
[16:16:10.152] [bmv2] [D] [thread 4371] [47.0] [cxt 0] Deparsing header 'ipv4'
[16:16:10.152] [bmv2] [D] [thread 4371] [47.0] [cxt 0] Deparser 'deparser': end
[16:16:10.152] [bmv2] [D] [thread 4373] [47.0] [cxt 0] Transmitting packet of size 98 out of port 2
[16:16:10.155] [bmv2] [D] [thread 4368] [48.0] [cxt 0] Processing packet received on port 1
[16:16:10.155] [bmv2] [D] [thread 4368] [48.0] [cxt 0] Parser 'parser': start
[16:16:10.155] [bmv2] [D] [thread 4368] [48.0] [cxt 0] Parser 'parser' entering state 'start'
[16:16:10.155] [bmv2] [D] [thread 4368] [48.0] [cxt 0] Extracting header 'ethernet'
[16:16:10.155] [bmv2] [D] [thread 4368] [48.0] [cxt 0] Parser state 'start': key is 0800
[16:16:10.155] [bmv2] [T] [thread 4368] [48.0] [cxt 0] Bytes parsed: 14
[16:16:10.155] [bmv2] [D] [thread 4368] [48.0] [cxt 0] Parser 'parser' entering state 'parse_ipv4'
[16:16:10.155] [bmv2] [D] [thread 4368] [48.0] [cxt 0] Extracting header 'ipv4'
[16:16:10.155] [bmv2] [D] [thread 4368] [48.0] [cxt 0] Parser state 'parse_ipv4' has no switch, going to default next state
[16:16:10.155] [bmv2] [T] [thread 4368] [48.0] [cxt 0] Bytes parsed: 34
[16:16:10.155] [bmv2] [D] [thread 4368] [48.0] [cxt 0] Parser 'parser': end
[16:16:10.155] [bmv2] [D] [thread 4368] [48.0] [cxt 0] Pipeline 'ingress': start
[16:16:10.155] [bmv2] [T] [thread 4368] [48.0] [cxt 0] basic.p4(114) Condition "hdr.ipv4.isValid()" (node_2) is true
[16:16:10.156] [bmv2] [T] [thread 4368] [48.0] [cxt 0] Applying table 'MyIngress.ipv4_lpm'
[16:16:10.156] [bmv2] [D] [thread 4368] [48.0] [cxt 0] Looking up key:
* hdr.ipv4.dstAddr    : 0a000202

[16:16:10.156] [bmv2] [D] [thread 4368] [48.0] [cxt 0] Table 'MyIngress.ipv4_lpm': hit with handle 1
[16:16:10.156] [bmv2] [D] [thread 4368] [48.0] [cxt 0] Dumping entry 1
Match key:
* hdr.ipv4.dstAddr    : LPM       0a000202/32
Action entry: MyIngress.ipv4_forward - 80000000100,2,

[16:16:10.156] [bmv2] [D] [thread 4368] [48.0] [cxt 0] Action entry is MyIngress.ipv4_forward - 80000000100,2,
[16:16:10.156] [bmv2] [T] [thread 4368] [48.0] [cxt 0] Action MyIngress.ipv4_forward
[16:16:10.156] [bmv2] [T] [thread 4368] [48.0] [cxt 0] basic.p4(94) Primitive standard_metadata.egress_spec = port
[16:16:10.156] [bmv2] [T] [thread 4368] [48.0] [cxt 0] basic.p4(95) Primitive hdr.ethernet.srcAddr = hdr.ethernet.dstAddr
[16:16:10.156] [bmv2] [T] [thread 4368] [48.0] [cxt 0] basic.p4(96) Primitive hdr.ethernet.dstAddr = dstAddr
[16:16:10.156] [bmv2] [T] [thread 4368] [48.0] [cxt 0] basic.p4(97) Primitive hdr.ipv4.ttl = hdr.ipv4.ttl - 1
[16:16:10.156] [bmv2] [D] [thread 4368] [48.0] [cxt 0] Pipeline 'ingress': end
[16:16:10.156] [bmv2] [D] [thread 4368] [48.0] [cxt 0] Egress port is 2
[16:16:10.156] [bmv2] [D] [thread 4371] [48.0] [cxt 0] Pipeline 'egress': start
[16:16:10.156] [bmv2] [D] [thread 4371] [48.0] [cxt 0] Pipeline 'egress': end
[16:16:10.156] [bmv2] [D] [thread 4371] [48.0] [cxt 0] Deparser 'deparser': start
[16:16:10.156] [bmv2] [D] [thread 4371] [48.0] [cxt 0] Updating checksum 'cksum'
[16:16:10.156] [bmv2] [D] [thread 4371] [48.0] [cxt 0] Deparsing header 'ethernet'
[16:16:10.156] [bmv2] [D] [thread 4371] [48.0] [cxt 0] Deparsing header 'ipv4'
[16:16:10.156] [bmv2] [D] [thread 4371] [48.0] [cxt 0] Deparser 'deparser': end
[16:16:10.156] [bmv2] [D] [thread 4373] [48.0] [cxt 0] Transmitting packet of size 98 out of port 2
[16:16:10.160] [bmv2] [D] [thread 4368] [49.0] [cxt 0] Processing packet received on port 2
[16:16:10.160] [bmv2] [D] [thread 4368] [49.0] [cxt 0] Parser 'parser': start
[16:16:10.160] [bmv2] [D] [thread 4368] [49.0] [cxt 0] Parser 'parser' entering state 'start'
[16:16:10.160] [bmv2] [D] [thread 4368] [49.0] [cxt 0] Extracting header 'ethernet'
[16:16:10.160] [bmv2] [D] [thread 4368] [49.0] [cxt 0] Parser state 'start': key is 0800
[16:16:10.160] [bmv2] [T] [thread 4368] [49.0] [cxt 0] Bytes parsed: 14
[16:16:10.160] [bmv2] [D] [thread 4368] [49.0] [cxt 0] Parser 'parser' entering state 'parse_ipv4'
[16:16:10.160] [bmv2] [D] [thread 4368] [49.0] [cxt 0] Extracting header 'ipv4'
[16:16:10.160] [bmv2] [D] [thread 4368] [49.0] [cxt 0] Parser state 'parse_ipv4' has no switch, going to default next state
[16:16:10.160] [bmv2] [T] [thread 4368] [49.0] [cxt 0] Bytes parsed: 34
[16:16:10.160] [bmv2] [D] [thread 4368] [49.0] [cxt 0] Parser 'parser': end
[16:16:10.160] [bmv2] [D] [thread 4368] [49.0] [cxt 0] Pipeline 'ingress': start
[16:16:10.160] [bmv2] [T] [thread 4368] [49.0] [cxt 0] basic.p4(114) Condition "hdr.ipv4.isValid()" (node_2) is true
[16:16:10.160] [bmv2] [T] [thread 4368] [49.0] [cxt 0] Applying table 'MyIngress.ipv4_lpm'
[16:16:10.160] [bmv2] [D] [thread 4368] [49.0] [cxt 0] Looking up key:
* hdr.ipv4.dstAddr    : 0a000404

[16:16:10.160] [bmv2] [D] [thread 4368] [49.0] [cxt 0] Table 'MyIngress.ipv4_lpm': hit with handle 3
[16:16:10.160] [bmv2] [D] [thread 4368] [49.0] [cxt 0] Dumping entry 3
Match key:
* hdr.ipv4.dstAddr    : LPM       0a000404/32
Action entry: MyIngress.ipv4_forward - 80000000200,1,

[16:16:10.160] [bmv2] [D] [thread 4368] [49.0] [cxt 0] Action entry is MyIngress.ipv4_forward - 80000000200,1,
[16:16:10.160] [bmv2] [T] [thread 4368] [49.0] [cxt 0] Action MyIngress.ipv4_forward
[16:16:10.160] [bmv2] [T] [thread 4368] [49.0] [cxt 0] basic.p4(94) Primitive standard_metadata.egress_spec = port
[16:16:10.160] [bmv2] [T] [thread 4368] [49.0] [cxt 0] basic.p4(95) Primitive hdr.ethernet.srcAddr = hdr.ethernet.dstAddr
[16:16:10.160] [bmv2] [T] [thread 4368] [49.0] [cxt 0] basic.p4(96) Primitive hdr.ethernet.dstAddr = dstAddr
[16:16:10.160] [bmv2] [T] [thread 4368] [49.0] [cxt 0] basic.p4(97) Primitive hdr.ipv4.ttl = hdr.ipv4.ttl - 1
[16:16:10.160] [bmv2] [D] [thread 4368] [49.0] [cxt 0] Pipeline 'ingress': end
[16:16:10.160] [bmv2] [D] [thread 4368] [49.0] [cxt 0] Egress port is 1
[16:16:10.160] [bmv2] [D] [thread 4370] [49.0] [cxt 0] Pipeline 'egress': start
[16:16:10.160] [bmv2] [D] [thread 4370] [49.0] [cxt 0] Pipeline 'egress': end
[16:16:10.160] [bmv2] [D] [thread 4370] [49.0] [cxt 0] Deparser 'deparser': start
[16:16:10.160] [bmv2] [D] [thread 4370] [49.0] [cxt 0] Updating checksum 'cksum'
[16:16:10.160] [bmv2] [D] [thread 4370] [49.0] [cxt 0] Deparsing header 'ethernet'
[16:16:10.160] [bmv2] [D] [thread 4370] [49.0] [cxt 0] Deparsing header 'ipv4'
[16:16:10.160] [bmv2] [D] [thread 4370] [49.0] [cxt 0] Deparser 'deparser': end
[16:16:10.160] [bmv2] [D] [thread 4373] [49.0] [cxt 0] Transmitting packet of size 98 out of port 1
[16:16:10.162] [bmv2] [D] [thread 4368] [50.0] [cxt 0] Processing packet received on port 1
[16:16:10.162] [bmv2] [D] [thread 4368] [50.0] [cxt 0] Parser 'parser': start
[16:16:10.162] [bmv2] [D] [thread 4368] [50.0] [cxt 0] Parser 'parser' entering state 'start'
[16:16:10.162] [bmv2] [D] [thread 4368] [50.0] [cxt 0] Extracting header 'ethernet'
[16:16:10.162] [bmv2] [D] [thread 4368] [50.0] [cxt 0] Parser state 'start': key is 0800
[16:16:10.162] [bmv2] [T] [thread 4368] [50.0] [cxt 0] Bytes parsed: 14
[16:16:10.162] [bmv2] [D] [thread 4368] [50.0] [cxt 0] Parser 'parser' entering state 'parse_ipv4'
[16:16:10.162] [bmv2] [D] [thread 4368] [50.0] [cxt 0] Extracting header 'ipv4'
[16:16:10.162] [bmv2] [D] [thread 4368] [50.0] [cxt 0] Parser state 'parse_ipv4' has no switch, going to default next state
[16:16:10.162] [bmv2] [T] [thread 4368] [50.0] [cxt 0] Bytes parsed: 34
[16:16:10.162] [bmv2] [D] [thread 4368] [50.0] [cxt 0] Parser 'parser': end
[16:16:10.162] [bmv2] [D] [thread 4368] [50.0] [cxt 0] Pipeline 'ingress': start
[16:16:10.162] [bmv2] [T] [thread 4368] [50.0] [cxt 0] basic.p4(114) Condition "hdr.ipv4.isValid()" (node_2) is true
[16:16:10.162] [bmv2] [T] [thread 4368] [50.0] [cxt 0] Applying table 'MyIngress.ipv4_lpm'
[16:16:10.162] [bmv2] [D] [thread 4368] [50.0] [cxt 0] Looking up key:
* hdr.ipv4.dstAddr    : 0a000202

[16:16:10.162] [bmv2] [D] [thread 4368] [50.0] [cxt 0] Table 'MyIngress.ipv4_lpm': hit with handle 1
[16:16:10.162] [bmv2] [D] [thread 4368] [50.0] [cxt 0] Dumping entry 1
Match key:
* hdr.ipv4.dstAddr    : LPM       0a000202/32
Action entry: MyIngress.ipv4_forward - 80000000100,2,

[16:16:10.162] [bmv2] [D] [thread 4368] [50.0] [cxt 0] Action entry is MyIngress.ipv4_forward - 80000000100,2,
[16:16:10.162] [bmv2] [T] [thread 4368] [50.0] [cxt 0] Action MyIngress.ipv4_forward
[16:16:10.162] [bmv2] [T] [thread 4368] [50.0] [cxt 0] basic.p4(94) Primitive standard_metadata.egress_spec = port
[16:16:10.162] [bmv2] [T] [thread 4368] [50.0] [cxt 0] basic.p4(95) Primitive hdr.ethernet.srcAddr = hdr.ethernet.dstAddr
[16:16:10.162] [bmv2] [T] [thread 4368] [50.0] [cxt 0] basic.p4(96) Primitive hdr.ethernet.dstAddr = dstAddr
[16:16:10.162] [bmv2] [T] [thread 4368] [50.0] [cxt 0] basic.p4(97) Primitive hdr.ipv4.ttl = hdr.ipv4.ttl - 1
[16:16:10.162] [bmv2] [D] [thread 4368] [50.0] [cxt 0] Pipeline 'ingress': end
[16:16:10.162] [bmv2] [D] [thread 4368] [50.0] [cxt 0] Egress port is 2
[16:16:10.162] [bmv2] [D] [thread 4371] [50.0] [cxt 0] Pipeline 'egress': start
[16:16:10.162] [bmv2] [D] [thread 4371] [50.0] [cxt 0] Pipeline 'egress': end
[16:16:10.162] [bmv2] [D] [thread 4371] [50.0] [cxt 0] Deparser 'deparser': start
[16:16:10.162] [bmv2] [D] [thread 4371] [50.0] [cxt 0] Updating checksum 'cksum'
[16:16:10.162] [bmv2] [D] [thread 4371] [50.0] [cxt 0] Deparsing header 'ethernet'
[16:16:10.162] [bmv2] [D] [thread 4371] [50.0] [cxt 0] Deparsing header 'ipv4'
[16:16:10.162] [bmv2] [D] [thread 4371] [50.0] [cxt 0] Deparser 'deparser': end
[16:16:10.162] [bmv2] [D] [thread 4373] [50.0] [cxt 0] Transmitting packet of size 98 out of port 2
[16:16:10.162] [bmv2] [D] [thread 4368] [51.0] [cxt 0] Processing packet received on port 2
[16:16:10.162] [bmv2] [D] [thread 4368] [51.0] [cxt 0] Parser 'parser': start
[16:16:10.162] [bmv2] [D] [thread 4368] [51.0] [cxt 0] Parser 'parser' entering state 'start'
[16:16:10.162] [bmv2] [D] [thread 4368] [51.0] [cxt 0] Extracting header 'ethernet'
[16:16:10.162] [bmv2] [D] [thread 4368] [51.0] [cxt 0] Parser state 'start': key is 0800
[16:16:10.162] [bmv2] [T] [thread 4368] [51.0] [cxt 0] Bytes parsed: 14
[16:16:10.162] [bmv2] [D] [thread 4368] [51.0] [cxt 0] Parser 'parser' entering state 'parse_ipv4'
[16:16:10.162] [bmv2] [D] [thread 4368] [51.0] [cxt 0] Extracting header 'ipv4'
[16:16:10.162] [bmv2] [D] [thread 4368] [51.0] [cxt 0] Parser state 'parse_ipv4' has no switch, going to default next state
[16:16:10.162] [bmv2] [T] [thread 4368] [51.0] [cxt 0] Bytes parsed: 34
[16:16:10.162] [bmv2] [D] [thread 4368] [51.0] [cxt 0] Parser 'parser': end
[16:16:10.162] [bmv2] [D] [thread 4368] [51.0] [cxt 0] Pipeline 'ingress': start
[16:16:10.162] [bmv2] [T] [thread 4368] [51.0] [cxt 0] basic.p4(114) Condition "hdr.ipv4.isValid()" (node_2) is true
[16:16:10.162] [bmv2] [T] [thread 4368] [51.0] [cxt 0] Applying table 'MyIngress.ipv4_lpm'
[16:16:10.162] [bmv2] [D] [thread 4368] [51.0] [cxt 0] Looking up key:
* hdr.ipv4.dstAddr    : 0a000404

[16:16:10.162] [bmv2] [D] [thread 4368] [51.0] [cxt 0] Table 'MyIngress.ipv4_lpm': hit with handle 3
[16:16:10.162] [bmv2] [D] [thread 4368] [51.0] [cxt 0] Dumping entry 3
Match key:
* hdr.ipv4.dstAddr    : LPM       0a000404/32
Action entry: MyIngress.ipv4_forward - 80000000200,1,

[16:16:10.162] [bmv2] [D] [thread 4368] [51.0] [cxt 0] Action entry is MyIngress.ipv4_forward - 80000000200,1,
[16:16:10.162] [bmv2] [T] [thread 4368] [51.0] [cxt 0] Action MyIngress.ipv4_forward
[16:16:10.162] [bmv2] [T] [thread 4368] [51.0] [cxt 0] basic.p4(94) Primitive standard_metadata.egress_spec = port
[16:16:10.162] [bmv2] [T] [thread 4368] [51.0] [cxt 0] basic.p4(95) Primitive hdr.ethernet.srcAddr = hdr.ethernet.dstAddr
[16:16:10.162] [bmv2] [T] [thread 4368] [51.0] [cxt 0] basic.p4(96) Primitive hdr.ethernet.dstAddr = dstAddr
[16:16:10.162] [bmv2] [T] [thread 4368] [51.0] [cxt 0] basic.p4(97) Primitive hdr.ipv4.ttl = hdr.ipv4.ttl - 1
[16:16:10.162] [bmv2] [D] [thread 4368] [51.0] [cxt 0] Pipeline 'ingress': end
[16:16:10.162] [bmv2] [D] [thread 4368] [51.0] [cxt 0] Egress port is 1
[16:16:10.162] [bmv2] [D] [thread 4370] [51.0] [cxt 0] Pipeline 'egress': start
[16:16:10.162] [bmv2] [D] [thread 4370] [51.0] [cxt 0] Pipeline 'egress': end
[16:16:10.162] [bmv2] [D] [thread 4370] [51.0] [cxt 0] Deparser 'deparser': start
[16:16:10.162] [bmv2] [D] [thread 4370] [51.0] [cxt 0] Updating checksum 'cksum'
[16:16:10.162] [bmv2] [D] [thread 4370] [51.0] [cxt 0] Deparsing header 'ethernet'
[16:16:10.162] [bmv2] [D] [thread 4370] [51.0] [cxt 0] Deparsing header 'ipv4'
[16:16:10.162] [bmv2] [D] [thread 4370] [51.0] [cxt 0] Deparser 'deparser': end
[16:16:10.162] [bmv2] [D] [thread 4373] [51.0] [cxt 0] Transmitting packet of size 98 out of port 1
open: No such file or directory
open: No such file or directory
open: No such file or directory
open: No such file or directory
open: No such file or directory
