Calling target program-options parser
[09:37:14.078] [bmv2] [D] [thread 32667] Set default default entry for table 'tbl_basic96': basic96 - 
[09:37:14.078] [bmv2] [D] [thread 32667] Set default default entry for table 'tbl_basic102': basic102 - 
Adding interface s1-eth1 as port 1
[09:37:14.078] [bmv2] [D] [thread 32667] Adding interface s1-eth1 as port 1
Adding interface s1-eth2 as port 2
[09:37:14.134] [bmv2] [D] [thread 32667] Adding interface s1-eth2 as port 2
Server listening on 0.0.0.0:50051
[09:37:14.163] [bmv2] [I] [thread 32667] Starting Thrift server on port 9090
[09:37:14.164] [bmv2] [I] [thread 32667] Thrift server was started
[09:37:14.239] [bmv2] [D] [thread 32678] [0.0] [cxt 0] Processing packet received on port 1
[09:37:14.239] [bmv2] [D] [thread 32678] [0.0] [cxt 0] Parser 'parser': start
[09:37:14.239] [bmv2] [D] [thread 32678] [0.0] [cxt 0] Parser 'parser' entering state 'start'
[09:37:14.239] [bmv2] [D] [thread 32678] [0.0] [cxt 0] Extracting header 'ethernet'
[09:37:14.239] [bmv2] [D] [thread 32678] [0.0] [cxt 0] Parser state 'start': key is 86dd
[09:37:14.239] [bmv2] [T] [thread 32678] [0.0] [cxt 0] Bytes parsed: 14
[09:37:14.239] [bmv2] [D] [thread 32678] [0.0] [cxt 0] Parser 'parser': end
[09:37:14.239] [bmv2] [D] [thread 32678] [0.0] [cxt 0] Pipeline 'ingress': start
[09:37:14.239] [bmv2] [T] [thread 32678] [0.0] [cxt 0] basic.p4(95) Condition "hdr.ipv4.dstAddr == 32w167772417" (node_2) is false
[09:37:14.239] [bmv2] [T] [thread 32678] [0.0] [cxt 0] basic.p4(101) Condition "hdr.ipv4.dstAddr == 32w167772674" (node_4) is false
[09:37:14.239] [bmv2] [D] [thread 32678] [0.0] [cxt 0] Pipeline 'ingress': end
[09:37:14.239] [bmv2] [D] [thread 32678] [0.0] [cxt 0] Egress port is 0
[09:37:14.239] [bmv2] [D] [thread 32679] [0.0] [cxt 0] Pipeline 'egress': start
[09:37:14.239] [bmv2] [D] [thread 32679] [0.0] [cxt 0] Pipeline 'egress': end
[09:37:14.239] [bmv2] [D] [thread 32679] [0.0] [cxt 0] Deparser 'deparser': start
[09:37:14.239] [bmv2] [T] [thread 32679] [0.0] [cxt 0] Skipping checksum 'cksum' update because condition not met
[09:37:14.239] [bmv2] [D] [thread 32679] [0.0] [cxt 0] Deparsing header 'ethernet'
[09:37:14.239] [bmv2] [D] [thread 32679] [0.0] [cxt 0] Deparser 'deparser': end
[09:37:14.240] [bmv2] [D] [thread 32683] [0.0] [cxt 0] Transmitting packet of size 90 out of port 0
[09:37:14.295] [bmv2] [D] [thread 32678] [1.0] [cxt 0] Processing packet received on port 2
[09:37:14.295] [bmv2] [D] [thread 32678] [1.0] [cxt 0] Parser 'parser': start
[09:37:14.295] [bmv2] [D] [thread 32678] [1.0] [cxt 0] Parser 'parser' entering state 'start'
[09:37:14.295] [bmv2] [D] [thread 32678] [1.0] [cxt 0] Extracting header 'ethernet'
[09:37:14.295] [bmv2] [D] [thread 32678] [1.0] [cxt 0] Parser state 'start': key is 86dd
[09:37:14.295] [bmv2] [T] [thread 32678] [1.0] [cxt 0] Bytes parsed: 14
[09:37:14.295] [bmv2] [D] [thread 32678] [1.0] [cxt 0] Parser 'parser': end
[09:37:14.295] [bmv2] [D] [thread 32678] [1.0] [cxt 0] Pipeline 'ingress': start
[09:37:14.295] [bmv2] [T] [thread 32678] [1.0] [cxt 0] basic.p4(95) Condition "hdr.ipv4.dstAddr == 32w167772417" (node_2) is false
[09:37:14.295] [bmv2] [T] [thread 32678] [1.0] [cxt 0] basic.p4(101) Condition "hdr.ipv4.dstAddr == 32w167772674" (node_4) is false
[09:37:14.295] [bmv2] [D] [thread 32678] [1.0] [cxt 0] Pipeline 'ingress': end
[09:37:14.295] [bmv2] [D] [thread 32678] [1.0] [cxt 0] Egress port is 0
[09:37:14.295] [bmv2] [D] [thread 32679] [1.0] [cxt 0] Pipeline 'egress': start
[09:37:14.295] [bmv2] [D] [thread 32679] [1.0] [cxt 0] Pipeline 'egress': end
[09:37:14.295] [bmv2] [D] [thread 32679] [1.0] [cxt 0] Deparser 'deparser': start
[09:37:14.295] [bmv2] [T] [thread 32679] [1.0] [cxt 0] Skipping checksum 'cksum' update because condition not met
[09:37:14.295] [bmv2] [D] [thread 32679] [1.0] [cxt 0] Deparsing header 'ethernet'
[09:37:14.295] [bmv2] [D] [thread 32679] [1.0] [cxt 0] Deparser 'deparser': end
[09:37:14.295] [bmv2] [D] [thread 32683] [1.0] [cxt 0] Transmitting packet of size 90 out of port 0
[09:37:14.831] [bmv2] [D] [thread 32678] [2.0] [cxt 0] Processing packet received on port 1
[09:37:14.831] [bmv2] [D] [thread 32678] [2.0] [cxt 0] Parser 'parser': start
[09:37:14.831] [bmv2] [D] [thread 32678] [2.0] [cxt 0] Parser 'parser' entering state 'start'
[09:37:14.831] [bmv2] [D] [thread 32678] [2.0] [cxt 0] Extracting header 'ethernet'
[09:37:14.831] [bmv2] [D] [thread 32678] [2.0] [cxt 0] Parser state 'start': key is 86dd
[09:37:14.831] [bmv2] [T] [thread 32678] [2.0] [cxt 0] Bytes parsed: 14
[09:37:14.831] [bmv2] [D] [thread 32678] [2.0] [cxt 0] Parser 'parser': end
[09:37:14.831] [bmv2] [D] [thread 32678] [2.0] [cxt 0] Pipeline 'ingress': start
[09:37:14.831] [bmv2] [T] [thread 32678] [2.0] [cxt 0] basic.p4(95) Condition "hdr.ipv4.dstAddr == 32w167772417" (node_2) is false
[09:37:14.831] [bmv2] [T] [thread 32678] [2.0] [cxt 0] basic.p4(101) Condition "hdr.ipv4.dstAddr == 32w167772674" (node_4) is false
[09:37:14.831] [bmv2] [D] [thread 32678] [2.0] [cxt 0] Pipeline 'ingress': end
[09:37:14.831] [bmv2] [D] [thread 32678] [2.0] [cxt 0] Egress port is 0
[09:37:14.831] [bmv2] [D] [thread 32679] [2.0] [cxt 0] Pipeline 'egress': start
[09:37:14.831] [bmv2] [D] [thread 32679] [2.0] [cxt 0] Pipeline 'egress': end
[09:37:14.831] [bmv2] [D] [thread 32679] [2.0] [cxt 0] Deparser 'deparser': start
[09:37:14.831] [bmv2] [T] [thread 32679] [2.0] [cxt 0] Skipping checksum 'cksum' update because condition not met
[09:37:14.831] [bmv2] [D] [thread 32679] [2.0] [cxt 0] Deparsing header 'ethernet'
[09:37:14.831] [bmv2] [D] [thread 32679] [2.0] [cxt 0] Deparser 'deparser': end
[09:37:14.831] [bmv2] [D] [thread 32683] [2.0] [cxt 0] Transmitting packet of size 86 out of port 0
[09:37:15.151] [bmv2] [D] [thread 32678] [3.0] [cxt 0] Processing packet received on port 2
[09:37:15.151] [bmv2] [D] [thread 32678] [3.0] [cxt 0] Parser 'parser': start
[09:37:15.151] [bmv2] [D] [thread 32678] [3.0] [cxt 0] Parser 'parser' entering state 'start'
[09:37:15.151] [bmv2] [D] [thread 32678] [3.0] [cxt 0] Extracting header 'ethernet'
[09:37:15.151] [bmv2] [D] [thread 32678] [3.0] [cxt 0] Parser state 'start': key is 86dd
[09:37:15.151] [bmv2] [T] [thread 32678] [3.0] [cxt 0] Bytes parsed: 14
[09:37:15.151] [bmv2] [D] [thread 32678] [3.0] [cxt 0] Parser 'parser': end
[09:37:15.151] [bmv2] [D] [thread 32678] [3.0] [cxt 0] Pipeline 'ingress': start
[09:37:15.151] [bmv2] [T] [thread 32678] [3.0] [cxt 0] basic.p4(95) Condition "hdr.ipv4.dstAddr == 32w167772417" (node_2) is false
[09:37:15.151] [bmv2] [T] [thread 32678] [3.0] [cxt 0] basic.p4(101) Condition "hdr.ipv4.dstAddr == 32w167772674" (node_4) is false
[09:37:15.151] [bmv2] [D] [thread 32678] [3.0] [cxt 0] Pipeline 'ingress': end
[09:37:15.151] [bmv2] [D] [thread 32678] [3.0] [cxt 0] Egress port is 0
[09:37:15.151] [bmv2] [D] [thread 32678] [4.0] [cxt 0] Processing packet received on port 2
[09:37:15.151] [bmv2] [D] [thread 32678] [4.0] [cxt 0] Parser 'parser': start
[09:37:15.151] [bmv2] [D] [thread 32678] [4.0] [cxt 0] Parser 'parser' entering state 'start'
[09:37:15.151] [bmv2] [D] [thread 32678] [4.0] [cxt 0] Extracting header 'ethernet'
[09:37:15.151] [bmv2] [D] [thread 32678] [4.0] [cxt 0] Parser state 'start': key is 86dd
[09:37:15.151] [bmv2] [T] [thread 32678] [4.0] [cxt 0] Bytes parsed: 14
[09:37:15.151] [bmv2] [D] [thread 32678] [4.0] [cxt 0] Parser 'parser': end
[09:37:15.151] [bmv2] [D] [thread 32678] [4.0] [cxt 0] Pipeline 'ingress': start
[09:37:15.151] [bmv2] [T] [thread 32678] [4.0] [cxt 0] basic.p4(95) Condition "hdr.ipv4.dstAddr == 32w167772417" (node_2) is false
[09:37:15.151] [bmv2] [T] [thread 32678] [4.0] [cxt 0] basic.p4(101) Condition "hdr.ipv4.dstAddr == 32w167772674" (node_4) is false
[09:37:15.151] [bmv2] [D] [thread 32678] [4.0] [cxt 0] Pipeline 'ingress': end
[09:37:15.151] [bmv2] [D] [thread 32678] [4.0] [cxt 0] Egress port is 0
[09:37:15.151] [bmv2] [D] [thread 32679] [3.0] [cxt 0] Pipeline 'egress': start
[09:37:15.151] [bmv2] [D] [thread 32679] [3.0] [cxt 0] Pipeline 'egress': end
[09:37:15.151] [bmv2] [D] [thread 32679] [3.0] [cxt 0] Deparser 'deparser': start
[09:37:15.151] [bmv2] [T] [thread 32679] [3.0] [cxt 0] Skipping checksum 'cksum' update because condition not met
[09:37:15.151] [bmv2] [D] [thread 32679] [3.0] [cxt 0] Deparsing header 'ethernet'
[09:37:15.151] [bmv2] [D] [thread 32679] [3.0] [cxt 0] Deparser 'deparser': end
[09:37:15.151] [bmv2] [D] [thread 32679] [4.0] [cxt 0] Pipeline 'egress': start
[09:37:15.151] [bmv2] [D] [thread 32679] [4.0] [cxt 0] Pipeline 'egress': end
[09:37:15.151] [bmv2] [D] [thread 32679] [4.0] [cxt 0] Deparser 'deparser': start
[09:37:15.151] [bmv2] [T] [thread 32679] [4.0] [cxt 0] Skipping checksum 'cksum' update because condition not met
[09:37:15.151] [bmv2] [D] [thread 32679] [4.0] [cxt 0] Deparsing header 'ethernet'
[09:37:15.151] [bmv2] [D] [thread 32679] [4.0] [cxt 0] Deparser 'deparser': end
[09:37:15.151] [bmv2] [D] [thread 32683] [3.0] [cxt 0] Transmitting packet of size 90 out of port 0
[09:37:15.151] [bmv2] [D] [thread 32683] [4.0] [cxt 0] Transmitting packet of size 70 out of port 0
[09:37:15.163] [bmv2] [D] [thread 32678] [5.0] [cxt 0] Processing packet received on port 2
[09:37:15.163] [bmv2] [D] [thread 32678] [5.0] [cxt 0] Parser 'parser': start
[09:37:15.163] [bmv2] [D] [thread 32678] [5.0] [cxt 0] Parser 'parser' entering state 'start'
[09:37:15.163] [bmv2] [D] [thread 32678] [5.0] [cxt 0] Extracting header 'ethernet'
[09:37:15.163] [bmv2] [D] [thread 32678] [5.0] [cxt 0] Parser state 'start': key is 86dd
[09:37:15.163] [bmv2] [T] [thread 32678] [5.0] [cxt 0] Bytes parsed: 14
[09:37:15.163] [bmv2] [D] [thread 32678] [5.0] [cxt 0] Parser 'parser': end
[09:37:15.163] [bmv2] [D] [thread 32678] [5.0] [cxt 0] Pipeline 'ingress': start
[09:37:15.163] [bmv2] [T] [thread 32678] [5.0] [cxt 0] basic.p4(95) Condition "hdr.ipv4.dstAddr == 32w167772417" (node_2) is false
[09:37:15.163] [bmv2] [T] [thread 32678] [5.0] [cxt 0] basic.p4(101) Condition "hdr.ipv4.dstAddr == 32w167772674" (node_4) is false
[09:37:15.163] [bmv2] [D] [thread 32678] [5.0] [cxt 0] Pipeline 'ingress': end
[09:37:15.163] [bmv2] [D] [thread 32678] [5.0] [cxt 0] Egress port is 0
[09:37:15.163] [bmv2] [D] [thread 32679] [5.0] [cxt 0] Pipeline 'egress': start
[09:37:15.163] [bmv2] [D] [thread 32679] [5.0] [cxt 0] Pipeline 'egress': end
[09:37:15.163] [bmv2] [D] [thread 32679] [5.0] [cxt 0] Deparser 'deparser': start
[09:37:15.163] [bmv2] [T] [thread 32679] [5.0] [cxt 0] Skipping checksum 'cksum' update because condition not met
[09:37:15.163] [bmv2] [D] [thread 32679] [5.0] [cxt 0] Deparsing header 'ethernet'
[09:37:15.163] [bmv2] [D] [thread 32679] [5.0] [cxt 0] Deparser 'deparser': end
[09:37:15.163] [bmv2] [D] [thread 32683] [5.0] [cxt 0] Transmitting packet of size 90 out of port 0
[09:37:15.252] [bmv2] [D] [thread 32678] [6.0] [cxt 0] Processing packet received on port 2
[09:37:15.252] [bmv2] [D] [thread 32678] [6.0] [cxt 0] Parser 'parser': start
[09:37:15.252] [bmv2] [D] [thread 32678] [6.0] [cxt 0] Parser 'parser' entering state 'start'
[09:37:15.252] [bmv2] [D] [thread 32678] [6.0] [cxt 0] Extracting header 'ethernet'
[09:37:15.252] [bmv2] [D] [thread 32678] [6.0] [cxt 0] Parser state 'start': key is 86dd
[09:37:15.252] [bmv2] [T] [thread 32678] [6.0] [cxt 0] Bytes parsed: 14
[09:37:15.252] [bmv2] [D] [thread 32678] [6.0] [cxt 0] Parser 'parser': end
[09:37:15.252] [bmv2] [D] [thread 32678] [6.0] [cxt 0] Pipeline 'ingress': start
[09:37:15.252] [bmv2] [T] [thread 32678] [6.0] [cxt 0] basic.p4(95) Condition "hdr.ipv4.dstAddr == 32w167772417" (node_2) is false
[09:37:15.252] [bmv2] [T] [thread 32678] [6.0] [cxt 0] basic.p4(101) Condition "hdr.ipv4.dstAddr == 32w167772674" (node_4) is false
[09:37:15.252] [bmv2] [D] [thread 32678] [6.0] [cxt 0] Pipeline 'ingress': end
[09:37:15.252] [bmv2] [D] [thread 32678] [6.0] [cxt 0] Egress port is 0
[09:37:15.252] [bmv2] [D] [thread 32679] [6.0] [cxt 0] Pipeline 'egress': start
[09:37:15.252] [bmv2] [D] [thread 32679] [6.0] [cxt 0] Pipeline 'egress': end
[09:37:15.252] [bmv2] [D] [thread 32679] [6.0] [cxt 0] Deparser 'deparser': start
[09:37:15.252] [bmv2] [T] [thread 32679] [6.0] [cxt 0] Skipping checksum 'cksum' update because condition not met
[09:37:15.252] [bmv2] [D] [thread 32679] [6.0] [cxt 0] Deparsing header 'ethernet'
[09:37:15.252] [bmv2] [D] [thread 32679] [6.0] [cxt 0] Deparser 'deparser': end
[09:37:15.253] [bmv2] [D] [thread 32683] [6.0] [cxt 0] Transmitting packet of size 107 out of port 0
[09:37:15.264] [bmv2] [D] [thread 32678] [7.0] [cxt 0] Processing packet received on port 2
[09:37:15.264] [bmv2] [D] [thread 32678] [7.0] [cxt 0] Parser 'parser': start
[09:37:15.264] [bmv2] [D] [thread 32678] [7.0] [cxt 0] Parser 'parser' entering state 'start'
[09:37:15.264] [bmv2] [D] [thread 32678] [7.0] [cxt 0] Extracting header 'ethernet'
[09:37:15.264] [bmv2] [D] [thread 32678] [7.0] [cxt 0] Parser state 'start': key is 86dd
[09:37:15.264] [bmv2] [T] [thread 32678] [7.0] [cxt 0] Bytes parsed: 14
[09:37:15.264] [bmv2] [D] [thread 32678] [7.0] [cxt 0] Parser 'parser': end
[09:37:15.264] [bmv2] [D] [thread 32678] [7.0] [cxt 0] Pipeline 'ingress': start
[09:37:15.264] [bmv2] [T] [thread 32678] [7.0] [cxt 0] basic.p4(95) Condition "hdr.ipv4.dstAddr == 32w167772417" (node_2) is false
[09:37:15.264] [bmv2] [T] [thread 32678] [7.0] [cxt 0] basic.p4(101) Condition "hdr.ipv4.dstAddr == 32w167772674" (node_4) is false
[09:37:15.264] [bmv2] [D] [thread 32678] [7.0] [cxt 0] Pipeline 'ingress': end
[09:37:15.264] [bmv2] [D] [thread 32678] [7.0] [cxt 0] Egress port is 0
[09:37:15.264] [bmv2] [D] [thread 32679] [7.0] [cxt 0] Pipeline 'egress': start
[09:37:15.264] [bmv2] [D] [thread 32679] [7.0] [cxt 0] Pipeline 'egress': end
[09:37:15.264] [bmv2] [D] [thread 32679] [7.0] [cxt 0] Deparser 'deparser': start
[09:37:15.264] [bmv2] [T] [thread 32679] [7.0] [cxt 0] Skipping checksum 'cksum' update because condition not met
[09:37:15.264] [bmv2] [D] [thread 32679] [7.0] [cxt 0] Deparsing header 'ethernet'
[09:37:15.264] [bmv2] [D] [thread 32679] [7.0] [cxt 0] Deparser 'deparser': end
[09:37:15.264] [bmv2] [D] [thread 32683] [7.0] [cxt 0] Transmitting packet of size 211 out of port 0
[09:37:15.331] [bmv2] [D] [thread 32678] [8.0] [cxt 0] Processing packet received on port 2
[09:37:15.331] [bmv2] [D] [thread 32678] [8.0] [cxt 0] Parser 'parser': start
[09:37:15.331] [bmv2] [D] [thread 32678] [8.0] [cxt 0] Parser 'parser' entering state 'start'
[09:37:15.331] [bmv2] [D] [thread 32678] [8.0] [cxt 0] Extracting header 'ethernet'
[09:37:15.331] [bmv2] [D] [thread 32678] [8.0] [cxt 0] Parser state 'start': key is 86dd
[09:37:15.331] [bmv2] [T] [thread 32678] [8.0] [cxt 0] Bytes parsed: 14
[09:37:15.331] [bmv2] [D] [thread 32678] [8.0] [cxt 0] Parser 'parser': end
[09:37:15.331] [bmv2] [D] [thread 32678] [8.0] [cxt 0] Pipeline 'ingress': start
[09:37:15.331] [bmv2] [T] [thread 32678] [8.0] [cxt 0] basic.p4(95) Condition "hdr.ipv4.dstAddr == 32w167772417" (node_2) is false
[09:37:15.331] [bmv2] [T] [thread 32678] [8.0] [cxt 0] basic.p4(101) Condition "hdr.ipv4.dstAddr == 32w167772674" (node_4) is false
[09:37:15.331] [bmv2] [D] [thread 32678] [8.0] [cxt 0] Pipeline 'ingress': end
[09:37:15.331] [bmv2] [D] [thread 32678] [8.0] [cxt 0] Egress port is 0
[09:37:15.331] [bmv2] [D] [thread 32679] [8.0] [cxt 0] Pipeline 'egress': start
[09:37:15.331] [bmv2] [D] [thread 32679] [8.0] [cxt 0] Pipeline 'egress': end
[09:37:15.331] [bmv2] [D] [thread 32679] [8.0] [cxt 0] Deparser 'deparser': start
[09:37:15.331] [bmv2] [T] [thread 32679] [8.0] [cxt 0] Skipping checksum 'cksum' update because condition not met
[09:37:15.331] [bmv2] [D] [thread 32679] [8.0] [cxt 0] Deparsing header 'ethernet'
[09:37:15.331] [bmv2] [D] [thread 32679] [8.0] [cxt 0] Deparser 'deparser': end
[09:37:15.331] [bmv2] [D] [thread 32683] [8.0] [cxt 0] Transmitting packet of size 90 out of port 0
[09:37:15.514] [bmv2] [D] [thread 32678] [9.0] [cxt 0] Processing packet received on port 2
[09:37:15.514] [bmv2] [D] [thread 32678] [9.0] [cxt 0] Parser 'parser': start
[09:37:15.514] [bmv2] [D] [thread 32678] [9.0] [cxt 0] Parser 'parser' entering state 'start'
[09:37:15.514] [bmv2] [D] [thread 32678] [9.0] [cxt 0] Extracting header 'ethernet'
[09:37:15.514] [bmv2] [D] [thread 32678] [9.0] [cxt 0] Parser state 'start': key is 86dd
[09:37:15.514] [bmv2] [T] [thread 32678] [9.0] [cxt 0] Bytes parsed: 14
[09:37:15.514] [bmv2] [D] [thread 32678] [9.0] [cxt 0] Parser 'parser': end
[09:37:15.514] [bmv2] [D] [thread 32678] [9.0] [cxt 0] Pipeline 'ingress': start
[09:37:15.514] [bmv2] [T] [thread 32678] [9.0] [cxt 0] basic.p4(95) Condition "hdr.ipv4.dstAddr == 32w167772417" (node_2) is false
[09:37:15.514] [bmv2] [T] [thread 32678] [9.0] [cxt 0] basic.p4(101) Condition "hdr.ipv4.dstAddr == 32w167772674" (node_4) is false
[09:37:15.514] [bmv2] [D] [thread 32678] [9.0] [cxt 0] Pipeline 'ingress': end
[09:37:15.514] [bmv2] [D] [thread 32678] [9.0] [cxt 0] Egress port is 0
[09:37:15.514] [bmv2] [D] [thread 32679] [9.0] [cxt 0] Pipeline 'egress': start
[09:37:15.514] [bmv2] [D] [thread 32679] [9.0] [cxt 0] Pipeline 'egress': end
[09:37:15.514] [bmv2] [D] [thread 32679] [9.0] [cxt 0] Deparser 'deparser': start
[09:37:15.514] [bmv2] [T] [thread 32679] [9.0] [cxt 0] Skipping checksum 'cksum' update because condition not met
[09:37:15.514] [bmv2] [D] [thread 32679] [9.0] [cxt 0] Deparsing header 'ethernet'
[09:37:15.514] [bmv2] [D] [thread 32679] [9.0] [cxt 0] Deparser 'deparser': end
[09:37:15.514] [bmv2] [D] [thread 32683] [9.0] [cxt 0] Transmitting packet of size 211 out of port 0
[09:37:15.765] [bmv2] [D] [thread 32678] [10.0] [cxt 0] Processing packet received on port 2
[09:37:15.765] [bmv2] [D] [thread 32678] [10.0] [cxt 0] Parser 'parser': start
[09:37:15.765] [bmv2] [D] [thread 32678] [10.0] [cxt 0] Parser 'parser' entering state 'start'
[09:37:15.765] [bmv2] [D] [thread 32678] [10.0] [cxt 0] Extracting header 'ethernet'
[09:37:15.765] [bmv2] [D] [thread 32678] [10.0] [cxt 0] Parser state 'start': key is 86dd
[09:37:15.765] [bmv2] [T] [thread 32678] [10.0] [cxt 0] Bytes parsed: 14
[09:37:15.765] [bmv2] [D] [thread 32678] [10.0] [cxt 0] Parser 'parser': end
[09:37:15.765] [bmv2] [D] [thread 32678] [10.0] [cxt 0] Pipeline 'ingress': start
[09:37:15.765] [bmv2] [T] [thread 32678] [10.0] [cxt 0] basic.p4(95) Condition "hdr.ipv4.dstAddr == 32w167772417" (node_2) is false
[09:37:15.765] [bmv2] [T] [thread 32678] [10.0] [cxt 0] basic.p4(101) Condition "hdr.ipv4.dstAddr == 32w167772674" (node_4) is false
[09:37:15.765] [bmv2] [D] [thread 32678] [10.0] [cxt 0] Pipeline 'ingress': end
[09:37:15.765] [bmv2] [D] [thread 32678] [10.0] [cxt 0] Egress port is 0
[09:37:15.765] [bmv2] [D] [thread 32679] [10.0] [cxt 0] Pipeline 'egress': start
[09:37:15.765] [bmv2] [D] [thread 32679] [10.0] [cxt 0] Pipeline 'egress': end
[09:37:15.765] [bmv2] [D] [thread 32679] [10.0] [cxt 0] Deparser 'deparser': start
[09:37:15.765] [bmv2] [T] [thread 32679] [10.0] [cxt 0] Skipping checksum 'cksum' update because condition not met
[09:37:15.765] [bmv2] [D] [thread 32679] [10.0] [cxt 0] Deparsing header 'ethernet'
[09:37:15.765] [bmv2] [D] [thread 32679] [10.0] [cxt 0] Deparser 'deparser': end
[09:37:15.765] [bmv2] [D] [thread 32683] [10.0] [cxt 0] Transmitting packet of size 211 out of port 0
[09:37:15.855] [bmv2] [D] [thread 32678] [11.0] [cxt 0] Processing packet received on port 1
[09:37:15.855] [bmv2] [D] [thread 32678] [11.0] [cxt 0] Parser 'parser': start
[09:37:15.855] [bmv2] [D] [thread 32678] [11.0] [cxt 0] Parser 'parser' entering state 'start'
[09:37:15.855] [bmv2] [D] [thread 32678] [11.0] [cxt 0] Extracting header 'ethernet'
[09:37:15.855] [bmv2] [D] [thread 32678] [11.0] [cxt 0] Parser state 'start': key is 86dd
[09:37:15.855] [bmv2] [T] [thread 32678] [11.0] [cxt 0] Bytes parsed: 14
[09:37:15.855] [bmv2] [D] [thread 32678] [11.0] [cxt 0] Parser 'parser': end
[09:37:15.855] [bmv2] [D] [thread 32678] [11.0] [cxt 0] Pipeline 'ingress': start
[09:37:15.855] [bmv2] [T] [thread 32678] [11.0] [cxt 0] basic.p4(95) Condition "hdr.ipv4.dstAddr == 32w167772417" (node_2) is false
[09:37:15.855] [bmv2] [T] [thread 32678] [11.0] [cxt 0] basic.p4(101) Condition "hdr.ipv4.dstAddr == 32w167772674" (node_4) is false
[09:37:15.855] [bmv2] [D] [thread 32678] [11.0] [cxt 0] Pipeline 'ingress': end
[09:37:15.855] [bmv2] [D] [thread 32678] [11.0] [cxt 0] Egress port is 0
[09:37:15.855] [bmv2] [D] [thread 32678] [12.0] [cxt 0] Processing packet received on port 1
[09:37:15.855] [bmv2] [D] [thread 32678] [12.0] [cxt 0] Parser 'parser': start
[09:37:15.855] [bmv2] [D] [thread 32678] [12.0] [cxt 0] Parser 'parser' entering state 'start'
[09:37:15.855] [bmv2] [D] [thread 32678] [12.0] [cxt 0] Extracting header 'ethernet'
[09:37:15.855] [bmv2] [D] [thread 32678] [12.0] [cxt 0] Parser state 'start': key is 86dd
[09:37:15.855] [bmv2] [T] [thread 32678] [12.0] [cxt 0] Bytes parsed: 14
[09:37:15.855] [bmv2] [D] [thread 32678] [12.0] [cxt 0] Parser 'parser': end
[09:37:15.855] [bmv2] [D] [thread 32678] [12.0] [cxt 0] Pipeline 'ingress': start
[09:37:15.855] [bmv2] [T] [thread 32678] [12.0] [cxt 0] basic.p4(95) Condition "hdr.ipv4.dstAddr == 32w167772417" (node_2) is false
[09:37:15.855] [bmv2] [T] [thread 32678] [12.0] [cxt 0] basic.p4(101) Condition "hdr.ipv4.dstAddr == 32w167772674" (node_4) is false
[09:37:15.855] [bmv2] [D] [thread 32678] [12.0] [cxt 0] Pipeline 'ingress': end
[09:37:15.855] [bmv2] [D] [thread 32678] [12.0] [cxt 0] Egress port is 0
[09:37:15.855] [bmv2] [D] [thread 32679] [11.0] [cxt 0] Pipeline 'egress': start
[09:37:15.855] [bmv2] [D] [thread 32679] [11.0] [cxt 0] Pipeline 'egress': end
[09:37:15.855] [bmv2] [D] [thread 32679] [11.0] [cxt 0] Deparser 'deparser': start
[09:37:15.855] [bmv2] [T] [thread 32679] [11.0] [cxt 0] Skipping checksum 'cksum' update because condition not met
[09:37:15.855] [bmv2] [D] [thread 32679] [11.0] [cxt 0] Deparsing header 'ethernet'
[09:37:15.855] [bmv2] [D] [thread 32679] [11.0] [cxt 0] Deparser 'deparser': end
[09:37:15.855] [bmv2] [D] [thread 32679] [12.0] [cxt 0] Pipeline 'egress': start
[09:37:15.855] [bmv2] [D] [thread 32679] [12.0] [cxt 0] Pipeline 'egress': end
[09:37:15.855] [bmv2] [D] [thread 32679] [12.0] [cxt 0] Deparser 'deparser': start
[09:37:15.855] [bmv2] [T] [thread 32679] [12.0] [cxt 0] Skipping checksum 'cksum' update because condition not met
[09:37:15.855] [bmv2] [D] [thread 32679] [12.0] [cxt 0] Deparsing header 'ethernet'
[09:37:15.855] [bmv2] [D] [thread 32679] [12.0] [cxt 0] Deparser 'deparser': end
[09:37:15.855] [bmv2] [D] [thread 32683] [11.0] [cxt 0] Transmitting packet of size 90 out of port 0
[09:37:15.855] [bmv2] [D] [thread 32683] [12.0] [cxt 0] Transmitting packet of size 70 out of port 0
[09:37:15.867] [bmv2] [D] [thread 32678] [13.0] [cxt 0] Processing packet received on port 1
[09:37:15.867] [bmv2] [D] [thread 32678] [13.0] [cxt 0] Parser 'parser': start
[09:37:15.867] [bmv2] [D] [thread 32678] [13.0] [cxt 0] Parser 'parser' entering state 'start'
[09:37:15.867] [bmv2] [D] [thread 32678] [13.0] [cxt 0] Extracting header 'ethernet'
[09:37:15.867] [bmv2] [D] [thread 32678] [13.0] [cxt 0] Parser state 'start': key is 86dd
[09:37:15.867] [bmv2] [T] [thread 32678] [13.0] [cxt 0] Bytes parsed: 14
[09:37:15.867] [bmv2] [D] [thread 32678] [13.0] [cxt 0] Parser 'parser': end
[09:37:15.867] [bmv2] [D] [thread 32678] [13.0] [cxt 0] Pipeline 'ingress': start
[09:37:15.867] [bmv2] [T] [thread 32678] [13.0] [cxt 0] basic.p4(95) Condition "hdr.ipv4.dstAddr == 32w167772417" (node_2) is false
[09:37:15.867] [bmv2] [T] [thread 32678] [13.0] [cxt 0] basic.p4(101) Condition "hdr.ipv4.dstAddr == 32w167772674" (node_4) is false
[09:37:15.867] [bmv2] [D] [thread 32678] [13.0] [cxt 0] Pipeline 'ingress': end
[09:37:15.867] [bmv2] [D] [thread 32678] [13.0] [cxt 0] Egress port is 0
[09:37:15.867] [bmv2] [D] [thread 32679] [13.0] [cxt 0] Pipeline 'egress': start
[09:37:15.867] [bmv2] [D] [thread 32679] [13.0] [cxt 0] Pipeline 'egress': end
[09:37:15.867] [bmv2] [D] [thread 32679] [13.0] [cxt 0] Deparser 'deparser': start
[09:37:15.867] [bmv2] [T] [thread 32679] [13.0] [cxt 0] Skipping checksum 'cksum' update because condition not met
[09:37:15.867] [bmv2] [D] [thread 32679] [13.0] [cxt 0] Deparsing header 'ethernet'
[09:37:15.867] [bmv2] [D] [thread 32679] [13.0] [cxt 0] Deparser 'deparser': end
[09:37:15.867] [bmv2] [D] [thread 32683] [13.0] [cxt 0] Transmitting packet of size 90 out of port 0
[09:37:15.915] [bmv2] [D] [thread 32678] [14.0] [cxt 0] Processing packet received on port 1
[09:37:15.915] [bmv2] [D] [thread 32678] [14.0] [cxt 0] Parser 'parser': start
[09:37:15.915] [bmv2] [D] [thread 32678] [14.0] [cxt 0] Parser 'parser' entering state 'start'
[09:37:15.915] [bmv2] [D] [thread 32678] [14.0] [cxt 0] Extracting header 'ethernet'
[09:37:15.915] [bmv2] [D] [thread 32678] [14.0] [cxt 0] Parser state 'start': key is 86dd
[09:37:15.915] [bmv2] [T] [thread 32678] [14.0] [cxt 0] Bytes parsed: 14
[09:37:15.915] [bmv2] [D] [thread 32678] [14.0] [cxt 0] Parser 'parser': end
[09:37:15.915] [bmv2] [D] [thread 32678] [14.0] [cxt 0] Pipeline 'ingress': start
[09:37:15.915] [bmv2] [T] [thread 32678] [14.0] [cxt 0] basic.p4(95) Condition "hdr.ipv4.dstAddr == 32w167772417" (node_2) is false
[09:37:15.915] [bmv2] [T] [thread 32678] [14.0] [cxt 0] basic.p4(101) Condition "hdr.ipv4.dstAddr == 32w167772674" (node_4) is false
[09:37:15.915] [bmv2] [D] [thread 32678] [14.0] [cxt 0] Pipeline 'ingress': end
[09:37:15.915] [bmv2] [D] [thread 32678] [14.0] [cxt 0] Egress port is 0
[09:37:15.915] [bmv2] [D] [thread 32679] [14.0] [cxt 0] Pipeline 'egress': start
[09:37:15.915] [bmv2] [D] [thread 32679] [14.0] [cxt 0] Pipeline 'egress': end
[09:37:15.915] [bmv2] [D] [thread 32679] [14.0] [cxt 0] Deparser 'deparser': start
[09:37:15.915] [bmv2] [T] [thread 32679] [14.0] [cxt 0] Skipping checksum 'cksum' update because condition not met
[09:37:15.915] [bmv2] [D] [thread 32679] [14.0] [cxt 0] Deparsing header 'ethernet'
[09:37:15.915] [bmv2] [D] [thread 32679] [14.0] [cxt 0] Deparser 'deparser': end
[09:37:15.915] [bmv2] [D] [thread 32683] [14.0] [cxt 0] Transmitting packet of size 90 out of port 0
[09:37:15.951] [bmv2] [D] [thread 32678] [15.0] [cxt 0] Processing packet received on port 2
[09:37:15.951] [bmv2] [D] [thread 32678] [15.0] [cxt 0] Parser 'parser': start
[09:37:15.951] [bmv2] [D] [thread 32678] [15.0] [cxt 0] Parser 'parser' entering state 'start'
[09:37:15.951] [bmv2] [D] [thread 32678] [15.0] [cxt 0] Extracting header 'ethernet'
[09:37:15.951] [bmv2] [D] [thread 32678] [15.0] [cxt 0] Parser state 'start': key is 86dd
[09:37:15.951] [bmv2] [T] [thread 32678] [15.0] [cxt 0] Bytes parsed: 14
[09:37:15.951] [bmv2] [D] [thread 32678] [15.0] [cxt 0] Parser 'parser': end
[09:37:15.951] [bmv2] [D] [thread 32678] [15.0] [cxt 0] Pipeline 'ingress': start
[09:37:15.951] [bmv2] [T] [thread 32678] [15.0] [cxt 0] basic.p4(95) Condition "hdr.ipv4.dstAddr == 32w167772417" (node_2) is false
[09:37:15.951] [bmv2] [T] [thread 32678] [15.0] [cxt 0] basic.p4(101) Condition "hdr.ipv4.dstAddr == 32w167772674" (node_4) is false
[09:37:15.951] [bmv2] [D] [thread 32678] [15.0] [cxt 0] Pipeline 'ingress': end
[09:37:15.951] [bmv2] [D] [thread 32678] [15.0] [cxt 0] Egress port is 0
[09:37:15.951] [bmv2] [D] [thread 32679] [15.0] [cxt 0] Pipeline 'egress': start
[09:37:15.951] [bmv2] [D] [thread 32679] [15.0] [cxt 0] Pipeline 'egress': end
[09:37:15.951] [bmv2] [D] [thread 32679] [15.0] [cxt 0] Deparser 'deparser': start
[09:37:15.951] [bmv2] [T] [thread 32679] [15.0] [cxt 0] Skipping checksum 'cksum' update because condition not met
[09:37:15.951] [bmv2] [D] [thread 32679] [15.0] [cxt 0] Deparsing header 'ethernet'
[09:37:15.951] [bmv2] [D] [thread 32679] [15.0] [cxt 0] Deparser 'deparser': end
[09:37:15.951] [bmv2] [D] [thread 32683] [15.0] [cxt 0] Transmitting packet of size 110 out of port 0
[09:37:15.956] [bmv2] [D] [thread 32678] [16.0] [cxt 0] Processing packet received on port 1
[09:37:15.956] [bmv2] [D] [thread 32678] [16.0] [cxt 0] Parser 'parser': start
[09:37:15.956] [bmv2] [D] [thread 32678] [16.0] [cxt 0] Parser 'parser' entering state 'start'
[09:37:15.956] [bmv2] [D] [thread 32678] [16.0] [cxt 0] Extracting header 'ethernet'
[09:37:15.956] [bmv2] [D] [thread 32678] [16.0] [cxt 0] Parser state 'start': key is 86dd
[09:37:15.956] [bmv2] [T] [thread 32678] [16.0] [cxt 0] Bytes parsed: 14
[09:37:15.956] [bmv2] [D] [thread 32678] [16.0] [cxt 0] Parser 'parser': end
[09:37:15.956] [bmv2] [D] [thread 32678] [16.0] [cxt 0] Pipeline 'ingress': start
[09:37:15.956] [bmv2] [T] [thread 32678] [16.0] [cxt 0] basic.p4(95) Condition "hdr.ipv4.dstAddr == 32w167772417" (node_2) is false
[09:37:15.956] [bmv2] [T] [thread 32678] [16.0] [cxt 0] basic.p4(101) Condition "hdr.ipv4.dstAddr == 32w167772674" (node_4) is false
[09:37:15.956] [bmv2] [D] [thread 32678] [16.0] [cxt 0] Pipeline 'ingress': end
[09:37:15.956] [bmv2] [D] [thread 32678] [16.0] [cxt 0] Egress port is 0
[09:37:15.956] [bmv2] [D] [thread 32679] [16.0] [cxt 0] Pipeline 'egress': start
[09:37:15.956] [bmv2] [D] [thread 32679] [16.0] [cxt 0] Pipeline 'egress': end
[09:37:15.956] [bmv2] [D] [thread 32679] [16.0] [cxt 0] Deparser 'deparser': start
[09:37:15.956] [bmv2] [T] [thread 32679] [16.0] [cxt 0] Skipping checksum 'cksum' update because condition not met
[09:37:15.956] [bmv2] [D] [thread 32679] [16.0] [cxt 0] Deparsing header 'ethernet'
[09:37:15.956] [bmv2] [D] [thread 32679] [16.0] [cxt 0] Deparser 'deparser': end
[09:37:15.956] [bmv2] [D] [thread 32683] [16.0] [cxt 0] Transmitting packet of size 107 out of port 0
[09:37:15.965] [bmv2] [D] [thread 32678] [17.0] [cxt 0] Processing packet received on port 2
[09:37:15.965] [bmv2] [D] [thread 32678] [17.0] [cxt 0] Parser 'parser': start
[09:37:15.965] [bmv2] [D] [thread 32678] [17.0] [cxt 0] Parser 'parser' entering state 'start'
[09:37:15.965] [bmv2] [D] [thread 32678] [17.0] [cxt 0] Extracting header 'ethernet'
[09:37:15.965] [bmv2] [D] [thread 32678] [17.0] [cxt 0] Parser state 'start': key is 86dd
[09:37:15.965] [bmv2] [T] [thread 32678] [17.0] [cxt 0] Bytes parsed: 14
[09:37:15.965] [bmv2] [D] [thread 32678] [17.0] [cxt 0] Parser 'parser': end
[09:37:15.965] [bmv2] [D] [thread 32678] [17.0] [cxt 0] Pipeline 'ingress': start
[09:37:15.965] [bmv2] [T] [thread 32678] [17.0] [cxt 0] basic.p4(95) Condition "hdr.ipv4.dstAddr == 32w167772417" (node_2) is false
[09:37:15.965] [bmv2] [T] [thread 32678] [17.0] [cxt 0] basic.p4(101) Condition "hdr.ipv4.dstAddr == 32w167772674" (node_4) is false
[09:37:15.965] [bmv2] [D] [thread 32678] [17.0] [cxt 0] Pipeline 'ingress': end
[09:37:15.965] [bmv2] [D] [thread 32678] [17.0] [cxt 0] Egress port is 0
[09:37:15.966] [bmv2] [D] [thread 32679] [17.0] [cxt 0] Pipeline 'egress': start
[09:37:15.966] [bmv2] [D] [thread 32679] [17.0] [cxt 0] Pipeline 'egress': end
[09:37:15.966] [bmv2] [D] [thread 32679] [17.0] [cxt 0] Deparser 'deparser': start
[09:37:15.966] [bmv2] [T] [thread 32679] [17.0] [cxt 0] Skipping checksum 'cksum' update because condition not met
[09:37:15.966] [bmv2] [D] [thread 32679] [17.0] [cxt 0] Deparsing header 'ethernet'
[09:37:15.966] [bmv2] [D] [thread 32679] [17.0] [cxt 0] Deparser 'deparser': end
[09:37:15.966] [bmv2] [D] [thread 32683] [17.0] [cxt 0] Transmitting packet of size 199 out of port 0
[09:37:15.968] [bmv2] [D] [thread 32678] [18.0] [cxt 0] Processing packet received on port 1
[09:37:15.968] [bmv2] [D] [thread 32678] [18.0] [cxt 0] Parser 'parser': start
[09:37:15.968] [bmv2] [D] [thread 32678] [18.0] [cxt 0] Parser 'parser' entering state 'start'
[09:37:15.968] [bmv2] [D] [thread 32678] [18.0] [cxt 0] Extracting header 'ethernet'
[09:37:15.968] [bmv2] [D] [thread 32678] [18.0] [cxt 0] Parser state 'start': key is 86dd
[09:37:15.968] [bmv2] [T] [thread 32678] [18.0] [cxt 0] Bytes parsed: 14
[09:37:15.968] [bmv2] [D] [thread 32678] [18.0] [cxt 0] Parser 'parser': end
[09:37:15.968] [bmv2] [D] [thread 32678] [18.0] [cxt 0] Pipeline 'ingress': start
[09:37:15.968] [bmv2] [T] [thread 32678] [18.0] [cxt 0] basic.p4(95) Condition "hdr.ipv4.dstAddr == 32w167772417" (node_2) is false
[09:37:15.968] [bmv2] [T] [thread 32678] [18.0] [cxt 0] basic.p4(101) Condition "hdr.ipv4.dstAddr == 32w167772674" (node_4) is false
[09:37:15.968] [bmv2] [D] [thread 32678] [18.0] [cxt 0] Pipeline 'ingress': end
[09:37:15.968] [bmv2] [D] [thread 32678] [18.0] [cxt 0] Egress port is 0
[09:37:15.968] [bmv2] [D] [thread 32679] [18.0] [cxt 0] Pipeline 'egress': start
[09:37:15.968] [bmv2] [D] [thread 32679] [18.0] [cxt 0] Pipeline 'egress': end
[09:37:15.968] [bmv2] [D] [thread 32679] [18.0] [cxt 0] Deparser 'deparser': start
[09:37:15.968] [bmv2] [T] [thread 32679] [18.0] [cxt 0] Skipping checksum 'cksum' update because condition not met
[09:37:15.968] [bmv2] [D] [thread 32679] [18.0] [cxt 0] Deparsing header 'ethernet'
[09:37:15.968] [bmv2] [D] [thread 32679] [18.0] [cxt 0] Deparser 'deparser': end
[09:37:15.968] [bmv2] [D] [thread 32683] [18.0] [cxt 0] Transmitting packet of size 211 out of port 0
[09:37:16.047] [bmv2] [D] [thread 32678] [19.0] [cxt 0] Processing packet received on port 1
[09:37:16.047] [bmv2] [D] [thread 32678] [19.0] [cxt 0] Parser 'parser': start
[09:37:16.047] [bmv2] [D] [thread 32678] [19.0] [cxt 0] Parser 'parser' entering state 'start'
[09:37:16.047] [bmv2] [D] [thread 32678] [19.0] [cxt 0] Extracting header 'ethernet'
[09:37:16.047] [bmv2] [D] [thread 32678] [19.0] [cxt 0] Parser state 'start': key is 86dd
[09:37:16.047] [bmv2] [T] [thread 32678] [19.0] [cxt 0] Bytes parsed: 14
[09:37:16.047] [bmv2] [D] [thread 32678] [19.0] [cxt 0] Parser 'parser': end
[09:37:16.047] [bmv2] [D] [thread 32678] [19.0] [cxt 0] Pipeline 'ingress': start
[09:37:16.047] [bmv2] [T] [thread 32678] [19.0] [cxt 0] basic.p4(95) Condition "hdr.ipv4.dstAddr == 32w167772417" (node_2) is false
[09:37:16.047] [bmv2] [T] [thread 32678] [19.0] [cxt 0] basic.p4(101) Condition "hdr.ipv4.dstAddr == 32w167772674" (node_4) is false
[09:37:16.047] [bmv2] [D] [thread 32678] [19.0] [cxt 0] Pipeline 'ingress': end
[09:37:16.047] [bmv2] [D] [thread 32678] [19.0] [cxt 0] Egress port is 0
[09:37:16.047] [bmv2] [D] [thread 32679] [19.0] [cxt 0] Pipeline 'egress': start
[09:37:16.047] [bmv2] [D] [thread 32679] [19.0] [cxt 0] Pipeline 'egress': end
[09:37:16.047] [bmv2] [D] [thread 32679] [19.0] [cxt 0] Deparser 'deparser': start
[09:37:16.047] [bmv2] [T] [thread 32679] [19.0] [cxt 0] Skipping checksum 'cksum' update because condition not met
[09:37:16.047] [bmv2] [D] [thread 32679] [19.0] [cxt 0] Deparsing header 'ethernet'
[09:37:16.047] [bmv2] [D] [thread 32679] [19.0] [cxt 0] Deparser 'deparser': end
[09:37:16.047] [bmv2] [D] [thread 32683] [19.0] [cxt 0] Transmitting packet of size 110 out of port 0
[09:37:16.218] [bmv2] [D] [thread 32678] [20.0] [cxt 0] Processing packet received on port 1
[09:37:16.218] [bmv2] [D] [thread 32678] [20.0] [cxt 0] Parser 'parser': start
[09:37:16.218] [bmv2] [D] [thread 32678] [20.0] [cxt 0] Parser 'parser' entering state 'start'
[09:37:16.218] [bmv2] [D] [thread 32678] [20.0] [cxt 0] Extracting header 'ethernet'
[09:37:16.218] [bmv2] [D] [thread 32678] [20.0] [cxt 0] Parser state 'start': key is 86dd
[09:37:16.218] [bmv2] [T] [thread 32678] [20.0] [cxt 0] Bytes parsed: 14
[09:37:16.218] [bmv2] [D] [thread 32678] [20.0] [cxt 0] Parser 'parser': end
[09:37:16.218] [bmv2] [D] [thread 32678] [20.0] [cxt 0] Pipeline 'ingress': start
[09:37:16.218] [bmv2] [T] [thread 32678] [20.0] [cxt 0] basic.p4(95) Condition "hdr.ipv4.dstAddr == 32w167772417" (node_2) is false
[09:37:16.218] [bmv2] [T] [thread 32678] [20.0] [cxt 0] basic.p4(101) Condition "hdr.ipv4.dstAddr == 32w167772674" (node_4) is false
[09:37:16.218] [bmv2] [D] [thread 32678] [20.0] [cxt 0] Pipeline 'ingress': end
[09:37:16.218] [bmv2] [D] [thread 32678] [20.0] [cxt 0] Egress port is 0
[09:37:16.218] [bmv2] [D] [thread 32679] [20.0] [cxt 0] Pipeline 'egress': start
[09:37:16.218] [bmv2] [D] [thread 32679] [20.0] [cxt 0] Pipeline 'egress': end
[09:37:16.218] [bmv2] [D] [thread 32679] [20.0] [cxt 0] Deparser 'deparser': start
[09:37:16.218] [bmv2] [T] [thread 32679] [20.0] [cxt 0] Skipping checksum 'cksum' update because condition not met
[09:37:16.218] [bmv2] [D] [thread 32679] [20.0] [cxt 0] Deparsing header 'ethernet'
[09:37:16.218] [bmv2] [D] [thread 32679] [20.0] [cxt 0] Deparser 'deparser': end
[09:37:16.218] [bmv2] [D] [thread 32683] [20.0] [cxt 0] Transmitting packet of size 211 out of port 0
[09:37:16.253] [bmv2] [D] [thread 32678] [21.0] [cxt 0] Processing packet received on port 2
[09:37:16.253] [bmv2] [D] [thread 32678] [21.0] [cxt 0] Parser 'parser': start
[09:37:16.253] [bmv2] [D] [thread 32678] [21.0] [cxt 0] Parser 'parser' entering state 'start'
[09:37:16.253] [bmv2] [D] [thread 32678] [21.0] [cxt 0] Extracting header 'ethernet'
[09:37:16.253] [bmv2] [D] [thread 32678] [21.0] [cxt 0] Parser state 'start': key is 86dd
[09:37:16.253] [bmv2] [T] [thread 32678] [21.0] [cxt 0] Bytes parsed: 14
[09:37:16.253] [bmv2] [D] [thread 32678] [21.0] [cxt 0] Parser 'parser': end
[09:37:16.253] [bmv2] [D] [thread 32678] [21.0] [cxt 0] Pipeline 'ingress': start
[09:37:16.253] [bmv2] [T] [thread 32678] [21.0] [cxt 0] basic.p4(95) Condition "hdr.ipv4.dstAddr == 32w167772417" (node_2) is false
[09:37:16.253] [bmv2] [T] [thread 32678] [21.0] [cxt 0] basic.p4(101) Condition "hdr.ipv4.dstAddr == 32w167772674" (node_4) is false
[09:37:16.253] [bmv2] [D] [thread 32678] [21.0] [cxt 0] Pipeline 'ingress': end
[09:37:16.253] [bmv2] [D] [thread 32678] [21.0] [cxt 0] Egress port is 0
[09:37:16.253] [bmv2] [D] [thread 32679] [21.0] [cxt 0] Pipeline 'egress': start
[09:37:16.253] [bmv2] [D] [thread 32679] [21.0] [cxt 0] Pipeline 'egress': end
[09:37:16.253] [bmv2] [D] [thread 32679] [21.0] [cxt 0] Deparser 'deparser': start
[09:37:16.253] [bmv2] [T] [thread 32679] [21.0] [cxt 0] Skipping checksum 'cksum' update because condition not met
[09:37:16.253] [bmv2] [D] [thread 32679] [21.0] [cxt 0] Deparsing header 'ethernet'
[09:37:16.253] [bmv2] [D] [thread 32679] [21.0] [cxt 0] Deparser 'deparser': end
[09:37:16.253] [bmv2] [D] [thread 32683] [21.0] [cxt 0] Transmitting packet of size 107 out of port 0
[09:37:16.469] [bmv2] [D] [thread 32678] [22.0] [cxt 0] Processing packet received on port 1
[09:37:16.469] [bmv2] [D] [thread 32678] [22.0] [cxt 0] Parser 'parser': start
[09:37:16.469] [bmv2] [D] [thread 32678] [22.0] [cxt 0] Parser 'parser' entering state 'start'
[09:37:16.469] [bmv2] [D] [thread 32678] [22.0] [cxt 0] Extracting header 'ethernet'
[09:37:16.469] [bmv2] [D] [thread 32678] [22.0] [cxt 0] Parser state 'start': key is 86dd
[09:37:16.469] [bmv2] [T] [thread 32678] [22.0] [cxt 0] Bytes parsed: 14
[09:37:16.469] [bmv2] [D] [thread 32678] [22.0] [cxt 0] Parser 'parser': end
[09:37:16.469] [bmv2] [D] [thread 32678] [22.0] [cxt 0] Pipeline 'ingress': start
[09:37:16.469] [bmv2] [T] [thread 32678] [22.0] [cxt 0] basic.p4(95) Condition "hdr.ipv4.dstAddr == 32w167772417" (node_2) is false
[09:37:16.469] [bmv2] [T] [thread 32678] [22.0] [cxt 0] basic.p4(101) Condition "hdr.ipv4.dstAddr == 32w167772674" (node_4) is false
[09:37:16.469] [bmv2] [D] [thread 32678] [22.0] [cxt 0] Pipeline 'ingress': end
[09:37:16.469] [bmv2] [D] [thread 32678] [22.0] [cxt 0] Egress port is 0
[09:37:16.469] [bmv2] [D] [thread 32679] [22.0] [cxt 0] Pipeline 'egress': start
[09:37:16.469] [bmv2] [D] [thread 32679] [22.0] [cxt 0] Pipeline 'egress': end
[09:37:16.469] [bmv2] [D] [thread 32679] [22.0] [cxt 0] Deparser 'deparser': start
[09:37:16.469] [bmv2] [T] [thread 32679] [22.0] [cxt 0] Skipping checksum 'cksum' update because condition not met
[09:37:16.469] [bmv2] [D] [thread 32679] [22.0] [cxt 0] Deparsing header 'ethernet'
[09:37:16.469] [bmv2] [D] [thread 32679] [22.0] [cxt 0] Deparser 'deparser': end
[09:37:16.470] [bmv2] [D] [thread 32683] [22.0] [cxt 0] Transmitting packet of size 211 out of port 0
[09:37:16.670] [bmv2] [D] [thread 32678] [23.0] [cxt 0] Processing packet received on port 1
[09:37:16.670] [bmv2] [D] [thread 32678] [23.0] [cxt 0] Parser 'parser': start
[09:37:16.670] [bmv2] [D] [thread 32678] [23.0] [cxt 0] Parser 'parser' entering state 'start'
[09:37:16.670] [bmv2] [D] [thread 32678] [23.0] [cxt 0] Extracting header 'ethernet'
[09:37:16.670] [bmv2] [D] [thread 32678] [23.0] [cxt 0] Parser state 'start': key is 86dd
[09:37:16.670] [bmv2] [T] [thread 32678] [23.0] [cxt 0] Bytes parsed: 14
[09:37:16.670] [bmv2] [D] [thread 32678] [23.0] [cxt 0] Parser 'parser': end
[09:37:16.670] [bmv2] [D] [thread 32678] [23.0] [cxt 0] Pipeline 'ingress': start
[09:37:16.670] [bmv2] [T] [thread 32678] [23.0] [cxt 0] basic.p4(95) Condition "hdr.ipv4.dstAddr == 32w167772417" (node_2) is false
[09:37:16.670] [bmv2] [T] [thread 32678] [23.0] [cxt 0] basic.p4(101) Condition "hdr.ipv4.dstAddr == 32w167772674" (node_4) is false
[09:37:16.670] [bmv2] [D] [thread 32678] [23.0] [cxt 0] Pipeline 'ingress': end
[09:37:16.670] [bmv2] [D] [thread 32678] [23.0] [cxt 0] Egress port is 0
[09:37:16.670] [bmv2] [D] [thread 32679] [23.0] [cxt 0] Pipeline 'egress': start
[09:37:16.670] [bmv2] [D] [thread 32679] [23.0] [cxt 0] Pipeline 'egress': end
[09:37:16.670] [bmv2] [D] [thread 32679] [23.0] [cxt 0] Deparser 'deparser': start
[09:37:16.670] [bmv2] [T] [thread 32679] [23.0] [cxt 0] Skipping checksum 'cksum' update because condition not met
[09:37:16.670] [bmv2] [D] [thread 32679] [23.0] [cxt 0] Deparsing header 'ethernet'
[09:37:16.670] [bmv2] [D] [thread 32679] [23.0] [cxt 0] Deparser 'deparser': end
[09:37:16.670] [bmv2] [D] [thread 32683] [23.0] [cxt 0] Transmitting packet of size 199 out of port 0
[09:37:16.956] [bmv2] [D] [thread 32678] [24.0] [cxt 0] Processing packet received on port 1
[09:37:16.956] [bmv2] [D] [thread 32678] [24.0] [cxt 0] Parser 'parser': start
[09:37:16.956] [bmv2] [D] [thread 32678] [24.0] [cxt 0] Parser 'parser' entering state 'start'
[09:37:16.956] [bmv2] [D] [thread 32678] [24.0] [cxt 0] Extracting header 'ethernet'
[09:37:16.956] [bmv2] [D] [thread 32678] [24.0] [cxt 0] Parser state 'start': key is 86dd
[09:37:16.956] [bmv2] [T] [thread 32678] [24.0] [cxt 0] Bytes parsed: 14
[09:37:16.956] [bmv2] [D] [thread 32678] [24.0] [cxt 0] Parser 'parser': end
[09:37:16.956] [bmv2] [D] [thread 32678] [24.0] [cxt 0] Pipeline 'ingress': start
[09:37:16.956] [bmv2] [T] [thread 32678] [24.0] [cxt 0] basic.p4(95) Condition "hdr.ipv4.dstAddr == 32w167772417" (node_2) is false
[09:37:16.956] [bmv2] [T] [thread 32678] [24.0] [cxt 0] basic.p4(101) Condition "hdr.ipv4.dstAddr == 32w167772674" (node_4) is false
[09:37:16.956] [bmv2] [D] [thread 32678] [24.0] [cxt 0] Pipeline 'ingress': end
[09:37:16.956] [bmv2] [D] [thread 32678] [24.0] [cxt 0] Egress port is 0
[09:37:16.956] [bmv2] [D] [thread 32679] [24.0] [cxt 0] Pipeline 'egress': start
[09:37:16.956] [bmv2] [D] [thread 32679] [24.0] [cxt 0] Pipeline 'egress': end
[09:37:16.956] [bmv2] [D] [thread 32679] [24.0] [cxt 0] Deparser 'deparser': start
[09:37:16.956] [bmv2] [T] [thread 32679] [24.0] [cxt 0] Skipping checksum 'cksum' update because condition not met
[09:37:16.956] [bmv2] [D] [thread 32679] [24.0] [cxt 0] Deparsing header 'ethernet'
[09:37:16.956] [bmv2] [D] [thread 32679] [24.0] [cxt 0] Deparser 'deparser': end
[09:37:16.956] [bmv2] [D] [thread 32683] [24.0] [cxt 0] Transmitting packet of size 107 out of port 0
[09:37:17.027] [bmv2] [D] [thread 32678] [25.0] [cxt 0] Processing packet received on port 2
[09:37:17.027] [bmv2] [D] [thread 32678] [25.0] [cxt 0] Parser 'parser': start
[09:37:17.027] [bmv2] [D] [thread 32678] [25.0] [cxt 0] Parser 'parser' entering state 'start'
[09:37:17.027] [bmv2] [D] [thread 32678] [25.0] [cxt 0] Extracting header 'ethernet'
[09:37:17.027] [bmv2] [D] [thread 32678] [25.0] [cxt 0] Parser state 'start': key is 86dd
[09:37:17.027] [bmv2] [T] [thread 32678] [25.0] [cxt 0] Bytes parsed: 14
[09:37:17.027] [bmv2] [D] [thread 32678] [25.0] [cxt 0] Parser 'parser': end
[09:37:17.027] [bmv2] [D] [thread 32678] [25.0] [cxt 0] Pipeline 'ingress': start
[09:37:17.027] [bmv2] [T] [thread 32678] [25.0] [cxt 0] basic.p4(95) Condition "hdr.ipv4.dstAddr == 32w167772417" (node_2) is false
[09:37:17.027] [bmv2] [T] [thread 32678] [25.0] [cxt 0] basic.p4(101) Condition "hdr.ipv4.dstAddr == 32w167772674" (node_4) is false
[09:37:17.027] [bmv2] [D] [thread 32678] [25.0] [cxt 0] Pipeline 'ingress': end
[09:37:17.027] [bmv2] [D] [thread 32678] [25.0] [cxt 0] Egress port is 0
[09:37:17.027] [bmv2] [D] [thread 32679] [25.0] [cxt 0] Pipeline 'egress': start
[09:37:17.027] [bmv2] [D] [thread 32679] [25.0] [cxt 0] Pipeline 'egress': end
[09:37:17.027] [bmv2] [D] [thread 32679] [25.0] [cxt 0] Deparser 'deparser': start
[09:37:17.027] [bmv2] [T] [thread 32679] [25.0] [cxt 0] Skipping checksum 'cksum' update because condition not met
[09:37:17.027] [bmv2] [D] [thread 32679] [25.0] [cxt 0] Deparsing header 'ethernet'
[09:37:17.027] [bmv2] [D] [thread 32679] [25.0] [cxt 0] Deparser 'deparser': end
[09:37:17.027] [bmv2] [D] [thread 32683] [25.0] [cxt 0] Transmitting packet of size 199 out of port 0
[09:37:17.732] [bmv2] [D] [thread 32678] [26.0] [cxt 0] Processing packet received on port 1
[09:37:17.732] [bmv2] [D] [thread 32678] [26.0] [cxt 0] Parser 'parser': start
[09:37:17.732] [bmv2] [D] [thread 32678] [26.0] [cxt 0] Parser 'parser' entering state 'start'
[09:37:17.732] [bmv2] [D] [thread 32678] [26.0] [cxt 0] Extracting header 'ethernet'
[09:37:17.732] [bmv2] [D] [thread 32678] [26.0] [cxt 0] Parser state 'start': key is 86dd
[09:37:17.732] [bmv2] [T] [thread 32678] [26.0] [cxt 0] Bytes parsed: 14
[09:37:17.732] [bmv2] [D] [thread 32678] [26.0] [cxt 0] Parser 'parser': end
[09:37:17.732] [bmv2] [D] [thread 32678] [26.0] [cxt 0] Pipeline 'ingress': start
[09:37:17.732] [bmv2] [T] [thread 32678] [26.0] [cxt 0] basic.p4(95) Condition "hdr.ipv4.dstAddr == 32w167772417" (node_2) is false
[09:37:17.732] [bmv2] [T] [thread 32678] [26.0] [cxt 0] basic.p4(101) Condition "hdr.ipv4.dstAddr == 32w167772674" (node_4) is false
[09:37:17.732] [bmv2] [D] [thread 32678] [26.0] [cxt 0] Pipeline 'ingress': end
[09:37:17.732] [bmv2] [D] [thread 32678] [26.0] [cxt 0] Egress port is 0
[09:37:17.732] [bmv2] [D] [thread 32679] [26.0] [cxt 0] Pipeline 'egress': start
[09:37:17.732] [bmv2] [D] [thread 32679] [26.0] [cxt 0] Pipeline 'egress': end
[09:37:17.732] [bmv2] [D] [thread 32679] [26.0] [cxt 0] Deparser 'deparser': start
[09:37:17.732] [bmv2] [T] [thread 32679] [26.0] [cxt 0] Skipping checksum 'cksum' update because condition not met
[09:37:17.732] [bmv2] [D] [thread 32679] [26.0] [cxt 0] Deparsing header 'ethernet'
[09:37:17.732] [bmv2] [D] [thread 32679] [26.0] [cxt 0] Deparser 'deparser': end
[09:37:17.732] [bmv2] [D] [thread 32683] [26.0] [cxt 0] Transmitting packet of size 199 out of port 0
[09:37:18.253] [bmv2] [D] [thread 32678] [27.0] [cxt 0] Processing packet received on port 2
[09:37:18.253] [bmv2] [D] [thread 32678] [27.0] [cxt 0] Parser 'parser': start
[09:37:18.253] [bmv2] [D] [thread 32678] [27.0] [cxt 0] Parser 'parser' entering state 'start'
[09:37:18.253] [bmv2] [D] [thread 32678] [27.0] [cxt 0] Extracting header 'ethernet'
[09:37:18.253] [bmv2] [D] [thread 32678] [27.0] [cxt 0] Parser state 'start': key is 86dd
[09:37:18.253] [bmv2] [T] [thread 32678] [27.0] [cxt 0] Bytes parsed: 14
[09:37:18.253] [bmv2] [D] [thread 32678] [27.0] [cxt 0] Parser 'parser': end
[09:37:18.253] [bmv2] [D] [thread 32678] [27.0] [cxt 0] Pipeline 'ingress': start
[09:37:18.253] [bmv2] [T] [thread 32678] [27.0] [cxt 0] basic.p4(95) Condition "hdr.ipv4.dstAddr == 32w167772417" (node_2) is false
[09:37:18.253] [bmv2] [T] [thread 32678] [27.0] [cxt 0] basic.p4(101) Condition "hdr.ipv4.dstAddr == 32w167772674" (node_4) is false
[09:37:18.253] [bmv2] [D] [thread 32678] [27.0] [cxt 0] Pipeline 'ingress': end
[09:37:18.253] [bmv2] [D] [thread 32678] [27.0] [cxt 0] Egress port is 0
[09:37:18.254] [bmv2] [D] [thread 32679] [27.0] [cxt 0] Pipeline 'egress': start
[09:37:18.254] [bmv2] [D] [thread 32679] [27.0] [cxt 0] Pipeline 'egress': end
[09:37:18.254] [bmv2] [D] [thread 32679] [27.0] [cxt 0] Deparser 'deparser': start
[09:37:18.254] [bmv2] [T] [thread 32679] [27.0] [cxt 0] Skipping checksum 'cksum' update because condition not met
[09:37:18.254] [bmv2] [D] [thread 32679] [27.0] [cxt 0] Deparsing header 'ethernet'
[09:37:18.254] [bmv2] [D] [thread 32679] [27.0] [cxt 0] Deparser 'deparser': end
[09:37:18.254] [bmv2] [D] [thread 32683] [27.0] [cxt 0] Transmitting packet of size 107 out of port 0
[09:37:18.957] [bmv2] [D] [thread 32678] [28.0] [cxt 0] Processing packet received on port 1
[09:37:18.957] [bmv2] [D] [thread 32678] [28.0] [cxt 0] Parser 'parser': start
[09:37:18.957] [bmv2] [D] [thread 32678] [28.0] [cxt 0] Parser 'parser' entering state 'start'
[09:37:18.957] [bmv2] [D] [thread 32678] [28.0] [cxt 0] Extracting header 'ethernet'
[09:37:18.957] [bmv2] [D] [thread 32678] [28.0] [cxt 0] Parser state 'start': key is 86dd
[09:37:18.957] [bmv2] [T] [thread 32678] [28.0] [cxt 0] Bytes parsed: 14
[09:37:18.957] [bmv2] [D] [thread 32678] [28.0] [cxt 0] Parser 'parser': end
[09:37:18.957] [bmv2] [D] [thread 32678] [28.0] [cxt 0] Pipeline 'ingress': start
[09:37:18.957] [bmv2] [T] [thread 32678] [28.0] [cxt 0] basic.p4(95) Condition "hdr.ipv4.dstAddr == 32w167772417" (node_2) is false
[09:37:18.957] [bmv2] [T] [thread 32678] [28.0] [cxt 0] basic.p4(101) Condition "hdr.ipv4.dstAddr == 32w167772674" (node_4) is false
[09:37:18.957] [bmv2] [D] [thread 32678] [28.0] [cxt 0] Pipeline 'ingress': end
[09:37:18.957] [bmv2] [D] [thread 32678] [28.0] [cxt 0] Egress port is 0
[09:37:18.957] [bmv2] [D] [thread 32679] [28.0] [cxt 0] Pipeline 'egress': start
[09:37:18.957] [bmv2] [D] [thread 32679] [28.0] [cxt 0] Pipeline 'egress': end
[09:37:18.957] [bmv2] [D] [thread 32679] [28.0] [cxt 0] Deparser 'deparser': start
[09:37:18.957] [bmv2] [T] [thread 32679] [28.0] [cxt 0] Skipping checksum 'cksum' update because condition not met
[09:37:18.957] [bmv2] [D] [thread 32679] [28.0] [cxt 0] Deparsing header 'ethernet'
[09:37:18.957] [bmv2] [D] [thread 32679] [28.0] [cxt 0] Deparser 'deparser': end
[09:37:18.958] [bmv2] [D] [thread 32683] [28.0] [cxt 0] Transmitting packet of size 107 out of port 0
[09:37:19.088] [bmv2] [D] [thread 32678] [29.0] [cxt 0] Processing packet received on port 2
[09:37:19.088] [bmv2] [D] [thread 32678] [29.0] [cxt 0] Parser 'parser': start
[09:37:19.088] [bmv2] [D] [thread 32678] [29.0] [cxt 0] Parser 'parser' entering state 'start'
[09:37:19.088] [bmv2] [D] [thread 32678] [29.0] [cxt 0] Extracting header 'ethernet'
[09:37:19.088] [bmv2] [D] [thread 32678] [29.0] [cxt 0] Parser state 'start': key is 86dd
[09:37:19.088] [bmv2] [T] [thread 32678] [29.0] [cxt 0] Bytes parsed: 14
[09:37:19.088] [bmv2] [D] [thread 32678] [29.0] [cxt 0] Parser 'parser': end
[09:37:19.088] [bmv2] [D] [thread 32678] [29.0] [cxt 0] Pipeline 'ingress': start
[09:37:19.088] [bmv2] [T] [thread 32678] [29.0] [cxt 0] basic.p4(95) Condition "hdr.ipv4.dstAddr == 32w167772417" (node_2) is false
[09:37:19.088] [bmv2] [T] [thread 32678] [29.0] [cxt 0] basic.p4(101) Condition "hdr.ipv4.dstAddr == 32w167772674" (node_4) is false
[09:37:19.088] [bmv2] [D] [thread 32678] [29.0] [cxt 0] Pipeline 'ingress': end
[09:37:19.088] [bmv2] [D] [thread 32678] [29.0] [cxt 0] Egress port is 0
[09:37:19.088] [bmv2] [D] [thread 32679] [29.0] [cxt 0] Pipeline 'egress': start
[09:37:19.088] [bmv2] [D] [thread 32679] [29.0] [cxt 0] Pipeline 'egress': end
[09:37:19.088] [bmv2] [D] [thread 32679] [29.0] [cxt 0] Deparser 'deparser': start
[09:37:19.088] [bmv2] [T] [thread 32679] [29.0] [cxt 0] Skipping checksum 'cksum' update because condition not met
[09:37:19.088] [bmv2] [D] [thread 32679] [29.0] [cxt 0] Deparsing header 'ethernet'
[09:37:19.088] [bmv2] [D] [thread 32679] [29.0] [cxt 0] Deparser 'deparser': end
[09:37:19.088] [bmv2] [D] [thread 32683] [29.0] [cxt 0] Transmitting packet of size 199 out of port 0
[09:37:19.183] [bmv2] [D] [thread 32678] [30.0] [cxt 0] Processing packet received on port 2
[09:37:19.183] [bmv2] [D] [thread 32678] [30.0] [cxt 0] Parser 'parser': start
[09:37:19.183] [bmv2] [D] [thread 32678] [30.0] [cxt 0] Parser 'parser' entering state 'start'
[09:37:19.183] [bmv2] [D] [thread 32678] [30.0] [cxt 0] Extracting header 'ethernet'
[09:37:19.183] [bmv2] [D] [thread 32678] [30.0] [cxt 0] Parser state 'start': key is 86dd
[09:37:19.183] [bmv2] [T] [thread 32678] [30.0] [cxt 0] Bytes parsed: 14
[09:37:19.183] [bmv2] [D] [thread 32678] [30.0] [cxt 0] Parser 'parser': end
[09:37:19.183] [bmv2] [D] [thread 32678] [30.0] [cxt 0] Pipeline 'ingress': start
[09:37:19.183] [bmv2] [T] [thread 32678] [30.0] [cxt 0] basic.p4(95) Condition "hdr.ipv4.dstAddr == 32w167772417" (node_2) is false
[09:37:19.183] [bmv2] [T] [thread 32678] [30.0] [cxt 0] basic.p4(101) Condition "hdr.ipv4.dstAddr == 32w167772674" (node_4) is false
[09:37:19.183] [bmv2] [D] [thread 32678] [30.0] [cxt 0] Pipeline 'ingress': end
[09:37:19.183] [bmv2] [D] [thread 32678] [30.0] [cxt 0] Egress port is 0
[09:37:19.183] [bmv2] [D] [thread 32679] [30.0] [cxt 0] Pipeline 'egress': start
[09:37:19.183] [bmv2] [D] [thread 32679] [30.0] [cxt 0] Pipeline 'egress': end
[09:37:19.183] [bmv2] [D] [thread 32679] [30.0] [cxt 0] Deparser 'deparser': start
[09:37:19.183] [bmv2] [T] [thread 32679] [30.0] [cxt 0] Skipping checksum 'cksum' update because condition not met
[09:37:19.183] [bmv2] [D] [thread 32679] [30.0] [cxt 0] Deparsing header 'ethernet'
[09:37:19.183] [bmv2] [D] [thread 32679] [30.0] [cxt 0] Deparser 'deparser': end
[09:37:19.183] [bmv2] [D] [thread 32683] [30.0] [cxt 0] Transmitting packet of size 70 out of port 0
[09:37:19.794] [bmv2] [D] [thread 32678] [31.0] [cxt 0] Processing packet received on port 1
[09:37:19.794] [bmv2] [D] [thread 32678] [31.0] [cxt 0] Parser 'parser': start
[09:37:19.794] [bmv2] [D] [thread 32678] [31.0] [cxt 0] Parser 'parser' entering state 'start'
[09:37:19.794] [bmv2] [D] [thread 32678] [31.0] [cxt 0] Extracting header 'ethernet'
[09:37:19.794] [bmv2] [D] [thread 32678] [31.0] [cxt 0] Parser state 'start': key is 86dd
[09:37:19.794] [bmv2] [T] [thread 32678] [31.0] [cxt 0] Bytes parsed: 14
[09:37:19.794] [bmv2] [D] [thread 32678] [31.0] [cxt 0] Parser 'parser': end
[09:37:19.794] [bmv2] [D] [thread 32678] [31.0] [cxt 0] Pipeline 'ingress': start
[09:37:19.794] [bmv2] [T] [thread 32678] [31.0] [cxt 0] basic.p4(95) Condition "hdr.ipv4.dstAddr == 32w167772417" (node_2) is false
[09:37:19.794] [bmv2] [T] [thread 32678] [31.0] [cxt 0] basic.p4(101) Condition "hdr.ipv4.dstAddr == 32w167772674" (node_4) is false
[09:37:19.794] [bmv2] [D] [thread 32678] [31.0] [cxt 0] Pipeline 'ingress': end
[09:37:19.794] [bmv2] [D] [thread 32678] [31.0] [cxt 0] Egress port is 0
[09:37:19.794] [bmv2] [D] [thread 32679] [31.0] [cxt 0] Pipeline 'egress': start
[09:37:19.794] [bmv2] [D] [thread 32679] [31.0] [cxt 0] Pipeline 'egress': end
[09:37:19.794] [bmv2] [D] [thread 32679] [31.0] [cxt 0] Deparser 'deparser': start
[09:37:19.794] [bmv2] [T] [thread 32679] [31.0] [cxt 0] Skipping checksum 'cksum' update because condition not met
[09:37:19.794] [bmv2] [D] [thread 32679] [31.0] [cxt 0] Deparsing header 'ethernet'
[09:37:19.794] [bmv2] [D] [thread 32679] [31.0] [cxt 0] Deparser 'deparser': end
[09:37:19.794] [bmv2] [D] [thread 32683] [31.0] [cxt 0] Transmitting packet of size 199 out of port 0
[09:37:19.951] [bmv2] [D] [thread 32678] [32.0] [cxt 0] Processing packet received on port 1
[09:37:19.951] [bmv2] [D] [thread 32678] [32.0] [cxt 0] Parser 'parser': start
[09:37:19.951] [bmv2] [D] [thread 32678] [32.0] [cxt 0] Parser 'parser' entering state 'start'
[09:37:19.951] [bmv2] [D] [thread 32678] [32.0] [cxt 0] Extracting header 'ethernet'
[09:37:19.951] [bmv2] [D] [thread 32678] [32.0] [cxt 0] Parser state 'start': key is 86dd
[09:37:19.951] [bmv2] [T] [thread 32678] [32.0] [cxt 0] Bytes parsed: 14
[09:37:19.951] [bmv2] [D] [thread 32678] [32.0] [cxt 0] Parser 'parser': end
[09:37:19.951] [bmv2] [D] [thread 32678] [32.0] [cxt 0] Pipeline 'ingress': start
[09:37:19.951] [bmv2] [T] [thread 32678] [32.0] [cxt 0] basic.p4(95) Condition "hdr.ipv4.dstAddr == 32w167772417" (node_2) is false
[09:37:19.951] [bmv2] [T] [thread 32678] [32.0] [cxt 0] basic.p4(101) Condition "hdr.ipv4.dstAddr == 32w167772674" (node_4) is false
[09:37:19.951] [bmv2] [D] [thread 32678] [32.0] [cxt 0] Pipeline 'ingress': end
[09:37:19.951] [bmv2] [D] [thread 32678] [32.0] [cxt 0] Egress port is 0
[09:37:19.951] [bmv2] [D] [thread 32679] [32.0] [cxt 0] Pipeline 'egress': start
[09:37:19.951] [bmv2] [D] [thread 32679] [32.0] [cxt 0] Pipeline 'egress': end
[09:37:19.951] [bmv2] [D] [thread 32679] [32.0] [cxt 0] Deparser 'deparser': start
[09:37:19.951] [bmv2] [T] [thread 32679] [32.0] [cxt 0] Skipping checksum 'cksum' update because condition not met
[09:37:19.951] [bmv2] [D] [thread 32679] [32.0] [cxt 0] Deparsing header 'ethernet'
[09:37:19.951] [bmv2] [D] [thread 32679] [32.0] [cxt 0] Deparser 'deparser': end
[09:37:19.951] [bmv2] [D] [thread 32683] [32.0] [cxt 0] Transmitting packet of size 70 out of port 0
[09:37:22.255] [bmv2] [D] [thread 32678] [33.0] [cxt 0] Processing packet received on port 2
[09:37:22.255] [bmv2] [D] [thread 32678] [33.0] [cxt 0] Parser 'parser': start
[09:37:22.255] [bmv2] [D] [thread 32678] [33.0] [cxt 0] Parser 'parser' entering state 'start'
[09:37:22.255] [bmv2] [D] [thread 32678] [33.0] [cxt 0] Extracting header 'ethernet'
[09:37:22.255] [bmv2] [D] [thread 32678] [33.0] [cxt 0] Parser state 'start': key is 86dd
[09:37:22.255] [bmv2] [T] [thread 32678] [33.0] [cxt 0] Bytes parsed: 14
[09:37:22.255] [bmv2] [D] [thread 32678] [33.0] [cxt 0] Parser 'parser': end
[09:37:22.255] [bmv2] [D] [thread 32678] [33.0] [cxt 0] Pipeline 'ingress': start
[09:37:22.255] [bmv2] [T] [thread 32678] [33.0] [cxt 0] basic.p4(95) Condition "hdr.ipv4.dstAddr == 32w167772417" (node_2) is false
[09:37:22.255] [bmv2] [T] [thread 32678] [33.0] [cxt 0] basic.p4(101) Condition "hdr.ipv4.dstAddr == 32w167772674" (node_4) is false
[09:37:22.255] [bmv2] [D] [thread 32678] [33.0] [cxt 0] Pipeline 'ingress': end
[09:37:22.255] [bmv2] [D] [thread 32678] [33.0] [cxt 0] Egress port is 0
[09:37:22.255] [bmv2] [D] [thread 32679] [33.0] [cxt 0] Pipeline 'egress': start
[09:37:22.255] [bmv2] [D] [thread 32679] [33.0] [cxt 0] Pipeline 'egress': end
[09:37:22.255] [bmv2] [D] [thread 32679] [33.0] [cxt 0] Deparser 'deparser': start
[09:37:22.255] [bmv2] [T] [thread 32679] [33.0] [cxt 0] Skipping checksum 'cksum' update because condition not met
[09:37:22.255] [bmv2] [D] [thread 32679] [33.0] [cxt 0] Deparsing header 'ethernet'
[09:37:22.255] [bmv2] [D] [thread 32679] [33.0] [cxt 0] Deparser 'deparser': end
[09:37:22.255] [bmv2] [D] [thread 32683] [33.0] [cxt 0] Transmitting packet of size 107 out of port 0
[09:37:22.959] [bmv2] [D] [thread 32678] [34.0] [cxt 0] Processing packet received on port 1
[09:37:22.959] [bmv2] [D] [thread 32678] [34.0] [cxt 0] Parser 'parser': start
[09:37:22.959] [bmv2] [D] [thread 32678] [34.0] [cxt 0] Parser 'parser' entering state 'start'
[09:37:22.959] [bmv2] [D] [thread 32678] [34.0] [cxt 0] Extracting header 'ethernet'
[09:37:22.959] [bmv2] [D] [thread 32678] [34.0] [cxt 0] Parser state 'start': key is 86dd
[09:37:22.959] [bmv2] [T] [thread 32678] [34.0] [cxt 0] Bytes parsed: 14
[09:37:22.959] [bmv2] [D] [thread 32678] [34.0] [cxt 0] Parser 'parser': end
[09:37:22.959] [bmv2] [D] [thread 32678] [34.0] [cxt 0] Pipeline 'ingress': start
[09:37:22.959] [bmv2] [T] [thread 32678] [34.0] [cxt 0] basic.p4(95) Condition "hdr.ipv4.dstAddr == 32w167772417" (node_2) is false
[09:37:22.959] [bmv2] [T] [thread 32678] [34.0] [cxt 0] basic.p4(101) Condition "hdr.ipv4.dstAddr == 32w167772674" (node_4) is false
[09:37:22.959] [bmv2] [D] [thread 32678] [34.0] [cxt 0] Pipeline 'ingress': end
[09:37:22.959] [bmv2] [D] [thread 32678] [34.0] [cxt 0] Egress port is 0
[09:37:22.959] [bmv2] [D] [thread 32679] [34.0] [cxt 0] Pipeline 'egress': start
[09:37:22.959] [bmv2] [D] [thread 32679] [34.0] [cxt 0] Pipeline 'egress': end
[09:37:22.959] [bmv2] [D] [thread 32679] [34.0] [cxt 0] Deparser 'deparser': start
[09:37:22.959] [bmv2] [T] [thread 32679] [34.0] [cxt 0] Skipping checksum 'cksum' update because condition not met
[09:37:22.959] [bmv2] [D] [thread 32679] [34.0] [cxt 0] Deparsing header 'ethernet'
[09:37:22.959] [bmv2] [D] [thread 32679] [34.0] [cxt 0] Deparser 'deparser': end
[09:37:22.959] [bmv2] [D] [thread 32683] [34.0] [cxt 0] Transmitting packet of size 107 out of port 0
[09:37:27.119] [bmv2] [D] [thread 32678] [35.0] [cxt 0] Processing packet received on port 2
[09:37:27.119] [bmv2] [D] [thread 32678] [35.0] [cxt 0] Parser 'parser': start
[09:37:27.119] [bmv2] [D] [thread 32678] [35.0] [cxt 0] Parser 'parser' entering state 'start'
[09:37:27.119] [bmv2] [D] [thread 32678] [35.0] [cxt 0] Extracting header 'ethernet'
[09:37:27.119] [bmv2] [D] [thread 32678] [35.0] [cxt 0] Parser state 'start': key is 86dd
[09:37:27.119] [bmv2] [T] [thread 32678] [35.0] [cxt 0] Bytes parsed: 14
[09:37:27.119] [bmv2] [D] [thread 32678] [35.0] [cxt 0] Parser 'parser': end
[09:37:27.119] [bmv2] [D] [thread 32678] [35.0] [cxt 0] Pipeline 'ingress': start
[09:37:27.119] [bmv2] [T] [thread 32678] [35.0] [cxt 0] basic.p4(95) Condition "hdr.ipv4.dstAddr == 32w167772417" (node_2) is false
[09:37:27.119] [bmv2] [T] [thread 32678] [35.0] [cxt 0] basic.p4(101) Condition "hdr.ipv4.dstAddr == 32w167772674" (node_4) is false
[09:37:27.119] [bmv2] [D] [thread 32678] [35.0] [cxt 0] Pipeline 'ingress': end
[09:37:27.119] [bmv2] [D] [thread 32678] [35.0] [cxt 0] Egress port is 0
[09:37:27.119] [bmv2] [D] [thread 32679] [35.0] [cxt 0] Pipeline 'egress': start
[09:37:27.119] [bmv2] [D] [thread 32679] [35.0] [cxt 0] Pipeline 'egress': end
[09:37:27.119] [bmv2] [D] [thread 32679] [35.0] [cxt 0] Deparser 'deparser': start
[09:37:27.119] [bmv2] [T] [thread 32679] [35.0] [cxt 0] Skipping checksum 'cksum' update because condition not met
[09:37:27.119] [bmv2] [D] [thread 32679] [35.0] [cxt 0] Deparsing header 'ethernet'
[09:37:27.119] [bmv2] [D] [thread 32679] [35.0] [cxt 0] Deparser 'deparser': end
[09:37:27.119] [bmv2] [D] [thread 32683] [35.0] [cxt 0] Transmitting packet of size 70 out of port 0
[09:37:28.399] [bmv2] [D] [thread 32678] [36.0] [cxt 0] Processing packet received on port 1
[09:37:28.399] [bmv2] [D] [thread 32678] [36.0] [cxt 0] Parser 'parser': start
[09:37:28.399] [bmv2] [D] [thread 32678] [36.0] [cxt 0] Parser 'parser' entering state 'start'
[09:37:28.399] [bmv2] [D] [thread 32678] [36.0] [cxt 0] Extracting header 'ethernet'
[09:37:28.399] [bmv2] [D] [thread 32678] [36.0] [cxt 0] Parser state 'start': key is 86dd
[09:37:28.399] [bmv2] [T] [thread 32678] [36.0] [cxt 0] Bytes parsed: 14
[09:37:28.399] [bmv2] [D] [thread 32678] [36.0] [cxt 0] Parser 'parser': end
[09:37:28.399] [bmv2] [D] [thread 32678] [36.0] [cxt 0] Pipeline 'ingress': start
[09:37:28.399] [bmv2] [T] [thread 32678] [36.0] [cxt 0] basic.p4(95) Condition "hdr.ipv4.dstAddr == 32w167772417" (node_2) is false
[09:37:28.399] [bmv2] [T] [thread 32678] [36.0] [cxt 0] basic.p4(101) Condition "hdr.ipv4.dstAddr == 32w167772674" (node_4) is false
[09:37:28.399] [bmv2] [D] [thread 32678] [36.0] [cxt 0] Pipeline 'ingress': end
[09:37:28.399] [bmv2] [D] [thread 32678] [36.0] [cxt 0] Egress port is 0
[09:37:28.399] [bmv2] [D] [thread 32679] [36.0] [cxt 0] Pipeline 'egress': start
[09:37:28.399] [bmv2] [D] [thread 32679] [36.0] [cxt 0] Pipeline 'egress': end
[09:37:28.399] [bmv2] [D] [thread 32679] [36.0] [cxt 0] Deparser 'deparser': start
[09:37:28.399] [bmv2] [T] [thread 32679] [36.0] [cxt 0] Skipping checksum 'cksum' update because condition not met
[09:37:28.399] [bmv2] [D] [thread 32679] [36.0] [cxt 0] Deparsing header 'ethernet'
[09:37:28.399] [bmv2] [D] [thread 32679] [36.0] [cxt 0] Deparser 'deparser': end
[09:37:28.399] [bmv2] [D] [thread 32683] [36.0] [cxt 0] Transmitting packet of size 70 out of port 0
[09:37:30.258] [bmv2] [D] [thread 32678] [37.0] [cxt 0] Processing packet received on port 2
[09:37:30.258] [bmv2] [D] [thread 32678] [37.0] [cxt 0] Parser 'parser': start
[09:37:30.258] [bmv2] [D] [thread 32678] [37.0] [cxt 0] Parser 'parser' entering state 'start'
[09:37:30.258] [bmv2] [D] [thread 32678] [37.0] [cxt 0] Extracting header 'ethernet'
[09:37:30.258] [bmv2] [D] [thread 32678] [37.0] [cxt 0] Parser state 'start': key is 86dd
[09:37:30.258] [bmv2] [T] [thread 32678] [37.0] [cxt 0] Bytes parsed: 14
[09:37:30.258] [bmv2] [D] [thread 32678] [37.0] [cxt 0] Parser 'parser': end
[09:37:30.258] [bmv2] [D] [thread 32678] [37.0] [cxt 0] Pipeline 'ingress': start
[09:37:30.258] [bmv2] [T] [thread 32678] [37.0] [cxt 0] basic.p4(95) Condition "hdr.ipv4.dstAddr == 32w167772417" (node_2) is false
[09:37:30.258] [bmv2] [T] [thread 32678] [37.0] [cxt 0] basic.p4(101) Condition "hdr.ipv4.dstAddr == 32w167772674" (node_4) is false
[09:37:30.258] [bmv2] [D] [thread 32678] [37.0] [cxt 0] Pipeline 'ingress': end
[09:37:30.258] [bmv2] [D] [thread 32678] [37.0] [cxt 0] Egress port is 0
[09:37:30.258] [bmv2] [D] [thread 32679] [37.0] [cxt 0] Pipeline 'egress': start
[09:37:30.258] [bmv2] [D] [thread 32679] [37.0] [cxt 0] Pipeline 'egress': end
[09:37:30.258] [bmv2] [D] [thread 32679] [37.0] [cxt 0] Deparser 'deparser': start
[09:37:30.258] [bmv2] [T] [thread 32679] [37.0] [cxt 0] Skipping checksum 'cksum' update because condition not met
[09:37:30.258] [bmv2] [D] [thread 32679] [37.0] [cxt 0] Deparsing header 'ethernet'
[09:37:30.258] [bmv2] [D] [thread 32679] [37.0] [cxt 0] Deparser 'deparser': end
[09:37:30.258] [bmv2] [D] [thread 32683] [37.0] [cxt 0] Transmitting packet of size 107 out of port 0
[09:37:30.960] [bmv2] [D] [thread 32678] [38.0] [cxt 0] Processing packet received on port 1
[09:37:30.961] [bmv2] [D] [thread 32678] [38.0] [cxt 0] Parser 'parser': start
[09:37:30.961] [bmv2] [D] [thread 32678] [38.0] [cxt 0] Parser 'parser' entering state 'start'
[09:37:30.961] [bmv2] [D] [thread 32678] [38.0] [cxt 0] Extracting header 'ethernet'
[09:37:30.961] [bmv2] [D] [thread 32678] [38.0] [cxt 0] Parser state 'start': key is 86dd
[09:37:30.961] [bmv2] [T] [thread 32678] [38.0] [cxt 0] Bytes parsed: 14
[09:37:30.961] [bmv2] [D] [thread 32678] [38.0] [cxt 0] Parser 'parser': end
[09:37:30.961] [bmv2] [D] [thread 32678] [38.0] [cxt 0] Pipeline 'ingress': start
[09:37:30.961] [bmv2] [T] [thread 32678] [38.0] [cxt 0] basic.p4(95) Condition "hdr.ipv4.dstAddr == 32w167772417" (node_2) is false
[09:37:30.961] [bmv2] [T] [thread 32678] [38.0] [cxt 0] basic.p4(101) Condition "hdr.ipv4.dstAddr == 32w167772674" (node_4) is false
[09:37:30.961] [bmv2] [D] [thread 32678] [38.0] [cxt 0] Pipeline 'ingress': end
[09:37:30.961] [bmv2] [D] [thread 32678] [38.0] [cxt 0] Egress port is 0
[09:37:30.961] [bmv2] [D] [thread 32679] [38.0] [cxt 0] Pipeline 'egress': start
[09:37:30.961] [bmv2] [D] [thread 32679] [38.0] [cxt 0] Pipeline 'egress': end
[09:37:30.961] [bmv2] [D] [thread 32679] [38.0] [cxt 0] Deparser 'deparser': start
[09:37:30.961] [bmv2] [T] [thread 32679] [38.0] [cxt 0] Skipping checksum 'cksum' update because condition not met
[09:37:30.961] [bmv2] [D] [thread 32679] [38.0] [cxt 0] Deparsing header 'ethernet'
[09:37:30.961] [bmv2] [D] [thread 32679] [38.0] [cxt 0] Deparser 'deparser': end
[09:37:30.961] [bmv2] [D] [thread 32683] [38.0] [cxt 0] Transmitting packet of size 107 out of port 0
[09:37:45.299] [bmv2] [D] [thread 32678] [39.0] [cxt 0] Processing packet received on port 1
[09:37:45.299] [bmv2] [D] [thread 32678] [39.0] [cxt 0] Parser 'parser': start
[09:37:45.299] [bmv2] [D] [thread 32678] [39.0] [cxt 0] Parser 'parser' entering state 'start'
[09:37:45.299] [bmv2] [D] [thread 32678] [39.0] [cxt 0] Extracting header 'ethernet'
[09:37:45.299] [bmv2] [D] [thread 32678] [39.0] [cxt 0] Parser state 'start': key is 86dd
[09:37:45.299] [bmv2] [T] [thread 32678] [39.0] [cxt 0] Bytes parsed: 14
[09:37:45.299] [bmv2] [D] [thread 32678] [39.0] [cxt 0] Parser 'parser': end
[09:37:45.299] [bmv2] [D] [thread 32678] [39.0] [cxt 0] Pipeline 'ingress': start
[09:37:45.299] [bmv2] [T] [thread 32678] [39.0] [cxt 0] basic.p4(95) Condition "hdr.ipv4.dstAddr == 32w167772417" (node_2) is false
[09:37:45.299] [bmv2] [T] [thread 32678] [39.0] [cxt 0] basic.p4(101) Condition "hdr.ipv4.dstAddr == 32w167772674" (node_4) is false
[09:37:45.299] [bmv2] [D] [thread 32678] [39.0] [cxt 0] Pipeline 'ingress': end
[09:37:45.299] [bmv2] [D] [thread 32678] [39.0] [cxt 0] Egress port is 0
[09:37:45.299] [bmv2] [D] [thread 32678] [40.0] [cxt 0] Processing packet received on port 2
[09:37:45.299] [bmv2] [D] [thread 32678] [40.0] [cxt 0] Parser 'parser': start
[09:37:45.299] [bmv2] [D] [thread 32678] [40.0] [cxt 0] Parser 'parser' entering state 'start'
[09:37:45.299] [bmv2] [D] [thread 32678] [40.0] [cxt 0] Extracting header 'ethernet'
[09:37:45.299] [bmv2] [D] [thread 32678] [40.0] [cxt 0] Parser state 'start': key is 86dd
[09:37:45.299] [bmv2] [T] [thread 32678] [40.0] [cxt 0] Bytes parsed: 14
[09:37:45.299] [bmv2] [D] [thread 32678] [40.0] [cxt 0] Parser 'parser': end
[09:37:45.299] [bmv2] [D] [thread 32678] [40.0] [cxt 0] Pipeline 'ingress': start
[09:37:45.299] [bmv2] [T] [thread 32678] [40.0] [cxt 0] basic.p4(95) Condition "hdr.ipv4.dstAddr == 32w167772417" (node_2) is false
[09:37:45.299] [bmv2] [T] [thread 32678] [40.0] [cxt 0] basic.p4(101) Condition "hdr.ipv4.dstAddr == 32w167772674" (node_4) is false
[09:37:45.299] [bmv2] [D] [thread 32678] [40.0] [cxt 0] Pipeline 'ingress': end
[09:37:45.299] [bmv2] [D] [thread 32678] [40.0] [cxt 0] Egress port is 0
[09:37:45.299] [bmv2] [D] [thread 32679] [39.0] [cxt 0] Pipeline 'egress': start
[09:37:45.299] [bmv2] [D] [thread 32679] [39.0] [cxt 0] Pipeline 'egress': end
[09:37:45.299] [bmv2] [D] [thread 32679] [39.0] [cxt 0] Deparser 'deparser': start
[09:37:45.299] [bmv2] [T] [thread 32679] [39.0] [cxt 0] Skipping checksum 'cksum' update because condition not met
[09:37:45.299] [bmv2] [D] [thread 32679] [39.0] [cxt 0] Deparsing header 'ethernet'
[09:37:45.299] [bmv2] [D] [thread 32679] [39.0] [cxt 0] Deparser 'deparser': end
[09:37:45.299] [bmv2] [D] [thread 32679] [40.0] [cxt 0] Pipeline 'egress': start
[09:37:45.299] [bmv2] [D] [thread 32679] [40.0] [cxt 0] Pipeline 'egress': end
[09:37:45.299] [bmv2] [D] [thread 32679] [40.0] [cxt 0] Deparser 'deparser': start
[09:37:45.299] [bmv2] [T] [thread 32679] [40.0] [cxt 0] Skipping checksum 'cksum' update because condition not met
[09:37:45.299] [bmv2] [D] [thread 32679] [40.0] [cxt 0] Deparsing header 'ethernet'
[09:37:45.299] [bmv2] [D] [thread 32679] [40.0] [cxt 0] Deparser 'deparser': end
[09:37:45.299] [bmv2] [D] [thread 32683] [39.0] [cxt 0] Transmitting packet of size 70 out of port 0
[09:37:45.299] [bmv2] [D] [thread 32683] [40.0] [cxt 0] Transmitting packet of size 70 out of port 0
[09:37:46.259] [bmv2] [D] [thread 32678] [41.0] [cxt 0] Processing packet received on port 2
[09:37:46.259] [bmv2] [D] [thread 32678] [41.0] [cxt 0] Parser 'parser': start
[09:37:46.259] [bmv2] [D] [thread 32678] [41.0] [cxt 0] Parser 'parser' entering state 'start'
[09:37:46.259] [bmv2] [D] [thread 32678] [41.0] [cxt 0] Extracting header 'ethernet'
[09:37:46.259] [bmv2] [D] [thread 32678] [41.0] [cxt 0] Parser state 'start': key is 86dd
[09:37:46.259] [bmv2] [T] [thread 32678] [41.0] [cxt 0] Bytes parsed: 14
[09:37:46.259] [bmv2] [D] [thread 32678] [41.0] [cxt 0] Parser 'parser': end
[09:37:46.259] [bmv2] [D] [thread 32678] [41.0] [cxt 0] Pipeline 'ingress': start
[09:37:46.259] [bmv2] [T] [thread 32678] [41.0] [cxt 0] basic.p4(95) Condition "hdr.ipv4.dstAddr == 32w167772417" (node_2) is false
[09:37:46.259] [bmv2] [T] [thread 32678] [41.0] [cxt 0] basic.p4(101) Condition "hdr.ipv4.dstAddr == 32w167772674" (node_4) is false
[09:37:46.259] [bmv2] [D] [thread 32678] [41.0] [cxt 0] Pipeline 'ingress': end
[09:37:46.259] [bmv2] [D] [thread 32678] [41.0] [cxt 0] Egress port is 0
[09:37:46.259] [bmv2] [D] [thread 32679] [41.0] [cxt 0] Pipeline 'egress': start
[09:37:46.259] [bmv2] [D] [thread 32679] [41.0] [cxt 0] Pipeline 'egress': end
[09:37:46.259] [bmv2] [D] [thread 32679] [41.0] [cxt 0] Deparser 'deparser': start
[09:37:46.259] [bmv2] [T] [thread 32679] [41.0] [cxt 0] Skipping checksum 'cksum' update because condition not met
[09:37:46.259] [bmv2] [D] [thread 32679] [41.0] [cxt 0] Deparsing header 'ethernet'
[09:37:46.259] [bmv2] [D] [thread 32679] [41.0] [cxt 0] Deparser 'deparser': end
[09:37:46.259] [bmv2] [D] [thread 32683] [41.0] [cxt 0] Transmitting packet of size 107 out of port 0
[09:37:46.962] [bmv2] [D] [thread 32678] [42.0] [cxt 0] Processing packet received on port 1
[09:37:46.962] [bmv2] [D] [thread 32678] [42.0] [cxt 0] Parser 'parser': start
[09:37:46.962] [bmv2] [D] [thread 32678] [42.0] [cxt 0] Parser 'parser' entering state 'start'
[09:37:46.962] [bmv2] [D] [thread 32678] [42.0] [cxt 0] Extracting header 'ethernet'
[09:37:46.962] [bmv2] [D] [thread 32678] [42.0] [cxt 0] Parser state 'start': key is 86dd
[09:37:46.962] [bmv2] [T] [thread 32678] [42.0] [cxt 0] Bytes parsed: 14
[09:37:46.962] [bmv2] [D] [thread 32678] [42.0] [cxt 0] Parser 'parser': end
[09:37:46.962] [bmv2] [D] [thread 32678] [42.0] [cxt 0] Pipeline 'ingress': start
[09:37:46.962] [bmv2] [T] [thread 32678] [42.0] [cxt 0] basic.p4(95) Condition "hdr.ipv4.dstAddr == 32w167772417" (node_2) is false
[09:37:46.962] [bmv2] [T] [thread 32678] [42.0] [cxt 0] basic.p4(101) Condition "hdr.ipv4.dstAddr == 32w167772674" (node_4) is false
[09:37:46.962] [bmv2] [D] [thread 32678] [42.0] [cxt 0] Pipeline 'ingress': end
[09:37:46.962] [bmv2] [D] [thread 32678] [42.0] [cxt 0] Egress port is 0
[09:37:46.962] [bmv2] [D] [thread 32679] [42.0] [cxt 0] Pipeline 'egress': start
[09:37:46.962] [bmv2] [D] [thread 32679] [42.0] [cxt 0] Pipeline 'egress': end
[09:37:46.962] [bmv2] [D] [thread 32679] [42.0] [cxt 0] Deparser 'deparser': start
[09:37:46.962] [bmv2] [T] [thread 32679] [42.0] [cxt 0] Skipping checksum 'cksum' update because condition not met
[09:37:46.962] [bmv2] [D] [thread 32679] [42.0] [cxt 0] Deparsing header 'ethernet'
[09:37:46.962] [bmv2] [D] [thread 32679] [42.0] [cxt 0] Deparser 'deparser': end
[09:37:46.962] [bmv2] [D] [thread 32683] [42.0] [cxt 0] Transmitting packet of size 107 out of port 0
[09:38:18.260] [bmv2] [D] [thread 32678] [43.0] [cxt 0] Processing packet received on port 2
[09:38:18.260] [bmv2] [D] [thread 32678] [43.0] [cxt 0] Parser 'parser': start
[09:38:18.260] [bmv2] [D] [thread 32678] [43.0] [cxt 0] Parser 'parser' entering state 'start'
[09:38:18.260] [bmv2] [D] [thread 32678] [43.0] [cxt 0] Extracting header 'ethernet'
[09:38:18.260] [bmv2] [D] [thread 32678] [43.0] [cxt 0] Parser state 'start': key is 86dd
[09:38:18.260] [bmv2] [T] [thread 32678] [43.0] [cxt 0] Bytes parsed: 14
[09:38:18.260] [bmv2] [D] [thread 32678] [43.0] [cxt 0] Parser 'parser': end
[09:38:18.260] [bmv2] [D] [thread 32678] [43.0] [cxt 0] Pipeline 'ingress': start
[09:38:18.260] [bmv2] [T] [thread 32678] [43.0] [cxt 0] basic.p4(95) Condition "hdr.ipv4.dstAddr == 32w167772417" (node_2) is false
[09:38:18.260] [bmv2] [T] [thread 32678] [43.0] [cxt 0] basic.p4(101) Condition "hdr.ipv4.dstAddr == 32w167772674" (node_4) is false
[09:38:18.260] [bmv2] [D] [thread 32678] [43.0] [cxt 0] Pipeline 'ingress': end
[09:38:18.260] [bmv2] [D] [thread 32678] [43.0] [cxt 0] Egress port is 0
[09:38:18.260] [bmv2] [D] [thread 32679] [43.0] [cxt 0] Pipeline 'egress': start
[09:38:18.260] [bmv2] [D] [thread 32679] [43.0] [cxt 0] Pipeline 'egress': end
[09:38:18.260] [bmv2] [D] [thread 32679] [43.0] [cxt 0] Deparser 'deparser': start
[09:38:18.260] [bmv2] [T] [thread 32679] [43.0] [cxt 0] Skipping checksum 'cksum' update because condition not met
[09:38:18.260] [bmv2] [D] [thread 32679] [43.0] [cxt 0] Deparsing header 'ethernet'
[09:38:18.260] [bmv2] [D] [thread 32679] [43.0] [cxt 0] Deparser 'deparser': end
[09:38:18.260] [bmv2] [D] [thread 32683] [43.0] [cxt 0] Transmitting packet of size 107 out of port 0
[09:38:18.963] [bmv2] [D] [thread 32678] [44.0] [cxt 0] Processing packet received on port 1
[09:38:18.964] [bmv2] [D] [thread 32678] [44.0] [cxt 0] Parser 'parser': start
[09:38:18.964] [bmv2] [D] [thread 32678] [44.0] [cxt 0] Parser 'parser' entering state 'start'
[09:38:18.964] [bmv2] [D] [thread 32678] [44.0] [cxt 0] Extracting header 'ethernet'
[09:38:18.964] [bmv2] [D] [thread 32678] [44.0] [cxt 0] Parser state 'start': key is 86dd
[09:38:18.964] [bmv2] [T] [thread 32678] [44.0] [cxt 0] Bytes parsed: 14
[09:38:18.964] [bmv2] [D] [thread 32678] [44.0] [cxt 0] Parser 'parser': end
[09:38:18.964] [bmv2] [D] [thread 32678] [44.0] [cxt 0] Pipeline 'ingress': start
[09:38:18.964] [bmv2] [T] [thread 32678] [44.0] [cxt 0] basic.p4(95) Condition "hdr.ipv4.dstAddr == 32w167772417" (node_2) is false
[09:38:18.964] [bmv2] [T] [thread 32678] [44.0] [cxt 0] basic.p4(101) Condition "hdr.ipv4.dstAddr == 32w167772674" (node_4) is false
[09:38:18.964] [bmv2] [D] [thread 32678] [44.0] [cxt 0] Pipeline 'ingress': end
[09:38:18.964] [bmv2] [D] [thread 32678] [44.0] [cxt 0] Egress port is 0
[09:38:18.964] [bmv2] [D] [thread 32679] [44.0] [cxt 0] Pipeline 'egress': start
[09:38:18.964] [bmv2] [D] [thread 32679] [44.0] [cxt 0] Pipeline 'egress': end
[09:38:18.964] [bmv2] [D] [thread 32679] [44.0] [cxt 0] Deparser 'deparser': start
[09:38:18.964] [bmv2] [T] [thread 32679] [44.0] [cxt 0] Skipping checksum 'cksum' update because condition not met
[09:38:18.964] [bmv2] [D] [thread 32679] [44.0] [cxt 0] Deparsing header 'ethernet'
[09:38:18.964] [bmv2] [D] [thread 32679] [44.0] [cxt 0] Deparser 'deparser': end
[09:38:18.964] [bmv2] [D] [thread 32683] [44.0] [cxt 0] Transmitting packet of size 107 out of port 0
[09:38:20.111] [bmv2] [D] [thread 32678] [45.0] [cxt 0] Processing packet received on port 1
[09:38:20.111] [bmv2] [D] [thread 32678] [45.0] [cxt 0] Parser 'parser': start
[09:38:20.111] [bmv2] [D] [thread 32678] [45.0] [cxt 0] Parser 'parser' entering state 'start'
[09:38:20.111] [bmv2] [D] [thread 32678] [45.0] [cxt 0] Extracting header 'ethernet'
[09:38:20.111] [bmv2] [D] [thread 32678] [45.0] [cxt 0] Parser state 'start': key is 86dd
[09:38:20.111] [bmv2] [T] [thread 32678] [45.0] [cxt 0] Bytes parsed: 14
[09:38:20.111] [bmv2] [D] [thread 32678] [45.0] [cxt 0] Parser 'parser': end
[09:38:20.111] [bmv2] [D] [thread 32678] [45.0] [cxt 0] Pipeline 'ingress': start
[09:38:20.111] [bmv2] [T] [thread 32678] [45.0] [cxt 0] basic.p4(95) Condition "hdr.ipv4.dstAddr == 32w167772417" (node_2) is false
[09:38:20.111] [bmv2] [T] [thread 32678] [45.0] [cxt 0] basic.p4(101) Condition "hdr.ipv4.dstAddr == 32w167772674" (node_4) is false
[09:38:20.111] [bmv2] [D] [thread 32678] [45.0] [cxt 0] Pipeline 'ingress': end
[09:38:20.111] [bmv2] [D] [thread 32678] [45.0] [cxt 0] Egress port is 0
[09:38:20.111] [bmv2] [D] [thread 32678] [46.0] [cxt 0] Processing packet received on port 2
[09:38:20.111] [bmv2] [D] [thread 32678] [46.0] [cxt 0] Parser 'parser': start
[09:38:20.111] [bmv2] [D] [thread 32678] [46.0] [cxt 0] Parser 'parser' entering state 'start'
[09:38:20.111] [bmv2] [D] [thread 32678] [46.0] [cxt 0] Extracting header 'ethernet'
[09:38:20.111] [bmv2] [D] [thread 32678] [46.0] [cxt 0] Parser state 'start': key is 86dd
[09:38:20.111] [bmv2] [T] [thread 32678] [46.0] [cxt 0] Bytes parsed: 14
[09:38:20.111] [bmv2] [D] [thread 32678] [46.0] [cxt 0] Parser 'parser': end
[09:38:20.111] [bmv2] [D] [thread 32678] [46.0] [cxt 0] Pipeline 'ingress': start
[09:38:20.111] [bmv2] [T] [thread 32678] [46.0] [cxt 0] basic.p4(95) Condition "hdr.ipv4.dstAddr == 32w167772417" (node_2) is false
[09:38:20.111] [bmv2] [T] [thread 32678] [46.0] [cxt 0] basic.p4(101) Condition "hdr.ipv4.dstAddr == 32w167772674" (node_4) is false
[09:38:20.111] [bmv2] [D] [thread 32678] [46.0] [cxt 0] Pipeline 'ingress': end
[09:38:20.111] [bmv2] [D] [thread 32678] [46.0] [cxt 0] Egress port is 0
[09:38:20.111] [bmv2] [D] [thread 32679] [45.0] [cxt 0] Pipeline 'egress': start
[09:38:20.111] [bmv2] [D] [thread 32679] [45.0] [cxt 0] Pipeline 'egress': end
[09:38:20.111] [bmv2] [D] [thread 32679] [45.0] [cxt 0] Deparser 'deparser': start
[09:38:20.111] [bmv2] [T] [thread 32679] [45.0] [cxt 0] Skipping checksum 'cksum' update because condition not met
[09:38:20.111] [bmv2] [D] [thread 32679] [45.0] [cxt 0] Deparsing header 'ethernet'
[09:38:20.111] [bmv2] [D] [thread 32679] [45.0] [cxt 0] Deparser 'deparser': end
[09:38:20.111] [bmv2] [D] [thread 32679] [46.0] [cxt 0] Pipeline 'egress': start
[09:38:20.111] [bmv2] [D] [thread 32679] [46.0] [cxt 0] Pipeline 'egress': end
[09:38:20.111] [bmv2] [D] [thread 32679] [46.0] [cxt 0] Deparser 'deparser': start
[09:38:20.111] [bmv2] [T] [thread 32679] [46.0] [cxt 0] Skipping checksum 'cksum' update because condition not met
[09:38:20.111] [bmv2] [D] [thread 32679] [46.0] [cxt 0] Deparsing header 'ethernet'
[09:38:20.111] [bmv2] [D] [thread 32679] [46.0] [cxt 0] Deparser 'deparser': end
[09:38:20.111] [bmv2] [D] [thread 32683] [45.0] [cxt 0] Transmitting packet of size 70 out of port 0
[09:38:20.111] [bmv2] [D] [thread 32683] [46.0] [cxt 0] Transmitting packet of size 70 out of port 0
[09:39:22.261] [bmv2] [D] [thread 32678] [47.0] [cxt 0] Processing packet received on port 2
[09:39:22.261] [bmv2] [D] [thread 32678] [47.0] [cxt 0] Parser 'parser': start
[09:39:22.261] [bmv2] [D] [thread 32678] [47.0] [cxt 0] Parser 'parser' entering state 'start'
[09:39:22.261] [bmv2] [D] [thread 32678] [47.0] [cxt 0] Extracting header 'ethernet'
[09:39:22.261] [bmv2] [D] [thread 32678] [47.0] [cxt 0] Parser state 'start': key is 86dd
[09:39:22.261] [bmv2] [T] [thread 32678] [47.0] [cxt 0] Bytes parsed: 14
[09:39:22.261] [bmv2] [D] [thread 32678] [47.0] [cxt 0] Parser 'parser': end
[09:39:22.261] [bmv2] [D] [thread 32678] [47.0] [cxt 0] Pipeline 'ingress': start
[09:39:22.261] [bmv2] [T] [thread 32678] [47.0] [cxt 0] basic.p4(95) Condition "hdr.ipv4.dstAddr == 32w167772417" (node_2) is false
[09:39:22.262] [bmv2] [T] [thread 32678] [47.0] [cxt 0] basic.p4(101) Condition "hdr.ipv4.dstAddr == 32w167772674" (node_4) is false
[09:39:22.262] [bmv2] [D] [thread 32678] [47.0] [cxt 0] Pipeline 'ingress': end
[09:39:22.262] [bmv2] [D] [thread 32678] [47.0] [cxt 0] Egress port is 0
[09:39:22.262] [bmv2] [D] [thread 32679] [47.0] [cxt 0] Pipeline 'egress': start
[09:39:22.262] [bmv2] [D] [thread 32679] [47.0] [cxt 0] Pipeline 'egress': end
[09:39:22.262] [bmv2] [D] [thread 32679] [47.0] [cxt 0] Deparser 'deparser': start
[09:39:22.262] [bmv2] [T] [thread 32679] [47.0] [cxt 0] Skipping checksum 'cksum' update because condition not met
[09:39:22.262] [bmv2] [D] [thread 32679] [47.0] [cxt 0] Deparsing header 'ethernet'
[09:39:22.262] [bmv2] [D] [thread 32679] [47.0] [cxt 0] Deparser 'deparser': end
[09:39:22.262] [bmv2] [D] [thread 32683] [47.0] [cxt 0] Transmitting packet of size 107 out of port 0
[09:39:22.964] [bmv2] [D] [thread 32678] [48.0] [cxt 0] Processing packet received on port 1
[09:39:22.964] [bmv2] [D] [thread 32678] [48.0] [cxt 0] Parser 'parser': start
[09:39:22.964] [bmv2] [D] [thread 32678] [48.0] [cxt 0] Parser 'parser' entering state 'start'
[09:39:22.964] [bmv2] [D] [thread 32678] [48.0] [cxt 0] Extracting header 'ethernet'
[09:39:22.964] [bmv2] [D] [thread 32678] [48.0] [cxt 0] Parser state 'start': key is 86dd
[09:39:22.964] [bmv2] [T] [thread 32678] [48.0] [cxt 0] Bytes parsed: 14
[09:39:22.964] [bmv2] [D] [thread 32678] [48.0] [cxt 0] Parser 'parser': end
[09:39:22.964] [bmv2] [D] [thread 32678] [48.0] [cxt 0] Pipeline 'ingress': start
[09:39:22.964] [bmv2] [T] [thread 32678] [48.0] [cxt 0] basic.p4(95) Condition "hdr.ipv4.dstAddr == 32w167772417" (node_2) is false
[09:39:22.964] [bmv2] [T] [thread 32678] [48.0] [cxt 0] basic.p4(101) Condition "hdr.ipv4.dstAddr == 32w167772674" (node_4) is false
[09:39:22.964] [bmv2] [D] [thread 32678] [48.0] [cxt 0] Pipeline 'ingress': end
[09:39:22.964] [bmv2] [D] [thread 32678] [48.0] [cxt 0] Egress port is 0
[09:39:22.964] [bmv2] [D] [thread 32679] [48.0] [cxt 0] Pipeline 'egress': start
[09:39:22.964] [bmv2] [D] [thread 32679] [48.0] [cxt 0] Pipeline 'egress': end
[09:39:22.964] [bmv2] [D] [thread 32679] [48.0] [cxt 0] Deparser 'deparser': start
[09:39:22.964] [bmv2] [T] [thread 32679] [48.0] [cxt 0] Skipping checksum 'cksum' update because condition not met
[09:39:22.964] [bmv2] [D] [thread 32679] [48.0] [cxt 0] Deparsing header 'ethernet'
[09:39:22.964] [bmv2] [D] [thread 32679] [48.0] [cxt 0] Deparser 'deparser': end
[09:39:22.964] [bmv2] [D] [thread 32683] [48.0] [cxt 0] Transmitting packet of size 107 out of port 0
[09:39:23.602] [bmv2] [D] [thread 32678] [49.0] [cxt 0] Processing packet received on port 2
[09:39:23.602] [bmv2] [D] [thread 32678] [49.0] [cxt 0] Parser 'parser': start
[09:39:23.602] [bmv2] [D] [thread 32678] [49.0] [cxt 0] Parser 'parser' entering state 'start'
[09:39:23.602] [bmv2] [D] [thread 32678] [49.0] [cxt 0] Extracting header 'ethernet'
[09:39:23.602] [bmv2] [D] [thread 32678] [49.0] [cxt 0] Parser state 'start': key is 86dd
[09:39:23.602] [bmv2] [T] [thread 32678] [49.0] [cxt 0] Bytes parsed: 14
[09:39:23.602] [bmv2] [D] [thread 32678] [49.0] [cxt 0] Parser 'parser': end
[09:39:23.602] [bmv2] [D] [thread 32678] [49.0] [cxt 0] Pipeline 'ingress': start
[09:39:23.603] [bmv2] [T] [thread 32678] [49.0] [cxt 0] basic.p4(95) Condition "hdr.ipv4.dstAddr == 32w167772417" (node_2) is false
[09:39:23.603] [bmv2] [T] [thread 32678] [49.0] [cxt 0] basic.p4(101) Condition "hdr.ipv4.dstAddr == 32w167772674" (node_4) is false
[09:39:23.603] [bmv2] [D] [thread 32678] [49.0] [cxt 0] Pipeline 'ingress': end
[09:39:23.603] [bmv2] [D] [thread 32678] [49.0] [cxt 0] Egress port is 0
[09:39:23.603] [bmv2] [D] [thread 32679] [49.0] [cxt 0] Pipeline 'egress': start
[09:39:23.603] [bmv2] [D] [thread 32679] [49.0] [cxt 0] Pipeline 'egress': end
[09:39:23.603] [bmv2] [D] [thread 32679] [49.0] [cxt 0] Deparser 'deparser': start
[09:39:23.603] [bmv2] [T] [thread 32679] [49.0] [cxt 0] Skipping checksum 'cksum' update because condition not met
[09:39:23.603] [bmv2] [D] [thread 32679] [49.0] [cxt 0] Deparsing header 'ethernet'
[09:39:23.603] [bmv2] [D] [thread 32679] [49.0] [cxt 0] Deparser 'deparser': end
[09:39:23.603] [bmv2] [D] [thread 32683] [49.0] [cxt 0] Transmitting packet of size 70 out of port 0
[09:39:25.647] [bmv2] [D] [thread 32678] [50.0] [cxt 0] Processing packet received on port 1
[09:39:25.647] [bmv2] [D] [thread 32678] [50.0] [cxt 0] Parser 'parser': start
[09:39:25.647] [bmv2] [D] [thread 32678] [50.0] [cxt 0] Parser 'parser' entering state 'start'
[09:39:25.647] [bmv2] [D] [thread 32678] [50.0] [cxt 0] Extracting header 'ethernet'
[09:39:25.647] [bmv2] [D] [thread 32678] [50.0] [cxt 0] Parser state 'start': key is 86dd
[09:39:25.647] [bmv2] [T] [thread 32678] [50.0] [cxt 0] Bytes parsed: 14
[09:39:25.647] [bmv2] [D] [thread 32678] [50.0] [cxt 0] Parser 'parser': end
[09:39:25.647] [bmv2] [D] [thread 32678] [50.0] [cxt 0] Pipeline 'ingress': start
[09:39:25.647] [bmv2] [T] [thread 32678] [50.0] [cxt 0] basic.p4(95) Condition "hdr.ipv4.dstAddr == 32w167772417" (node_2) is false
[09:39:25.647] [bmv2] [T] [thread 32678] [50.0] [cxt 0] basic.p4(101) Condition "hdr.ipv4.dstAddr == 32w167772674" (node_4) is false
[09:39:25.647] [bmv2] [D] [thread 32678] [50.0] [cxt 0] Pipeline 'ingress': end
[09:39:25.647] [bmv2] [D] [thread 32678] [50.0] [cxt 0] Egress port is 0
[09:39:25.647] [bmv2] [D] [thread 32679] [50.0] [cxt 0] Pipeline 'egress': start
[09:39:25.647] [bmv2] [D] [thread 32679] [50.0] [cxt 0] Pipeline 'egress': end
[09:39:25.647] [bmv2] [D] [thread 32679] [50.0] [cxt 0] Deparser 'deparser': start
[09:39:25.647] [bmv2] [T] [thread 32679] [50.0] [cxt 0] Skipping checksum 'cksum' update because condition not met
[09:39:25.647] [bmv2] [D] [thread 32679] [50.0] [cxt 0] Deparsing header 'ethernet'
[09:39:25.647] [bmv2] [D] [thread 32679] [50.0] [cxt 0] Deparser 'deparser': end
[09:39:25.647] [bmv2] [D] [thread 32683] [50.0] [cxt 0] Transmitting packet of size 70 out of port 0
