Calling target program-options parser
[13:40:12.736] [bmv2] [D] [thread 4554] Set default default entry for table 'MyIngress.ipv4_lpm': MyIngress.drop - 
Adding interface s1-eth1 as port 1
[13:40:12.736] [bmv2] [D] [thread 4554] Adding interface s1-eth1 as port 1
Adding interface s1-eth2 as port 2
[13:40:12.775] [bmv2] [D] [thread 4554] Adding interface s1-eth2 as port 2
Server listening on 0.0.0.0:50051
[13:40:12.809] [bmv2] [I] [thread 4554] Starting Thrift server on port 9090
[13:40:12.810] [bmv2] [I] [thread 4554] Thrift server was started
[13:40:13.167] [bmv2] [D] [thread 4564] [0.0] [cxt 0] Processing packet received on port 2
[13:40:13.167] [bmv2] [D] [thread 4564] [0.0] [cxt 0] Parser 'parser': start
[13:40:13.167] [bmv2] [D] [thread 4564] [0.0] [cxt 0] Parser 'parser' entering state 'start'
[13:40:13.167] [bmv2] [D] [thread 4564] [0.0] [cxt 0] Extracting header 'ethernet'
[13:40:13.167] [bmv2] [D] [thread 4564] [0.0] [cxt 0] Parser state 'start': key is 86dd
[13:40:13.167] [bmv2] [T] [thread 4564] [0.0] [cxt 0] Bytes parsed: 14
[13:40:13.167] [bmv2] [D] [thread 4564] [0.0] [cxt 0] Parser 'parser': end
[13:40:13.167] [bmv2] [D] [thread 4564] [0.0] [cxt 0] Pipeline 'ingress': start
[13:40:13.167] [bmv2] [T] [thread 4564] [0.0] [cxt 0] basic.p4(117) Condition "hdr.ipv4.isValid()" (node_2) is false
[13:40:13.167] [bmv2] [D] [thread 4564] [0.0] [cxt 0] Pipeline 'ingress': end
[13:40:13.167] [bmv2] [D] [thread 4564] [0.0] [cxt 0] Egress port is 0
[13:40:13.167] [bmv2] [D] [thread 4565] [0.0] [cxt 0] Pipeline 'egress': start
[13:40:13.167] [bmv2] [D] [thread 4565] [0.0] [cxt 0] Pipeline 'egress': end
[13:40:13.167] [bmv2] [D] [thread 4565] [0.0] [cxt 0] Deparser 'deparser': start
[13:40:13.168] [bmv2] [T] [thread 4565] [0.0] [cxt 0] Skipping checksum 'cksum' update because condition not met
[13:40:13.168] [bmv2] [D] [thread 4565] [0.0] [cxt 0] Deparsing header 'ethernet'
[13:40:13.168] [bmv2] [D] [thread 4565] [0.0] [cxt 0] Deparser 'deparser': end
[13:40:13.168] [bmv2] [D] [thread 4569] [0.0] [cxt 0] Transmitting packet of size 86 out of port 0
[13:40:13.294] [bmv2] [D] [thread 4564] [1.0] [cxt 0] Processing packet received on port 1
[13:40:13.294] [bmv2] [D] [thread 4564] [1.0] [cxt 0] Parser 'parser': start
[13:40:13.294] [bmv2] [D] [thread 4564] [1.0] [cxt 0] Parser 'parser' entering state 'start'
[13:40:13.294] [bmv2] [D] [thread 4564] [1.0] [cxt 0] Extracting header 'ethernet'
[13:40:13.294] [bmv2] [D] [thread 4564] [1.0] [cxt 0] Parser state 'start': key is 86dd
[13:40:13.294] [bmv2] [T] [thread 4564] [1.0] [cxt 0] Bytes parsed: 14
[13:40:13.294] [bmv2] [D] [thread 4564] [1.0] [cxt 0] Parser 'parser': end
[13:40:13.294] [bmv2] [D] [thread 4564] [1.0] [cxt 0] Pipeline 'ingress': start
[13:40:13.294] [bmv2] [T] [thread 4564] [1.0] [cxt 0] basic.p4(117) Condition "hdr.ipv4.isValid()" (node_2) is false
[13:40:13.294] [bmv2] [D] [thread 4564] [1.0] [cxt 0] Pipeline 'ingress': end
[13:40:13.294] [bmv2] [D] [thread 4564] [1.0] [cxt 0] Egress port is 0
[13:40:13.294] [bmv2] [D] [thread 4565] [1.0] [cxt 0] Pipeline 'egress': start
[13:40:13.294] [bmv2] [D] [thread 4565] [1.0] [cxt 0] Pipeline 'egress': end
[13:40:13.294] [bmv2] [D] [thread 4565] [1.0] [cxt 0] Deparser 'deparser': start
[13:40:13.294] [bmv2] [T] [thread 4565] [1.0] [cxt 0] Skipping checksum 'cksum' update because condition not met
[13:40:13.294] [bmv2] [D] [thread 4565] [1.0] [cxt 0] Deparsing header 'ethernet'
[13:40:13.294] [bmv2] [D] [thread 4565] [1.0] [cxt 0] Deparser 'deparser': end
[13:40:13.294] [bmv2] [D] [thread 4569] [1.0] [cxt 0] Transmitting packet of size 90 out of port 0
[13:40:13.518] [bmv2] [D] [thread 4564] [2.0] [cxt 0] Processing packet received on port 2
[13:40:13.519] [bmv2] [D] [thread 4564] [2.0] [cxt 0] Parser 'parser': start
[13:40:13.519] [bmv2] [D] [thread 4564] [2.0] [cxt 0] Parser 'parser' entering state 'start'
[13:40:13.519] [bmv2] [D] [thread 4564] [2.0] [cxt 0] Extracting header 'ethernet'
[13:40:13.519] [bmv2] [D] [thread 4564] [2.0] [cxt 0] Parser state 'start': key is 86dd
[13:40:13.519] [bmv2] [T] [thread 4564] [2.0] [cxt 0] Bytes parsed: 14
[13:40:13.519] [bmv2] [D] [thread 4564] [2.0] [cxt 0] Parser 'parser': end
[13:40:13.519] [bmv2] [D] [thread 4564] [2.0] [cxt 0] Pipeline 'ingress': start
[13:40:13.519] [bmv2] [T] [thread 4564] [2.0] [cxt 0] basic.p4(117) Condition "hdr.ipv4.isValid()" (node_2) is false
[13:40:13.519] [bmv2] [D] [thread 4564] [2.0] [cxt 0] Pipeline 'ingress': end
[13:40:13.519] [bmv2] [D] [thread 4564] [2.0] [cxt 0] Egress port is 0
[13:40:13.519] [bmv2] [D] [thread 4565] [2.0] [cxt 0] Pipeline 'egress': start
[13:40:13.519] [bmv2] [D] [thread 4565] [2.0] [cxt 0] Pipeline 'egress': end
[13:40:13.519] [bmv2] [D] [thread 4565] [2.0] [cxt 0] Deparser 'deparser': start
[13:40:13.519] [bmv2] [T] [thread 4565] [2.0] [cxt 0] Skipping checksum 'cksum' update because condition not met
[13:40:13.519] [bmv2] [D] [thread 4565] [2.0] [cxt 0] Deparsing header 'ethernet'
[13:40:13.519] [bmv2] [D] [thread 4565] [2.0] [cxt 0] Deparser 'deparser': end
[13:40:13.519] [bmv2] [D] [thread 4569] [2.0] [cxt 0] Transmitting packet of size 90 out of port 0
[13:40:13.615] [bmv2] [D] [thread 4564] [3.0] [cxt 0] Processing packet received on port 1
[13:40:13.615] [bmv2] [D] [thread 4564] [3.0] [cxt 0] Parser 'parser': start
[13:40:13.615] [bmv2] [D] [thread 4564] [3.0] [cxt 0] Parser 'parser' entering state 'start'
[13:40:13.615] [bmv2] [D] [thread 4564] [3.0] [cxt 0] Extracting header 'ethernet'
[13:40:13.615] [bmv2] [D] [thread 4564] [3.0] [cxt 0] Parser state 'start': key is 86dd
[13:40:13.615] [bmv2] [T] [thread 4564] [3.0] [cxt 0] Bytes parsed: 14
[13:40:13.615] [bmv2] [D] [thread 4564] [3.0] [cxt 0] Parser 'parser': end
[13:40:13.615] [bmv2] [D] [thread 4564] [3.0] [cxt 0] Pipeline 'ingress': start
[13:40:13.615] [bmv2] [T] [thread 4564] [3.0] [cxt 0] basic.p4(117) Condition "hdr.ipv4.isValid()" (node_2) is false
[13:40:13.615] [bmv2] [D] [thread 4564] [3.0] [cxt 0] Pipeline 'ingress': end
[13:40:13.615] [bmv2] [D] [thread 4564] [3.0] [cxt 0] Egress port is 0
[13:40:13.615] [bmv2] [D] [thread 4565] [3.0] [cxt 0] Pipeline 'egress': start
[13:40:13.615] [bmv2] [D] [thread 4565] [3.0] [cxt 0] Pipeline 'egress': end
[13:40:13.615] [bmv2] [D] [thread 4565] [3.0] [cxt 0] Deparser 'deparser': start
[13:40:13.615] [bmv2] [T] [thread 4565] [3.0] [cxt 0] Skipping checksum 'cksum' update because condition not met
[13:40:13.615] [bmv2] [D] [thread 4565] [3.0] [cxt 0] Deparsing header 'ethernet'
[13:40:13.615] [bmv2] [D] [thread 4565] [3.0] [cxt 0] Deparser 'deparser': end
[13:40:13.615] [bmv2] [D] [thread 4569] [3.0] [cxt 0] Transmitting packet of size 86 out of port 0
[13:40:14.194] [bmv2] [D] [thread 4564] [4.0] [cxt 0] Processing packet received on port 2
[13:40:14.194] [bmv2] [D] [thread 4564] [4.0] [cxt 0] Parser 'parser': start
[13:40:14.194] [bmv2] [D] [thread 4564] [4.0] [cxt 0] Parser 'parser' entering state 'start'
[13:40:14.194] [bmv2] [D] [thread 4564] [4.0] [cxt 0] Extracting header 'ethernet'
[13:40:14.194] [bmv2] [D] [thread 4564] [4.0] [cxt 0] Parser state 'start': key is 86dd
[13:40:14.194] [bmv2] [T] [thread 4564] [4.0] [cxt 0] Bytes parsed: 14
[13:40:14.194] [bmv2] [D] [thread 4564] [4.0] [cxt 0] Parser 'parser': end
[13:40:14.194] [bmv2] [D] [thread 4564] [4.0] [cxt 0] Pipeline 'ingress': start
[13:40:14.194] [bmv2] [T] [thread 4564] [4.0] [cxt 0] basic.p4(117) Condition "hdr.ipv4.isValid()" (node_2) is false
[13:40:14.194] [bmv2] [D] [thread 4564] [4.0] [cxt 0] Pipeline 'ingress': end
[13:40:14.194] [bmv2] [D] [thread 4564] [4.0] [cxt 0] Egress port is 0
[13:40:14.194] [bmv2] [D] [thread 4564] [5.0] [cxt 0] Processing packet received on port 2
[13:40:14.194] [bmv2] [D] [thread 4564] [5.0] [cxt 0] Parser 'parser': start
[13:40:14.194] [bmv2] [D] [thread 4564] [5.0] [cxt 0] Parser 'parser' entering state 'start'
[13:40:14.194] [bmv2] [D] [thread 4564] [5.0] [cxt 0] Extracting header 'ethernet'
[13:40:14.194] [bmv2] [D] [thread 4564] [5.0] [cxt 0] Parser state 'start': key is 86dd
[13:40:14.194] [bmv2] [T] [thread 4564] [5.0] [cxt 0] Bytes parsed: 14
[13:40:14.194] [bmv2] [D] [thread 4564] [5.0] [cxt 0] Parser 'parser': end
[13:40:14.195] [bmv2] [D] [thread 4564] [5.0] [cxt 0] Pipeline 'ingress': start
[13:40:14.195] [bmv2] [T] [thread 4564] [5.0] [cxt 0] basic.p4(117) Condition "hdr.ipv4.isValid()" (node_2) is false
[13:40:14.195] [bmv2] [D] [thread 4564] [5.0] [cxt 0] Pipeline 'ingress': end
[13:40:14.195] [bmv2] [D] [thread 4564] [5.0] [cxt 0] Egress port is 0
[13:40:14.195] [bmv2] [D] [thread 4565] [4.0] [cxt 0] Pipeline 'egress': start
[13:40:14.195] [bmv2] [D] [thread 4565] [4.0] [cxt 0] Pipeline 'egress': end
[13:40:14.195] [bmv2] [D] [thread 4565] [4.0] [cxt 0] Deparser 'deparser': start
[13:40:14.195] [bmv2] [T] [thread 4565] [4.0] [cxt 0] Skipping checksum 'cksum' update because condition not met
[13:40:14.195] [bmv2] [D] [thread 4565] [4.0] [cxt 0] Deparsing header 'ethernet'
[13:40:14.196] [bmv2] [D] [thread 4565] [4.0] [cxt 0] Deparser 'deparser': end
[13:40:14.196] [bmv2] [D] [thread 4565] [5.0] [cxt 0] Pipeline 'egress': start
[13:40:14.196] [bmv2] [D] [thread 4565] [5.0] [cxt 0] Pipeline 'egress': end
[13:40:14.196] [bmv2] [D] [thread 4565] [5.0] [cxt 0] Deparser 'deparser': start
[13:40:14.196] [bmv2] [T] [thread 4565] [5.0] [cxt 0] Skipping checksum 'cksum' update because condition not met
[13:40:14.196] [bmv2] [D] [thread 4565] [5.0] [cxt 0] Deparsing header 'ethernet'
[13:40:14.196] [bmv2] [D] [thread 4565] [5.0] [cxt 0] Deparser 'deparser': end
[13:40:14.196] [bmv2] [D] [thread 4569] [4.0] [cxt 0] Transmitting packet of size 90 out of port 0
[13:40:14.196] [bmv2] [D] [thread 4569] [5.0] [cxt 0] Transmitting packet of size 70 out of port 0
[13:40:14.253] [bmv2] [W] [thread 4600] [P4Runtime] p4::tmp::P4DeviceConfig is deprecated
[13:40:14.253] [bmv2] [D] [thread 4600] Set default default entry for table 'MyIngress.ipv4_lpm': MyIngress.drop - 
[13:40:14.254] [bmv2] [D] [thread 4600] simple_switch target has been notified of a config swap
[13:40:14.255] [bmv2] [D] [thread 4601] Set default entry for table 'MyIngress.ipv4_lpm': MyIngress.drop - 
[13:40:14.256] [bmv2] [D] [thread 4600] Entry 0 added to table 'MyIngress.ipv4_lpm'
[13:40:14.256] [bmv2] [D] [thread 4600] Dumping entry 0
Match key:
* hdr.ipv4.dstAddr    : LPM       0a000101/32
Action entry: MyIngress.ipv4_forward - 80000000111,1,

[13:40:14.257] [bmv2] [D] [thread 4601] Entry 1 added to table 'MyIngress.ipv4_lpm'
[13:40:14.257] [bmv2] [D] [thread 4601] Dumping entry 1
Match key:
* hdr.ipv4.dstAddr    : LPM       0a000202/32
Action entry: MyIngress.ipv4_forward - 80000000222,2,

[13:40:14.642] [bmv2] [D] [thread 4564] [6.0] [cxt 0] Processing packet received on port 1
[13:40:14.642] [bmv2] [D] [thread 4564] [6.0] [cxt 0] Parser 'parser': start
[13:40:14.642] [bmv2] [D] [thread 4564] [6.0] [cxt 0] Parser 'parser' entering state 'start'
[13:40:14.642] [bmv2] [D] [thread 4564] [6.0] [cxt 0] Extracting header 'ethernet'
[13:40:14.642] [bmv2] [D] [thread 4564] [6.0] [cxt 0] Parser state 'start': key is 86dd
[13:40:14.642] [bmv2] [T] [thread 4564] [6.0] [cxt 0] Bytes parsed: 14
[13:40:14.642] [bmv2] [D] [thread 4564] [6.0] [cxt 0] Parser 'parser': end
[13:40:14.642] [bmv2] [D] [thread 4564] [6.0] [cxt 0] Pipeline 'ingress': start
[13:40:14.642] [bmv2] [T] [thread 4564] [6.0] [cxt 0] basic.p4(117) Condition "hdr.ipv4.isValid()" (node_2) is false
[13:40:14.642] [bmv2] [D] [thread 4564] [6.0] [cxt 0] Pipeline 'ingress': end
[13:40:14.642] [bmv2] [D] [thread 4564] [6.0] [cxt 0] Egress port is 0
[13:40:14.642] [bmv2] [D] [thread 4564] [7.0] [cxt 0] Processing packet received on port 1
[13:40:14.642] [bmv2] [D] [thread 4564] [7.0] [cxt 0] Parser 'parser': start
[13:40:14.642] [bmv2] [D] [thread 4564] [7.0] [cxt 0] Parser 'parser' entering state 'start'
[13:40:14.642] [bmv2] [D] [thread 4564] [7.0] [cxt 0] Extracting header 'ethernet'
[13:40:14.642] [bmv2] [D] [thread 4564] [7.0] [cxt 0] Parser state 'start': key is 86dd
[13:40:14.642] [bmv2] [T] [thread 4564] [7.0] [cxt 0] Bytes parsed: 14
[13:40:14.642] [bmv2] [D] [thread 4564] [7.0] [cxt 0] Parser 'parser': end
[13:40:14.642] [bmv2] [D] [thread 4564] [7.0] [cxt 0] Pipeline 'ingress': start
[13:40:14.642] [bmv2] [T] [thread 4564] [7.0] [cxt 0] basic.p4(117) Condition "hdr.ipv4.isValid()" (node_2) is false
[13:40:14.643] [bmv2] [D] [thread 4564] [7.0] [cxt 0] Pipeline 'ingress': end
[13:40:14.643] [bmv2] [D] [thread 4564] [7.0] [cxt 0] Egress port is 0
[13:40:14.643] [bmv2] [D] [thread 4565] [6.0] [cxt 0] Pipeline 'egress': start
[13:40:14.643] [bmv2] [D] [thread 4565] [6.0] [cxt 0] Pipeline 'egress': end
[13:40:14.643] [bmv2] [D] [thread 4565] [6.0] [cxt 0] Deparser 'deparser': start
[13:40:14.643] [bmv2] [T] [thread 4565] [6.0] [cxt 0] Skipping checksum 'cksum' update because condition not met
[13:40:14.643] [bmv2] [D] [thread 4565] [6.0] [cxt 0] Deparsing header 'ethernet'
[13:40:14.643] [bmv2] [D] [thread 4565] [6.0] [cxt 0] Deparser 'deparser': end
[13:40:14.643] [bmv2] [D] [thread 4565] [7.0] [cxt 0] Pipeline 'egress': start
[13:40:14.643] [bmv2] [D] [thread 4565] [7.0] [cxt 0] Pipeline 'egress': end
[13:40:14.643] [bmv2] [D] [thread 4565] [7.0] [cxt 0] Deparser 'deparser': start
[13:40:14.643] [bmv2] [T] [thread 4565] [7.0] [cxt 0] Skipping checksum 'cksum' update because condition not met
[13:40:14.643] [bmv2] [D] [thread 4565] [7.0] [cxt 0] Deparsing header 'ethernet'
[13:40:14.643] [bmv2] [D] [thread 4565] [7.0] [cxt 0] Deparser 'deparser': end
[13:40:14.643] [bmv2] [D] [thread 4569] [6.0] [cxt 0] Transmitting packet of size 90 out of port 0
[13:40:14.643] [bmv2] [D] [thread 4569] [7.0] [cxt 0] Transmitting packet of size 70 out of port 0
[13:40:14.830] [bmv2] [D] [thread 4564] [8.0] [cxt 0] Processing packet received on port 2
[13:40:14.830] [bmv2] [D] [thread 4564] [8.0] [cxt 0] Parser 'parser': start
[13:40:14.830] [bmv2] [D] [thread 4564] [8.0] [cxt 0] Parser 'parser' entering state 'start'
[13:40:14.830] [bmv2] [D] [thread 4564] [8.0] [cxt 0] Extracting header 'ethernet'
[13:40:14.830] [bmv2] [D] [thread 4564] [8.0] [cxt 0] Parser state 'start': key is 86dd
[13:40:14.830] [bmv2] [T] [thread 4564] [8.0] [cxt 0] Bytes parsed: 14
[13:40:14.830] [bmv2] [D] [thread 4564] [8.0] [cxt 0] Parser 'parser': end
[13:40:14.830] [bmv2] [D] [thread 4564] [8.0] [cxt 0] Pipeline 'ingress': start
[13:40:14.830] [bmv2] [T] [thread 4564] [8.0] [cxt 0] basic.p4(117) Condition "hdr.ipv4.isValid()" (node_2) is false
[13:40:14.830] [bmv2] [D] [thread 4564] [8.0] [cxt 0] Pipeline 'ingress': end
[13:40:14.830] [bmv2] [D] [thread 4564] [8.0] [cxt 0] Egress port is 0
[13:40:14.830] [bmv2] [D] [thread 4565] [8.0] [cxt 0] Pipeline 'egress': start
[13:40:14.830] [bmv2] [D] [thread 4565] [8.0] [cxt 0] Pipeline 'egress': end
[13:40:14.830] [bmv2] [D] [thread 4565] [8.0] [cxt 0] Deparser 'deparser': start
[13:40:14.830] [bmv2] [T] [thread 4565] [8.0] [cxt 0] Skipping checksum 'cksum' update because condition not met
[13:40:14.830] [bmv2] [D] [thread 4565] [8.0] [cxt 0] Deparsing header 'ethernet'
[13:40:14.830] [bmv2] [D] [thread 4565] [8.0] [cxt 0] Deparser 'deparser': end
[13:40:14.830] [bmv2] [D] [thread 4569] [8.0] [cxt 0] Transmitting packet of size 90 out of port 0
[13:40:15.438] [bmv2] [D] [thread 4564] [9.0] [cxt 0] Processing packet received on port 1
[13:40:15.438] [bmv2] [D] [thread 4564] [9.0] [cxt 0] Parser 'parser': start
[13:40:15.438] [bmv2] [D] [thread 4564] [9.0] [cxt 0] Parser 'parser' entering state 'start'
[13:40:15.438] [bmv2] [D] [thread 4564] [9.0] [cxt 0] Extracting header 'ethernet'
[13:40:15.438] [bmv2] [D] [thread 4564] [9.0] [cxt 0] Parser state 'start': key is 86dd
[13:40:15.438] [bmv2] [T] [thread 4564] [9.0] [cxt 0] Bytes parsed: 14
[13:40:15.438] [bmv2] [D] [thread 4564] [9.0] [cxt 0] Parser 'parser': end
[13:40:15.438] [bmv2] [D] [thread 4564] [9.0] [cxt 0] Pipeline 'ingress': start
[13:40:15.438] [bmv2] [T] [thread 4564] [9.0] [cxt 0] basic.p4(117) Condition "hdr.ipv4.isValid()" (node_2) is false
[13:40:15.438] [bmv2] [D] [thread 4564] [9.0] [cxt 0] Pipeline 'ingress': end
[13:40:15.438] [bmv2] [D] [thread 4564] [9.0] [cxt 0] Egress port is 0
[13:40:15.438] [bmv2] [D] [thread 4565] [9.0] [cxt 0] Pipeline 'egress': start
[13:40:15.438] [bmv2] [D] [thread 4565] [9.0] [cxt 0] Pipeline 'egress': end
[13:40:15.438] [bmv2] [D] [thread 4565] [9.0] [cxt 0] Deparser 'deparser': start
[13:40:15.438] [bmv2] [T] [thread 4565] [9.0] [cxt 0] Skipping checksum 'cksum' update because condition not met
[13:40:15.438] [bmv2] [D] [thread 4565] [9.0] [cxt 0] Deparsing header 'ethernet'
[13:40:15.438] [bmv2] [D] [thread 4565] [9.0] [cxt 0] Deparser 'deparser': end
[13:40:15.438] [bmv2] [D] [thread 4569] [9.0] [cxt 0] Transmitting packet of size 90 out of port 0
[13:40:18.191] [bmv2] [D] [thread 4564] [10.0] [cxt 0] Processing packet received on port 2
[13:40:18.191] [bmv2] [D] [thread 4564] [10.0] [cxt 0] Parser 'parser': start
[13:40:18.191] [bmv2] [D] [thread 4564] [10.0] [cxt 0] Parser 'parser' entering state 'start'
[13:40:18.191] [bmv2] [D] [thread 4564] [10.0] [cxt 0] Extracting header 'ethernet'
[13:40:18.191] [bmv2] [D] [thread 4564] [10.0] [cxt 0] Parser state 'start': key is 86dd
[13:40:18.191] [bmv2] [T] [thread 4564] [10.0] [cxt 0] Bytes parsed: 14
[13:40:18.191] [bmv2] [D] [thread 4564] [10.0] [cxt 0] Parser 'parser': end
[13:40:18.191] [bmv2] [D] [thread 4564] [10.0] [cxt 0] Pipeline 'ingress': start
[13:40:18.191] [bmv2] [T] [thread 4564] [10.0] [cxt 0] basic.p4(117) Condition "hdr.ipv4.isValid()" (node_2) is false
[13:40:18.191] [bmv2] [D] [thread 4564] [10.0] [cxt 0] Pipeline 'ingress': end
[13:40:18.191] [bmv2] [D] [thread 4564] [10.0] [cxt 0] Egress port is 0
[13:40:18.191] [bmv2] [D] [thread 4565] [10.0] [cxt 0] Pipeline 'egress': start
[13:40:18.191] [bmv2] [D] [thread 4565] [10.0] [cxt 0] Pipeline 'egress': end
[13:40:18.191] [bmv2] [D] [thread 4565] [10.0] [cxt 0] Deparser 'deparser': start
[13:40:18.191] [bmv2] [T] [thread 4565] [10.0] [cxt 0] Skipping checksum 'cksum' update because condition not met
[13:40:18.191] [bmv2] [D] [thread 4565] [10.0] [cxt 0] Deparsing header 'ethernet'
[13:40:18.191] [bmv2] [D] [thread 4565] [10.0] [cxt 0] Deparser 'deparser': end
[13:40:18.191] [bmv2] [D] [thread 4569] [10.0] [cxt 0] Transmitting packet of size 70 out of port 0
[13:40:18.958] [bmv2] [D] [thread 4564] [11.0] [cxt 0] Processing packet received on port 1
[13:40:18.958] [bmv2] [D] [thread 4564] [11.0] [cxt 0] Parser 'parser': start
[13:40:18.958] [bmv2] [D] [thread 4564] [11.0] [cxt 0] Parser 'parser' entering state 'start'
[13:40:18.958] [bmv2] [D] [thread 4564] [11.0] [cxt 0] Extracting header 'ethernet'
[13:40:18.958] [bmv2] [D] [thread 4564] [11.0] [cxt 0] Parser state 'start': key is 86dd
[13:40:18.958] [bmv2] [T] [thread 4564] [11.0] [cxt 0] Bytes parsed: 14
[13:40:18.958] [bmv2] [D] [thread 4564] [11.0] [cxt 0] Parser 'parser': end
[13:40:18.959] [bmv2] [D] [thread 4564] [11.0] [cxt 0] Pipeline 'ingress': start
[13:40:18.959] [bmv2] [T] [thread 4564] [11.0] [cxt 0] basic.p4(117) Condition "hdr.ipv4.isValid()" (node_2) is false
[13:40:18.959] [bmv2] [D] [thread 4564] [11.0] [cxt 0] Pipeline 'ingress': end
[13:40:18.959] [bmv2] [D] [thread 4564] [11.0] [cxt 0] Egress port is 0
[13:40:18.959] [bmv2] [D] [thread 4565] [11.0] [cxt 0] Pipeline 'egress': start
[13:40:18.959] [bmv2] [D] [thread 4565] [11.0] [cxt 0] Pipeline 'egress': end
[13:40:18.959] [bmv2] [D] [thread 4565] [11.0] [cxt 0] Deparser 'deparser': start
[13:40:18.959] [bmv2] [T] [thread 4565] [11.0] [cxt 0] Skipping checksum 'cksum' update because condition not met
[13:40:18.959] [bmv2] [D] [thread 4565] [11.0] [cxt 0] Deparsing header 'ethernet'
[13:40:18.959] [bmv2] [D] [thread 4565] [11.0] [cxt 0] Deparser 'deparser': end
[13:40:18.959] [bmv2] [D] [thread 4569] [11.0] [cxt 0] Transmitting packet of size 70 out of port 0
[13:40:26.383] [bmv2] [D] [thread 4564] [12.0] [cxt 0] Processing packet received on port 2
[13:40:26.383] [bmv2] [D] [thread 4564] [12.0] [cxt 0] Parser 'parser': start
[13:40:26.383] [bmv2] [D] [thread 4564] [12.0] [cxt 0] Parser 'parser' entering state 'start'
[13:40:26.383] [bmv2] [D] [thread 4564] [12.0] [cxt 0] Extracting header 'ethernet'
[13:40:26.383] [bmv2] [D] [thread 4564] [12.0] [cxt 0] Parser state 'start': key is 86dd
[13:40:26.383] [bmv2] [T] [thread 4564] [12.0] [cxt 0] Bytes parsed: 14
[13:40:26.383] [bmv2] [D] [thread 4564] [12.0] [cxt 0] Parser 'parser': end
[13:40:26.383] [bmv2] [D] [thread 4564] [12.0] [cxt 0] Pipeline 'ingress': start
[13:40:26.383] [bmv2] [T] [thread 4564] [12.0] [cxt 0] basic.p4(117) Condition "hdr.ipv4.isValid()" (node_2) is false
[13:40:26.383] [bmv2] [D] [thread 4564] [12.0] [cxt 0] Pipeline 'ingress': end
[13:40:26.383] [bmv2] [D] [thread 4564] [12.0] [cxt 0] Egress port is 0
[13:40:26.383] [bmv2] [D] [thread 4565] [12.0] [cxt 0] Pipeline 'egress': start
[13:40:26.383] [bmv2] [D] [thread 4565] [12.0] [cxt 0] Pipeline 'egress': end
[13:40:26.383] [bmv2] [D] [thread 4565] [12.0] [cxt 0] Deparser 'deparser': start
[13:40:26.383] [bmv2] [T] [thread 4565] [12.0] [cxt 0] Skipping checksum 'cksum' update because condition not met
[13:40:26.383] [bmv2] [D] [thread 4565] [12.0] [cxt 0] Deparsing header 'ethernet'
[13:40:26.383] [bmv2] [D] [thread 4565] [12.0] [cxt 0] Deparser 'deparser': end
[13:40:26.383] [bmv2] [D] [thread 4569] [12.0] [cxt 0] Transmitting packet of size 70 out of port 0
[13:40:27.919] [bmv2] [D] [thread 4564] [13.0] [cxt 0] Processing packet received on port 1
[13:40:27.919] [bmv2] [D] [thread 4564] [13.0] [cxt 0] Parser 'parser': start
[13:40:27.919] [bmv2] [D] [thread 4564] [13.0] [cxt 0] Parser 'parser' entering state 'start'
[13:40:27.919] [bmv2] [D] [thread 4564] [13.0] [cxt 0] Extracting header 'ethernet'
[13:40:27.919] [bmv2] [D] [thread 4564] [13.0] [cxt 0] Parser state 'start': key is 86dd
[13:40:27.919] [bmv2] [T] [thread 4564] [13.0] [cxt 0] Bytes parsed: 14
[13:40:27.919] [bmv2] [D] [thread 4564] [13.0] [cxt 0] Parser 'parser': end
[13:40:27.919] [bmv2] [D] [thread 4564] [13.0] [cxt 0] Pipeline 'ingress': start
[13:40:27.919] [bmv2] [T] [thread 4564] [13.0] [cxt 0] basic.p4(117) Condition "hdr.ipv4.isValid()" (node_2) is false
[13:40:27.919] [bmv2] [D] [thread 4564] [13.0] [cxt 0] Pipeline 'ingress': end
[13:40:27.919] [bmv2] [D] [thread 4564] [13.0] [cxt 0] Egress port is 0
[13:40:27.919] [bmv2] [D] [thread 4565] [13.0] [cxt 0] Pipeline 'egress': start
[13:40:27.919] [bmv2] [D] [thread 4565] [13.0] [cxt 0] Pipeline 'egress': end
[13:40:27.919] [bmv2] [D] [thread 4565] [13.0] [cxt 0] Deparser 'deparser': start
[13:40:27.919] [bmv2] [T] [thread 4565] [13.0] [cxt 0] Skipping checksum 'cksum' update because condition not met
[13:40:27.919] [bmv2] [D] [thread 4565] [13.0] [cxt 0] Deparsing header 'ethernet'
[13:40:27.919] [bmv2] [D] [thread 4565] [13.0] [cxt 0] Deparser 'deparser': end
[13:40:27.919] [bmv2] [D] [thread 4569] [13.0] [cxt 0] Transmitting packet of size 70 out of port 0
open: No such file or directory
open: No such file or directory
