Calling target program-options parser
[08:57:16.728] [bmv2] [D] [thread 3128] Set default default entry for table 'tbl_tcp_forward309': tcp_forward309 - 
[08:57:16.728] [bmv2] [D] [thread 3128] Set default default entry for table 'tbl_tcp_forward315': tcp_forward315 - 
Adding interface s1-eth1 as port 1
[08:57:16.729] [bmv2] [D] [thread 3128] Adding interface s1-eth1 as port 1
Adding interface s1-eth2 as port 2
[08:57:16.774] [bmv2] [D] [thread 3128] Adding interface s1-eth2 as port 2
Server listening on 0.0.0.0:50051
[08:57:16.796] [bmv2] [I] [thread 3128] Starting Thrift server on port 9090
[08:57:16.796] [bmv2] [I] [thread 3128] Thrift server was started
[08:57:16.797] [bmv2] [D] [thread 3138] [0.0] [cxt 0] Processing packet received on port 1
[08:57:16.797] [bmv2] [D] [thread 3138] [0.0] [cxt 0] Parser 'parser': start
[08:57:16.797] [bmv2] [D] [thread 3138] [0.0] [cxt 0] Parser 'parser' entering state 'start'
[08:57:16.797] [bmv2] [D] [thread 3138] [0.0] [cxt 0] Extracting header 'ethernet'
[08:57:16.797] [bmv2] [D] [thread 3138] [0.0] [cxt 0] Parser state 'start': key is 86dd
[08:57:16.797] [bmv2] [T] [thread 3138] [0.0] [cxt 0] Bytes parsed: 14
[08:57:16.797] [bmv2] [D] [thread 3138] [0.0] [cxt 0] Parser 'parser': end
[08:57:16.797] [bmv2] [D] [thread 3138] [0.0] [cxt 0] Pipeline 'ingress': start
[08:57:16.797] [bmv2] [T] [thread 3138] [0.0] [cxt 0] tcp_forward.p4(308) Condition "hdr.ipv4.dstAddr == 32w167772417" (node_2) is false
[08:57:16.797] [bmv2] [T] [thread 3138] [0.0] [cxt 0] tcp_forward.p4(314) Condition "hdr.ipv4.dstAddr == 32w167772674" (node_4) is false
[08:57:16.797] [bmv2] [D] [thread 3138] [0.0] [cxt 0] Pipeline 'ingress': end
[08:57:16.797] [bmv2] [D] [thread 3138] [0.0] [cxt 0] Egress port is 0
[08:57:16.797] [bmv2] [D] [thread 3139] [0.0] [cxt 0] Pipeline 'egress': start
[08:57:16.797] [bmv2] [D] [thread 3139] [0.0] [cxt 0] Pipeline 'egress': end
[08:57:16.797] [bmv2] [D] [thread 3139] [0.0] [cxt 0] Deparser 'deparser': start
[08:57:16.797] [bmv2] [T] [thread 3139] [0.0] [cxt 0] Skipping checksum 'cksum' update because condition not met
[08:57:16.797] [bmv2] [D] [thread 3139] [0.0] [cxt 0] Deparsing header 'ethernet'
[08:57:16.797] [bmv2] [D] [thread 3139] [0.0] [cxt 0] Deparser 'deparser': end
[08:57:16.797] [bmv2] [D] [thread 3143] [0.0] [cxt 0] Transmitting packet of size 90 out of port 0
[08:57:17.091] [bmv2] [D] [thread 3138] [1.0] [cxt 0] Processing packet received on port 2
[08:57:17.091] [bmv2] [D] [thread 3138] [1.0] [cxt 0] Parser 'parser': start
[08:57:17.091] [bmv2] [D] [thread 3138] [1.0] [cxt 0] Parser 'parser' entering state 'start'
[08:57:17.091] [bmv2] [D] [thread 3138] [1.0] [cxt 0] Extracting header 'ethernet'
[08:57:17.091] [bmv2] [D] [thread 3138] [1.0] [cxt 0] Parser state 'start': key is 86dd
[08:57:17.091] [bmv2] [T] [thread 3138] [1.0] [cxt 0] Bytes parsed: 14
[08:57:17.091] [bmv2] [D] [thread 3138] [1.0] [cxt 0] Parser 'parser': end
[08:57:17.091] [bmv2] [D] [thread 3138] [1.0] [cxt 0] Pipeline 'ingress': start
[08:57:17.091] [bmv2] [T] [thread 3138] [1.0] [cxt 0] tcp_forward.p4(308) Condition "hdr.ipv4.dstAddr == 32w167772417" (node_2) is false
[08:57:17.091] [bmv2] [T] [thread 3138] [1.0] [cxt 0] tcp_forward.p4(314) Condition "hdr.ipv4.dstAddr == 32w167772674" (node_4) is false
[08:57:17.091] [bmv2] [D] [thread 3138] [1.0] [cxt 0] Pipeline 'ingress': end
[08:57:17.091] [bmv2] [D] [thread 3138] [1.0] [cxt 0] Egress port is 0
[08:57:17.091] [bmv2] [D] [thread 3139] [1.0] [cxt 0] Pipeline 'egress': start
[08:57:17.091] [bmv2] [D] [thread 3139] [1.0] [cxt 0] Pipeline 'egress': end
[08:57:17.091] [bmv2] [D] [thread 3139] [1.0] [cxt 0] Deparser 'deparser': start
[08:57:17.091] [bmv2] [T] [thread 3139] [1.0] [cxt 0] Skipping checksum 'cksum' update because condition not met
[08:57:17.091] [bmv2] [D] [thread 3139] [1.0] [cxt 0] Deparsing header 'ethernet'
[08:57:17.091] [bmv2] [D] [thread 3139] [1.0] [cxt 0] Deparser 'deparser': end
[08:57:17.091] [bmv2] [D] [thread 3143] [1.0] [cxt 0] Transmitting packet of size 90 out of port 0
[08:57:17.127] [bmv2] [D] [thread 3138] [2.0] [cxt 0] Processing packet received on port 1
[08:57:17.127] [bmv2] [D] [thread 3138] [2.0] [cxt 0] Parser 'parser': start
[08:57:17.127] [bmv2] [D] [thread 3138] [2.0] [cxt 0] Parser 'parser' entering state 'start'
[08:57:17.127] [bmv2] [D] [thread 3138] [2.0] [cxt 0] Extracting header 'ethernet'
[08:57:17.127] [bmv2] [D] [thread 3138] [2.0] [cxt 0] Parser state 'start': key is 86dd
[08:57:17.127] [bmv2] [T] [thread 3138] [2.0] [cxt 0] Bytes parsed: 14
[08:57:17.127] [bmv2] [D] [thread 3138] [2.0] [cxt 0] Parser 'parser': end
[08:57:17.127] [bmv2] [D] [thread 3138] [2.0] [cxt 0] Pipeline 'ingress': start
[08:57:17.127] [bmv2] [T] [thread 3138] [2.0] [cxt 0] tcp_forward.p4(308) Condition "hdr.ipv4.dstAddr == 32w167772417" (node_2) is false
[08:57:17.127] [bmv2] [T] [thread 3138] [2.0] [cxt 0] tcp_forward.p4(314) Condition "hdr.ipv4.dstAddr == 32w167772674" (node_4) is false
[08:57:17.127] [bmv2] [D] [thread 3138] [2.0] [cxt 0] Pipeline 'ingress': end
[08:57:17.127] [bmv2] [D] [thread 3138] [2.0] [cxt 0] Egress port is 0
[08:57:17.127] [bmv2] [D] [thread 3139] [2.0] [cxt 0] Pipeline 'egress': start
[08:57:17.127] [bmv2] [D] [thread 3139] [2.0] [cxt 0] Pipeline 'egress': end
[08:57:17.127] [bmv2] [D] [thread 3139] [2.0] [cxt 0] Deparser 'deparser': start
[08:57:17.127] [bmv2] [T] [thread 3139] [2.0] [cxt 0] Skipping checksum 'cksum' update because condition not met
[08:57:17.127] [bmv2] [D] [thread 3139] [2.0] [cxt 0] Deparsing header 'ethernet'
[08:57:17.127] [bmv2] [D] [thread 3139] [2.0] [cxt 0] Deparser 'deparser': end
[08:57:17.127] [bmv2] [D] [thread 3143] [2.0] [cxt 0] Transmitting packet of size 86 out of port 0
[08:57:17.507] [bmv2] [D] [thread 3138] [3.0] [cxt 0] Processing packet received on port 2
[08:57:17.507] [bmv2] [D] [thread 3138] [3.0] [cxt 0] Parser 'parser': start
[08:57:17.507] [bmv2] [D] [thread 3138] [3.0] [cxt 0] Parser 'parser' entering state 'start'
[08:57:17.507] [bmv2] [D] [thread 3138] [3.0] [cxt 0] Extracting header 'ethernet'
[08:57:17.507] [bmv2] [D] [thread 3138] [3.0] [cxt 0] Parser state 'start': key is 86dd
[08:57:17.507] [bmv2] [T] [thread 3138] [3.0] [cxt 0] Bytes parsed: 14
[08:57:17.507] [bmv2] [D] [thread 3138] [3.0] [cxt 0] Parser 'parser': end
[08:57:17.507] [bmv2] [D] [thread 3138] [3.0] [cxt 0] Pipeline 'ingress': start
[08:57:17.507] [bmv2] [T] [thread 3138] [3.0] [cxt 0] tcp_forward.p4(308) Condition "hdr.ipv4.dstAddr == 32w167772417" (node_2) is false
[08:57:17.507] [bmv2] [T] [thread 3138] [3.0] [cxt 0] tcp_forward.p4(314) Condition "hdr.ipv4.dstAddr == 32w167772674" (node_4) is false
[08:57:17.507] [bmv2] [D] [thread 3138] [3.0] [cxt 0] Pipeline 'ingress': end
[08:57:17.507] [bmv2] [D] [thread 3138] [3.0] [cxt 0] Egress port is 0
[08:57:17.507] [bmv2] [D] [thread 3139] [3.0] [cxt 0] Pipeline 'egress': start
[08:57:17.507] [bmv2] [D] [thread 3139] [3.0] [cxt 0] Pipeline 'egress': end
[08:57:17.507] [bmv2] [D] [thread 3139] [3.0] [cxt 0] Deparser 'deparser': start
[08:57:17.507] [bmv2] [T] [thread 3139] [3.0] [cxt 0] Skipping checksum 'cksum' update because condition not met
[08:57:17.507] [bmv2] [D] [thread 3139] [3.0] [cxt 0] Deparsing header 'ethernet'
[08:57:17.507] [bmv2] [D] [thread 3139] [3.0] [cxt 0] Deparser 'deparser': end
[08:57:17.507] [bmv2] [D] [thread 3143] [3.0] [cxt 0] Transmitting packet of size 90 out of port 0
[08:57:17.507] [bmv2] [D] [thread 3138] [4.0] [cxt 0] Processing packet received on port 2
[08:57:17.507] [bmv2] [D] [thread 3138] [4.0] [cxt 0] Parser 'parser': start
[08:57:17.507] [bmv2] [D] [thread 3138] [4.0] [cxt 0] Parser 'parser' entering state 'start'
[08:57:17.507] [bmv2] [D] [thread 3138] [4.0] [cxt 0] Extracting header 'ethernet'
[08:57:17.507] [bmv2] [D] [thread 3138] [4.0] [cxt 0] Parser state 'start': key is 86dd
[08:57:17.507] [bmv2] [T] [thread 3138] [4.0] [cxt 0] Bytes parsed: 14
[08:57:17.507] [bmv2] [D] [thread 3138] [4.0] [cxt 0] Parser 'parser': end
[08:57:17.507] [bmv2] [D] [thread 3138] [4.0] [cxt 0] Pipeline 'ingress': start
[08:57:17.507] [bmv2] [T] [thread 3138] [4.0] [cxt 0] tcp_forward.p4(308) Condition "hdr.ipv4.dstAddr == 32w167772417" (node_2) is false
[08:57:17.507] [bmv2] [T] [thread 3138] [4.0] [cxt 0] tcp_forward.p4(314) Condition "hdr.ipv4.dstAddr == 32w167772674" (node_4) is false
[08:57:17.507] [bmv2] [D] [thread 3138] [4.0] [cxt 0] Pipeline 'ingress': end
[08:57:17.507] [bmv2] [D] [thread 3138] [4.0] [cxt 0] Egress port is 0
[08:57:17.507] [bmv2] [D] [thread 3139] [4.0] [cxt 0] Pipeline 'egress': start
[08:57:17.507] [bmv2] [D] [thread 3139] [4.0] [cxt 0] Pipeline 'egress': end
[08:57:17.507] [bmv2] [D] [thread 3139] [4.0] [cxt 0] Deparser 'deparser': start
[08:57:17.507] [bmv2] [T] [thread 3139] [4.0] [cxt 0] Skipping checksum 'cksum' update because condition not met
[08:57:17.507] [bmv2] [D] [thread 3139] [4.0] [cxt 0] Deparsing header 'ethernet'
[08:57:17.507] [bmv2] [D] [thread 3139] [4.0] [cxt 0] Deparser 'deparser': end
[08:57:17.507] [bmv2] [D] [thread 3143] [4.0] [cxt 0] Transmitting packet of size 70 out of port 0
[08:57:17.523] [bmv2] [D] [thread 3138] [5.0] [cxt 0] Processing packet received on port 2
[08:57:17.523] [bmv2] [D] [thread 3138] [5.0] [cxt 0] Parser 'parser': start
[08:57:17.523] [bmv2] [D] [thread 3138] [5.0] [cxt 0] Parser 'parser' entering state 'start'
[08:57:17.523] [bmv2] [D] [thread 3138] [5.0] [cxt 0] Extracting header 'ethernet'
[08:57:17.523] [bmv2] [D] [thread 3138] [5.0] [cxt 0] Parser state 'start': key is 86dd
[08:57:17.523] [bmv2] [T] [thread 3138] [5.0] [cxt 0] Bytes parsed: 14
[08:57:17.523] [bmv2] [D] [thread 3138] [5.0] [cxt 0] Parser 'parser': end
[08:57:17.523] [bmv2] [D] [thread 3138] [5.0] [cxt 0] Pipeline 'ingress': start
[08:57:17.523] [bmv2] [T] [thread 3138] [5.0] [cxt 0] tcp_forward.p4(308) Condition "hdr.ipv4.dstAddr == 32w167772417" (node_2) is false
[08:57:17.523] [bmv2] [T] [thread 3138] [5.0] [cxt 0] tcp_forward.p4(314) Condition "hdr.ipv4.dstAddr == 32w167772674" (node_4) is false
[08:57:17.523] [bmv2] [D] [thread 3138] [5.0] [cxt 0] Pipeline 'ingress': end
[08:57:17.523] [bmv2] [D] [thread 3138] [5.0] [cxt 0] Egress port is 0
[08:57:17.523] [bmv2] [D] [thread 3139] [5.0] [cxt 0] Pipeline 'egress': start
[08:57:17.523] [bmv2] [D] [thread 3139] [5.0] [cxt 0] Pipeline 'egress': end
[08:57:17.523] [bmv2] [D] [thread 3139] [5.0] [cxt 0] Deparser 'deparser': start
[08:57:17.523] [bmv2] [T] [thread 3139] [5.0] [cxt 0] Skipping checksum 'cksum' update because condition not met
[08:57:17.523] [bmv2] [D] [thread 3139] [5.0] [cxt 0] Deparsing header 'ethernet'
[08:57:17.523] [bmv2] [D] [thread 3139] [5.0] [cxt 0] Deparser 'deparser': end
[08:57:17.523] [bmv2] [D] [thread 3143] [5.0] [cxt 0] Transmitting packet of size 90 out of port 0
[08:57:17.608] [bmv2] [D] [thread 3138] [6.0] [cxt 0] Processing packet received on port 2
[08:57:17.608] [bmv2] [D] [thread 3138] [6.0] [cxt 0] Parser 'parser': start
[08:57:17.608] [bmv2] [D] [thread 3138] [6.0] [cxt 0] Parser 'parser' entering state 'start'
[08:57:17.608] [bmv2] [D] [thread 3138] [6.0] [cxt 0] Extracting header 'ethernet'
[08:57:17.608] [bmv2] [D] [thread 3138] [6.0] [cxt 0] Parser state 'start': key is 86dd
[08:57:17.608] [bmv2] [T] [thread 3138] [6.0] [cxt 0] Bytes parsed: 14
[08:57:17.608] [bmv2] [D] [thread 3138] [6.0] [cxt 0] Parser 'parser': end
[08:57:17.608] [bmv2] [D] [thread 3138] [6.0] [cxt 0] Pipeline 'ingress': start
[08:57:17.608] [bmv2] [T] [thread 3138] [6.0] [cxt 0] tcp_forward.p4(308) Condition "hdr.ipv4.dstAddr == 32w167772417" (node_2) is false
[08:57:17.608] [bmv2] [T] [thread 3138] [6.0] [cxt 0] tcp_forward.p4(314) Condition "hdr.ipv4.dstAddr == 32w167772674" (node_4) is false
[08:57:17.608] [bmv2] [D] [thread 3138] [6.0] [cxt 0] Pipeline 'ingress': end
[08:57:17.608] [bmv2] [D] [thread 3138] [6.0] [cxt 0] Egress port is 0
[08:57:17.608] [bmv2] [D] [thread 3139] [6.0] [cxt 0] Pipeline 'egress': start
[08:57:17.608] [bmv2] [D] [thread 3139] [6.0] [cxt 0] Pipeline 'egress': end
[08:57:17.608] [bmv2] [D] [thread 3139] [6.0] [cxt 0] Deparser 'deparser': start
[08:57:17.608] [bmv2] [T] [thread 3139] [6.0] [cxt 0] Skipping checksum 'cksum' update because condition not met
[08:57:17.608] [bmv2] [D] [thread 3139] [6.0] [cxt 0] Deparsing header 'ethernet'
[08:57:17.608] [bmv2] [D] [thread 3139] [6.0] [cxt 0] Deparser 'deparser': end
[08:57:17.608] [bmv2] [D] [thread 3143] [6.0] [cxt 0] Transmitting packet of size 107 out of port 0
[08:57:17.637] [bmv2] [D] [thread 3138] [7.0] [cxt 0] Processing packet received on port 2
[08:57:17.637] [bmv2] [D] [thread 3138] [7.0] [cxt 0] Parser 'parser': start
[08:57:17.637] [bmv2] [D] [thread 3138] [7.0] [cxt 0] Parser 'parser' entering state 'start'
[08:57:17.637] [bmv2] [D] [thread 3138] [7.0] [cxt 0] Extracting header 'ethernet'
[08:57:17.637] [bmv2] [D] [thread 3138] [7.0] [cxt 0] Parser state 'start': key is 86dd
[08:57:17.637] [bmv2] [T] [thread 3138] [7.0] [cxt 0] Bytes parsed: 14
[08:57:17.637] [bmv2] [D] [thread 3138] [7.0] [cxt 0] Parser 'parser': end
[08:57:17.637] [bmv2] [D] [thread 3138] [7.0] [cxt 0] Pipeline 'ingress': start
[08:57:17.637] [bmv2] [T] [thread 3138] [7.0] [cxt 0] tcp_forward.p4(308) Condition "hdr.ipv4.dstAddr == 32w167772417" (node_2) is false
[08:57:17.637] [bmv2] [T] [thread 3138] [7.0] [cxt 0] tcp_forward.p4(314) Condition "hdr.ipv4.dstAddr == 32w167772674" (node_4) is false
[08:57:17.637] [bmv2] [D] [thread 3138] [7.0] [cxt 0] Pipeline 'ingress': end
[08:57:17.637] [bmv2] [D] [thread 3138] [7.0] [cxt 0] Egress port is 0
[08:57:17.637] [bmv2] [D] [thread 3139] [7.0] [cxt 0] Pipeline 'egress': start
[08:57:17.637] [bmv2] [D] [thread 3139] [7.0] [cxt 0] Pipeline 'egress': end
[08:57:17.637] [bmv2] [D] [thread 3139] [7.0] [cxt 0] Deparser 'deparser': start
[08:57:17.637] [bmv2] [T] [thread 3139] [7.0] [cxt 0] Skipping checksum 'cksum' update because condition not met
[08:57:17.637] [bmv2] [D] [thread 3139] [7.0] [cxt 0] Deparsing header 'ethernet'
[08:57:17.637] [bmv2] [D] [thread 3139] [7.0] [cxt 0] Deparser 'deparser': end
[08:57:17.637] [bmv2] [D] [thread 3143] [7.0] [cxt 0] Transmitting packet of size 211 out of port 0
[08:57:17.887] [bmv2] [D] [thread 3138] [8.0] [cxt 0] Processing packet received on port 2
[08:57:17.887] [bmv2] [D] [thread 3138] [8.0] [cxt 0] Parser 'parser': start
[08:57:17.887] [bmv2] [D] [thread 3138] [8.0] [cxt 0] Parser 'parser' entering state 'start'
[08:57:17.887] [bmv2] [D] [thread 3138] [8.0] [cxt 0] Extracting header 'ethernet'
[08:57:17.887] [bmv2] [D] [thread 3138] [8.0] [cxt 0] Parser state 'start': key is 86dd
[08:57:17.887] [bmv2] [T] [thread 3138] [8.0] [cxt 0] Bytes parsed: 14
[08:57:17.887] [bmv2] [D] [thread 3138] [8.0] [cxt 0] Parser 'parser': end
[08:57:17.887] [bmv2] [D] [thread 3138] [8.0] [cxt 0] Pipeline 'ingress': start
[08:57:17.887] [bmv2] [T] [thread 3138] [8.0] [cxt 0] tcp_forward.p4(308) Condition "hdr.ipv4.dstAddr == 32w167772417" (node_2) is false
[08:57:17.887] [bmv2] [T] [thread 3138] [8.0] [cxt 0] tcp_forward.p4(314) Condition "hdr.ipv4.dstAddr == 32w167772674" (node_4) is false
[08:57:17.887] [bmv2] [D] [thread 3138] [8.0] [cxt 0] Pipeline 'ingress': end
[08:57:17.887] [bmv2] [D] [thread 3138] [8.0] [cxt 0] Egress port is 0
[08:57:17.887] [bmv2] [D] [thread 3139] [8.0] [cxt 0] Pipeline 'egress': start
[08:57:17.887] [bmv2] [D] [thread 3139] [8.0] [cxt 0] Pipeline 'egress': end
[08:57:17.887] [bmv2] [D] [thread 3139] [8.0] [cxt 0] Deparser 'deparser': start
[08:57:17.887] [bmv2] [T] [thread 3139] [8.0] [cxt 0] Skipping checksum 'cksum' update because condition not met
[08:57:17.887] [bmv2] [D] [thread 3139] [8.0] [cxt 0] Deparsing header 'ethernet'
[08:57:17.887] [bmv2] [D] [thread 3139] [8.0] [cxt 0] Deparser 'deparser': end
[08:57:17.887] [bmv2] [D] [thread 3143] [8.0] [cxt 0] Transmitting packet of size 211 out of port 0
[08:57:17.895] [bmv2] [D] [thread 3138] [9.0] [cxt 0] Processing packet received on port 2
[08:57:17.895] [bmv2] [D] [thread 3138] [9.0] [cxt 0] Parser 'parser': start
[08:57:17.895] [bmv2] [D] [thread 3138] [9.0] [cxt 0] Parser 'parser' entering state 'start'
[08:57:17.895] [bmv2] [D] [thread 3138] [9.0] [cxt 0] Extracting header 'ethernet'
[08:57:17.895] [bmv2] [D] [thread 3138] [9.0] [cxt 0] Parser state 'start': key is 86dd
[08:57:17.895] [bmv2] [T] [thread 3138] [9.0] [cxt 0] Bytes parsed: 14
[08:57:17.895] [bmv2] [D] [thread 3138] [9.0] [cxt 0] Parser 'parser': end
[08:57:17.895] [bmv2] [D] [thread 3138] [9.0] [cxt 0] Pipeline 'ingress': start
[08:57:17.895] [bmv2] [T] [thread 3138] [9.0] [cxt 0] tcp_forward.p4(308) Condition "hdr.ipv4.dstAddr == 32w167772417" (node_2) is false
[08:57:17.895] [bmv2] [T] [thread 3138] [9.0] [cxt 0] tcp_forward.p4(314) Condition "hdr.ipv4.dstAddr == 32w167772674" (node_4) is false
[08:57:17.895] [bmv2] [D] [thread 3138] [9.0] [cxt 0] Pipeline 'ingress': end
[08:57:17.895] [bmv2] [D] [thread 3138] [9.0] [cxt 0] Egress port is 0
[08:57:17.895] [bmv2] [D] [thread 3139] [9.0] [cxt 0] Pipeline 'egress': start
[08:57:17.895] [bmv2] [D] [thread 3139] [9.0] [cxt 0] Pipeline 'egress': end
[08:57:17.895] [bmv2] [D] [thread 3139] [9.0] [cxt 0] Deparser 'deparser': start
[08:57:17.895] [bmv2] [T] [thread 3139] [9.0] [cxt 0] Skipping checksum 'cksum' update because condition not met
[08:57:17.895] [bmv2] [D] [thread 3139] [9.0] [cxt 0] Deparsing header 'ethernet'
[08:57:17.895] [bmv2] [D] [thread 3139] [9.0] [cxt 0] Deparser 'deparser': end
[08:57:17.895] [bmv2] [D] [thread 3143] [9.0] [cxt 0] Transmitting packet of size 110 out of port 0
[08:57:18.083] [bmv2] [D] [thread 3138] [10.0] [cxt 0] Processing packet received on port 2
[08:57:18.083] [bmv2] [D] [thread 3138] [10.0] [cxt 0] Parser 'parser': start
[08:57:18.083] [bmv2] [D] [thread 3138] [10.0] [cxt 0] Parser 'parser' entering state 'start'
[08:57:18.083] [bmv2] [D] [thread 3138] [10.0] [cxt 0] Extracting header 'ethernet'
[08:57:18.083] [bmv2] [D] [thread 3138] [10.0] [cxt 0] Parser state 'start': key is 86dd
[08:57:18.083] [bmv2] [T] [thread 3138] [10.0] [cxt 0] Bytes parsed: 14
[08:57:18.083] [bmv2] [D] [thread 3138] [10.0] [cxt 0] Parser 'parser': end
[08:57:18.083] [bmv2] [D] [thread 3138] [10.0] [cxt 0] Pipeline 'ingress': start
[08:57:18.083] [bmv2] [T] [thread 3138] [10.0] [cxt 0] tcp_forward.p4(308) Condition "hdr.ipv4.dstAddr == 32w167772417" (node_2) is false
[08:57:18.083] [bmv2] [T] [thread 3138] [10.0] [cxt 0] tcp_forward.p4(314) Condition "hdr.ipv4.dstAddr == 32w167772674" (node_4) is false
[08:57:18.083] [bmv2] [D] [thread 3138] [10.0] [cxt 0] Pipeline 'ingress': end
[08:57:18.083] [bmv2] [D] [thread 3138] [10.0] [cxt 0] Egress port is 0
[08:57:18.083] [bmv2] [D] [thread 3139] [10.0] [cxt 0] Pipeline 'egress': start
[08:57:18.083] [bmv2] [D] [thread 3139] [10.0] [cxt 0] Pipeline 'egress': end
[08:57:18.083] [bmv2] [D] [thread 3139] [10.0] [cxt 0] Deparser 'deparser': start
[08:57:18.083] [bmv2] [T] [thread 3139] [10.0] [cxt 0] Skipping checksum 'cksum' update because condition not met
[08:57:18.083] [bmv2] [D] [thread 3139] [10.0] [cxt 0] Deparsing header 'ethernet'
[08:57:18.083] [bmv2] [D] [thread 3139] [10.0] [cxt 0] Deparser 'deparser': end
[08:57:18.083] [bmv2] [D] [thread 3143] [10.0] [cxt 0] Transmitting packet of size 90 out of port 0
[08:57:18.137] [bmv2] [D] [thread 3138] [11.0] [cxt 0] Processing packet received on port 2
[08:57:18.137] [bmv2] [D] [thread 3138] [11.0] [cxt 0] Parser 'parser': start
[08:57:18.137] [bmv2] [D] [thread 3138] [11.0] [cxt 0] Parser 'parser' entering state 'start'
[08:57:18.137] [bmv2] [D] [thread 3138] [11.0] [cxt 0] Extracting header 'ethernet'
[08:57:18.137] [bmv2] [D] [thread 3138] [11.0] [cxt 0] Parser state 'start': key is 86dd
[08:57:18.137] [bmv2] [T] [thread 3138] [11.0] [cxt 0] Bytes parsed: 14
[08:57:18.137] [bmv2] [D] [thread 3138] [11.0] [cxt 0] Parser 'parser': end
[08:57:18.137] [bmv2] [D] [thread 3138] [11.0] [cxt 0] Pipeline 'ingress': start
[08:57:18.137] [bmv2] [T] [thread 3138] [11.0] [cxt 0] tcp_forward.p4(308) Condition "hdr.ipv4.dstAddr == 32w167772417" (node_2) is false
[08:57:18.137] [bmv2] [T] [thread 3138] [11.0] [cxt 0] tcp_forward.p4(314) Condition "hdr.ipv4.dstAddr == 32w167772674" (node_4) is false
[08:57:18.137] [bmv2] [D] [thread 3138] [11.0] [cxt 0] Pipeline 'ingress': end
[08:57:18.137] [bmv2] [D] [thread 3138] [11.0] [cxt 0] Egress port is 0
[08:57:18.137] [bmv2] [D] [thread 3139] [11.0] [cxt 0] Pipeline 'egress': start
[08:57:18.138] [bmv2] [D] [thread 3139] [11.0] [cxt 0] Pipeline 'egress': end
[08:57:18.138] [bmv2] [D] [thread 3139] [11.0] [cxt 0] Deparser 'deparser': start
[08:57:18.138] [bmv2] [T] [thread 3139] [11.0] [cxt 0] Skipping checksum 'cksum' update because condition not met
[08:57:18.138] [bmv2] [D] [thread 3139] [11.0] [cxt 0] Deparsing header 'ethernet'
[08:57:18.138] [bmv2] [D] [thread 3139] [11.0] [cxt 0] Deparser 'deparser': end
[08:57:18.138] [bmv2] [D] [thread 3143] [11.0] [cxt 0] Transmitting packet of size 211 out of port 0
[08:57:18.147] [bmv2] [D] [thread 3138] [12.0] [cxt 0] Processing packet received on port 1
[08:57:18.147] [bmv2] [D] [thread 3138] [12.0] [cxt 0] Parser 'parser': start
[08:57:18.147] [bmv2] [D] [thread 3138] [12.0] [cxt 0] Parser 'parser' entering state 'start'
[08:57:18.147] [bmv2] [D] [thread 3138] [12.0] [cxt 0] Extracting header 'ethernet'
[08:57:18.147] [bmv2] [D] [thread 3138] [12.0] [cxt 0] Parser state 'start': key is 86dd
[08:57:18.147] [bmv2] [T] [thread 3138] [12.0] [cxt 0] Bytes parsed: 14
[08:57:18.147] [bmv2] [D] [thread 3138] [12.0] [cxt 0] Parser 'parser': end
[08:57:18.147] [bmv2] [D] [thread 3138] [12.0] [cxt 0] Pipeline 'ingress': start
[08:57:18.147] [bmv2] [T] [thread 3138] [12.0] [cxt 0] tcp_forward.p4(308) Condition "hdr.ipv4.dstAddr == 32w167772417" (node_2) is false
[08:57:18.147] [bmv2] [T] [thread 3138] [12.0] [cxt 0] tcp_forward.p4(314) Condition "hdr.ipv4.dstAddr == 32w167772674" (node_4) is false
[08:57:18.147] [bmv2] [D] [thread 3138] [12.0] [cxt 0] Pipeline 'ingress': end
[08:57:18.147] [bmv2] [D] [thread 3138] [12.0] [cxt 0] Egress port is 0
[08:57:18.147] [bmv2] [D] [thread 3138] [13.0] [cxt 0] Processing packet received on port 1
[08:57:18.147] [bmv2] [D] [thread 3138] [13.0] [cxt 0] Parser 'parser': start
[08:57:18.147] [bmv2] [D] [thread 3138] [13.0] [cxt 0] Parser 'parser' entering state 'start'
[08:57:18.147] [bmv2] [D] [thread 3138] [13.0] [cxt 0] Extracting header 'ethernet'
[08:57:18.147] [bmv2] [D] [thread 3138] [13.0] [cxt 0] Parser state 'start': key is 86dd
[08:57:18.147] [bmv2] [T] [thread 3138] [13.0] [cxt 0] Bytes parsed: 14
[08:57:18.147] [bmv2] [D] [thread 3138] [13.0] [cxt 0] Parser 'parser': end
[08:57:18.147] [bmv2] [D] [thread 3138] [13.0] [cxt 0] Pipeline 'ingress': start
[08:57:18.147] [bmv2] [T] [thread 3138] [13.0] [cxt 0] tcp_forward.p4(308) Condition "hdr.ipv4.dstAddr == 32w167772417" (node_2) is false
[08:57:18.147] [bmv2] [T] [thread 3138] [13.0] [cxt 0] tcp_forward.p4(314) Condition "hdr.ipv4.dstAddr == 32w167772674" (node_4) is false
[08:57:18.147] [bmv2] [D] [thread 3138] [13.0] [cxt 0] Pipeline 'ingress': end
[08:57:18.147] [bmv2] [D] [thread 3138] [13.0] [cxt 0] Egress port is 0
[08:57:18.147] [bmv2] [D] [thread 3139] [12.0] [cxt 0] Pipeline 'egress': start
[08:57:18.147] [bmv2] [D] [thread 3139] [12.0] [cxt 0] Pipeline 'egress': end
[08:57:18.147] [bmv2] [D] [thread 3139] [12.0] [cxt 0] Deparser 'deparser': start
[08:57:18.147] [bmv2] [T] [thread 3139] [12.0] [cxt 0] Skipping checksum 'cksum' update because condition not met
[08:57:18.147] [bmv2] [D] [thread 3139] [12.0] [cxt 0] Deparsing header 'ethernet'
[08:57:18.147] [bmv2] [D] [thread 3139] [12.0] [cxt 0] Deparser 'deparser': end
[08:57:18.147] [bmv2] [D] [thread 3139] [13.0] [cxt 0] Pipeline 'egress': start
[08:57:18.147] [bmv2] [D] [thread 3139] [13.0] [cxt 0] Pipeline 'egress': end
[08:57:18.147] [bmv2] [D] [thread 3139] [13.0] [cxt 0] Deparser 'deparser': start
[08:57:18.147] [bmv2] [T] [thread 3139] [13.0] [cxt 0] Skipping checksum 'cksum' update because condition not met
[08:57:18.147] [bmv2] [D] [thread 3139] [13.0] [cxt 0] Deparsing header 'ethernet'
[08:57:18.147] [bmv2] [D] [thread 3139] [13.0] [cxt 0] Deparser 'deparser': end
[08:57:18.147] [bmv2] [D] [thread 3143] [12.0] [cxt 0] Transmitting packet of size 90 out of port 0
[08:57:18.147] [bmv2] [D] [thread 3143] [13.0] [cxt 0] Transmitting packet of size 70 out of port 0
[08:57:18.158] [bmv2] [D] [thread 3138] [14.0] [cxt 0] Processing packet received on port 1
[08:57:18.158] [bmv2] [D] [thread 3138] [14.0] [cxt 0] Parser 'parser': start
[08:57:18.158] [bmv2] [D] [thread 3138] [14.0] [cxt 0] Parser 'parser' entering state 'start'
[08:57:18.158] [bmv2] [D] [thread 3138] [14.0] [cxt 0] Extracting header 'ethernet'
[08:57:18.158] [bmv2] [D] [thread 3138] [14.0] [cxt 0] Parser state 'start': key is 86dd
[08:57:18.159] [bmv2] [T] [thread 3138] [14.0] [cxt 0] Bytes parsed: 14
[08:57:18.159] [bmv2] [D] [thread 3138] [14.0] [cxt 0] Parser 'parser': end
[08:57:18.159] [bmv2] [D] [thread 3138] [14.0] [cxt 0] Pipeline 'ingress': start
[08:57:18.159] [bmv2] [T] [thread 3138] [14.0] [cxt 0] tcp_forward.p4(308) Condition "hdr.ipv4.dstAddr == 32w167772417" (node_2) is false
[08:57:18.159] [bmv2] [T] [thread 3138] [14.0] [cxt 0] tcp_forward.p4(314) Condition "hdr.ipv4.dstAddr == 32w167772674" (node_4) is false
[08:57:18.159] [bmv2] [D] [thread 3138] [14.0] [cxt 0] Pipeline 'ingress': end
[08:57:18.159] [bmv2] [D] [thread 3138] [14.0] [cxt 0] Egress port is 0
[08:57:18.159] [bmv2] [D] [thread 3139] [14.0] [cxt 0] Pipeline 'egress': start
[08:57:18.159] [bmv2] [D] [thread 3139] [14.0] [cxt 0] Pipeline 'egress': end
[08:57:18.159] [bmv2] [D] [thread 3139] [14.0] [cxt 0] Deparser 'deparser': start
[08:57:18.159] [bmv2] [T] [thread 3139] [14.0] [cxt 0] Skipping checksum 'cksum' update because condition not met
[08:57:18.159] [bmv2] [D] [thread 3139] [14.0] [cxt 0] Deparsing header 'ethernet'
[08:57:18.159] [bmv2] [D] [thread 3139] [14.0] [cxt 0] Deparser 'deparser': end
[08:57:18.159] [bmv2] [D] [thread 3143] [14.0] [cxt 0] Transmitting packet of size 90 out of port 0
[08:57:18.248] [bmv2] [D] [thread 3138] [15.0] [cxt 0] Processing packet received on port 1
[08:57:18.248] [bmv2] [D] [thread 3138] [15.0] [cxt 0] Parser 'parser': start
[08:57:18.248] [bmv2] [D] [thread 3138] [15.0] [cxt 0] Parser 'parser' entering state 'start'
[08:57:18.248] [bmv2] [D] [thread 3138] [15.0] [cxt 0] Extracting header 'ethernet'
[08:57:18.248] [bmv2] [D] [thread 3138] [15.0] [cxt 0] Parser state 'start': key is 86dd
[08:57:18.248] [bmv2] [T] [thread 3138] [15.0] [cxt 0] Bytes parsed: 14
[08:57:18.248] [bmv2] [D] [thread 3138] [15.0] [cxt 0] Parser 'parser': end
[08:57:18.248] [bmv2] [D] [thread 3138] [15.0] [cxt 0] Pipeline 'ingress': start
[08:57:18.248] [bmv2] [T] [thread 3138] [15.0] [cxt 0] tcp_forward.p4(308) Condition "hdr.ipv4.dstAddr == 32w167772417" (node_2) is false
[08:57:18.248] [bmv2] [T] [thread 3138] [15.0] [cxt 0] tcp_forward.p4(314) Condition "hdr.ipv4.dstAddr == 32w167772674" (node_4) is false
[08:57:18.248] [bmv2] [D] [thread 3138] [15.0] [cxt 0] Pipeline 'ingress': end
[08:57:18.248] [bmv2] [D] [thread 3138] [15.0] [cxt 0] Egress port is 0
[08:57:18.248] [bmv2] [D] [thread 3139] [15.0] [cxt 0] Pipeline 'egress': start
[08:57:18.248] [bmv2] [D] [thread 3139] [15.0] [cxt 0] Pipeline 'egress': end
[08:57:18.248] [bmv2] [D] [thread 3139] [15.0] [cxt 0] Deparser 'deparser': start
[08:57:18.248] [bmv2] [T] [thread 3139] [15.0] [cxt 0] Skipping checksum 'cksum' update because condition not met
[08:57:18.248] [bmv2] [D] [thread 3139] [15.0] [cxt 0] Deparsing header 'ethernet'
[08:57:18.248] [bmv2] [D] [thread 3139] [15.0] [cxt 0] Deparser 'deparser': end
[08:57:18.249] [bmv2] [D] [thread 3143] [15.0] [cxt 0] Transmitting packet of size 107 out of port 0
[08:57:18.277] [bmv2] [D] [thread 3138] [16.0] [cxt 0] Processing packet received on port 1
[08:57:18.277] [bmv2] [D] [thread 3138] [16.0] [cxt 0] Parser 'parser': start
[08:57:18.277] [bmv2] [D] [thread 3138] [16.0] [cxt 0] Parser 'parser' entering state 'start'
[08:57:18.277] [bmv2] [D] [thread 3138] [16.0] [cxt 0] Extracting header 'ethernet'
[08:57:18.277] [bmv2] [D] [thread 3138] [16.0] [cxt 0] Parser state 'start': key is 86dd
[08:57:18.277] [bmv2] [T] [thread 3138] [16.0] [cxt 0] Bytes parsed: 14
[08:57:18.277] [bmv2] [D] [thread 3138] [16.0] [cxt 0] Parser 'parser': end
[08:57:18.277] [bmv2] [D] [thread 3138] [16.0] [cxt 0] Pipeline 'ingress': start
[08:57:18.277] [bmv2] [T] [thread 3138] [16.0] [cxt 0] tcp_forward.p4(308) Condition "hdr.ipv4.dstAddr == 32w167772417" (node_2) is false
[08:57:18.277] [bmv2] [T] [thread 3138] [16.0] [cxt 0] tcp_forward.p4(314) Condition "hdr.ipv4.dstAddr == 32w167772674" (node_4) is false
[08:57:18.277] [bmv2] [D] [thread 3138] [16.0] [cxt 0] Pipeline 'ingress': end
[08:57:18.277] [bmv2] [D] [thread 3138] [16.0] [cxt 0] Egress port is 0
[08:57:18.277] [bmv2] [D] [thread 3139] [16.0] [cxt 0] Pipeline 'egress': start
[08:57:18.277] [bmv2] [D] [thread 3139] [16.0] [cxt 0] Pipeline 'egress': end
[08:57:18.277] [bmv2] [D] [thread 3139] [16.0] [cxt 0] Deparser 'deparser': start
[08:57:18.277] [bmv2] [T] [thread 3139] [16.0] [cxt 0] Skipping checksum 'cksum' update because condition not met
[08:57:18.277] [bmv2] [D] [thread 3139] [16.0] [cxt 0] Deparsing header 'ethernet'
[08:57:18.277] [bmv2] [D] [thread 3139] [16.0] [cxt 0] Deparser 'deparser': end
[08:57:18.277] [bmv2] [D] [thread 3143] [16.0] [cxt 0] Transmitting packet of size 211 out of port 0
[08:57:18.338] [bmv2] [D] [thread 3138] [17.0] [cxt 0] Processing packet received on port 2
[08:57:18.338] [bmv2] [D] [thread 3138] [17.0] [cxt 0] Parser 'parser': start
[08:57:18.338] [bmv2] [D] [thread 3138] [17.0] [cxt 0] Parser 'parser' entering state 'start'
[08:57:18.338] [bmv2] [D] [thread 3138] [17.0] [cxt 0] Extracting header 'ethernet'
[08:57:18.338] [bmv2] [D] [thread 3138] [17.0] [cxt 0] Parser state 'start': key is 86dd
[08:57:18.338] [bmv2] [T] [thread 3138] [17.0] [cxt 0] Bytes parsed: 14
[08:57:18.338] [bmv2] [D] [thread 3138] [17.0] [cxt 0] Parser 'parser': end
[08:57:18.338] [bmv2] [D] [thread 3138] [17.0] [cxt 0] Pipeline 'ingress': start
[08:57:18.338] [bmv2] [T] [thread 3138] [17.0] [cxt 0] tcp_forward.p4(308) Condition "hdr.ipv4.dstAddr == 32w167772417" (node_2) is false
[08:57:18.338] [bmv2] [T] [thread 3138] [17.0] [cxt 0] tcp_forward.p4(314) Condition "hdr.ipv4.dstAddr == 32w167772674" (node_4) is false
[08:57:18.338] [bmv2] [D] [thread 3138] [17.0] [cxt 0] Pipeline 'ingress': end
[08:57:18.338] [bmv2] [D] [thread 3138] [17.0] [cxt 0] Egress port is 0
[08:57:18.338] [bmv2] [D] [thread 3139] [17.0] [cxt 0] Pipeline 'egress': start
[08:57:18.338] [bmv2] [D] [thread 3139] [17.0] [cxt 0] Pipeline 'egress': end
[08:57:18.338] [bmv2] [D] [thread 3139] [17.0] [cxt 0] Deparser 'deparser': start
[08:57:18.338] [bmv2] [T] [thread 3139] [17.0] [cxt 0] Skipping checksum 'cksum' update because condition not met
[08:57:18.338] [bmv2] [D] [thread 3139] [17.0] [cxt 0] Deparsing header 'ethernet'
[08:57:18.338] [bmv2] [D] [thread 3139] [17.0] [cxt 0] Deparser 'deparser': end
[08:57:18.338] [bmv2] [D] [thread 3143] [17.0] [cxt 0] Transmitting packet of size 199 out of port 0
[08:57:18.527] [bmv2] [D] [thread 3138] [18.0] [cxt 0] Processing packet received on port 1
[08:57:18.528] [bmv2] [D] [thread 3138] [18.0] [cxt 0] Parser 'parser': start
[08:57:18.528] [bmv2] [D] [thread 3138] [18.0] [cxt 0] Parser 'parser' entering state 'start'
[08:57:18.528] [bmv2] [D] [thread 3138] [18.0] [cxt 0] Extracting header 'ethernet'
[08:57:18.528] [bmv2] [D] [thread 3138] [18.0] [cxt 0] Parser state 'start': key is 86dd
[08:57:18.528] [bmv2] [T] [thread 3138] [18.0] [cxt 0] Bytes parsed: 14
[08:57:18.528] [bmv2] [D] [thread 3138] [18.0] [cxt 0] Parser 'parser': end
[08:57:18.528] [bmv2] [D] [thread 3138] [18.0] [cxt 0] Pipeline 'ingress': start
[08:57:18.528] [bmv2] [T] [thread 3138] [18.0] [cxt 0] tcp_forward.p4(308) Condition "hdr.ipv4.dstAddr == 32w167772417" (node_2) is false
[08:57:18.528] [bmv2] [T] [thread 3138] [18.0] [cxt 0] tcp_forward.p4(314) Condition "hdr.ipv4.dstAddr == 32w167772674" (node_4) is false
[08:57:18.528] [bmv2] [D] [thread 3138] [18.0] [cxt 0] Pipeline 'ingress': end
[08:57:18.528] [bmv2] [D] [thread 3138] [18.0] [cxt 0] Egress port is 0
[08:57:18.528] [bmv2] [D] [thread 3139] [18.0] [cxt 0] Pipeline 'egress': start
[08:57:18.528] [bmv2] [D] [thread 3139] [18.0] [cxt 0] Pipeline 'egress': end
[08:57:18.528] [bmv2] [D] [thread 3139] [18.0] [cxt 0] Deparser 'deparser': start
[08:57:18.528] [bmv2] [T] [thread 3139] [18.0] [cxt 0] Skipping checksum 'cksum' update because condition not met
[08:57:18.528] [bmv2] [D] [thread 3139] [18.0] [cxt 0] Deparsing header 'ethernet'
[08:57:18.528] [bmv2] [D] [thread 3139] [18.0] [cxt 0] Deparser 'deparser': end
[08:57:18.528] [bmv2] [D] [thread 3143] [18.0] [cxt 0] Transmitting packet of size 211 out of port 0
[08:57:18.609] [bmv2] [D] [thread 3138] [19.0] [cxt 0] Processing packet received on port 2
[08:57:18.609] [bmv2] [D] [thread 3138] [19.0] [cxt 0] Parser 'parser': start
[08:57:18.609] [bmv2] [D] [thread 3138] [19.0] [cxt 0] Parser 'parser' entering state 'start'
[08:57:18.609] [bmv2] [D] [thread 3138] [19.0] [cxt 0] Extracting header 'ethernet'
[08:57:18.609] [bmv2] [D] [thread 3138] [19.0] [cxt 0] Parser state 'start': key is 86dd
[08:57:18.609] [bmv2] [T] [thread 3138] [19.0] [cxt 0] Bytes parsed: 14
[08:57:18.609] [bmv2] [D] [thread 3138] [19.0] [cxt 0] Parser 'parser': end
[08:57:18.609] [bmv2] [D] [thread 3138] [19.0] [cxt 0] Pipeline 'ingress': start
[08:57:18.609] [bmv2] [T] [thread 3138] [19.0] [cxt 0] tcp_forward.p4(308) Condition "hdr.ipv4.dstAddr == 32w167772417" (node_2) is false
[08:57:18.609] [bmv2] [T] [thread 3138] [19.0] [cxt 0] tcp_forward.p4(314) Condition "hdr.ipv4.dstAddr == 32w167772674" (node_4) is false
[08:57:18.609] [bmv2] [D] [thread 3138] [19.0] [cxt 0] Pipeline 'ingress': end
[08:57:18.609] [bmv2] [D] [thread 3138] [19.0] [cxt 0] Egress port is 0
[08:57:18.609] [bmv2] [D] [thread 3139] [19.0] [cxt 0] Pipeline 'egress': start
[08:57:18.609] [bmv2] [D] [thread 3139] [19.0] [cxt 0] Pipeline 'egress': end
[08:57:18.609] [bmv2] [D] [thread 3139] [19.0] [cxt 0] Deparser 'deparser': start
[08:57:18.609] [bmv2] [T] [thread 3139] [19.0] [cxt 0] Skipping checksum 'cksum' update because condition not met
[08:57:18.609] [bmv2] [D] [thread 3139] [19.0] [cxt 0] Deparsing header 'ethernet'
[08:57:18.609] [bmv2] [D] [thread 3139] [19.0] [cxt 0] Deparser 'deparser': end
[08:57:18.609] [bmv2] [D] [thread 3143] [19.0] [cxt 0] Transmitting packet of size 107 out of port 0
[08:57:18.723] [bmv2] [D] [thread 3138] [20.0] [cxt 0] Processing packet received on port 1
[08:57:18.723] [bmv2] [D] [thread 3138] [20.0] [cxt 0] Parser 'parser': start
[08:57:18.723] [bmv2] [D] [thread 3138] [20.0] [cxt 0] Parser 'parser' entering state 'start'
[08:57:18.723] [bmv2] [D] [thread 3138] [20.0] [cxt 0] Extracting header 'ethernet'
[08:57:18.723] [bmv2] [D] [thread 3138] [20.0] [cxt 0] Parser state 'start': key is 86dd
[08:57:18.723] [bmv2] [T] [thread 3138] [20.0] [cxt 0] Bytes parsed: 14
[08:57:18.723] [bmv2] [D] [thread 3138] [20.0] [cxt 0] Parser 'parser': end
[08:57:18.723] [bmv2] [D] [thread 3138] [20.0] [cxt 0] Pipeline 'ingress': start
[08:57:18.723] [bmv2] [T] [thread 3138] [20.0] [cxt 0] tcp_forward.p4(308) Condition "hdr.ipv4.dstAddr == 32w167772417" (node_2) is false
[08:57:18.723] [bmv2] [T] [thread 3138] [20.0] [cxt 0] tcp_forward.p4(314) Condition "hdr.ipv4.dstAddr == 32w167772674" (node_4) is false
[08:57:18.723] [bmv2] [D] [thread 3138] [20.0] [cxt 0] Pipeline 'ingress': end
[08:57:18.723] [bmv2] [D] [thread 3138] [20.0] [cxt 0] Egress port is 0
[08:57:18.723] [bmv2] [D] [thread 3138] [21.0] [cxt 0] Processing packet received on port 1
[08:57:18.723] [bmv2] [D] [thread 3138] [21.0] [cxt 0] Parser 'parser': start
[08:57:18.723] [bmv2] [D] [thread 3138] [21.0] [cxt 0] Parser 'parser' entering state 'start'
[08:57:18.723] [bmv2] [D] [thread 3138] [21.0] [cxt 0] Extracting header 'ethernet'
[08:57:18.723] [bmv2] [D] [thread 3138] [21.0] [cxt 0] Parser state 'start': key is 86dd
[08:57:18.723] [bmv2] [T] [thread 3138] [21.0] [cxt 0] Bytes parsed: 14
[08:57:18.723] [bmv2] [D] [thread 3138] [21.0] [cxt 0] Parser 'parser': end
[08:57:18.723] [bmv2] [D] [thread 3138] [21.0] [cxt 0] Pipeline 'ingress': start
[08:57:18.723] [bmv2] [T] [thread 3138] [21.0] [cxt 0] tcp_forward.p4(308) Condition "hdr.ipv4.dstAddr == 32w167772417" (node_2) is false
[08:57:18.723] [bmv2] [T] [thread 3138] [21.0] [cxt 0] tcp_forward.p4(314) Condition "hdr.ipv4.dstAddr == 32w167772674" (node_4) is false
[08:57:18.723] [bmv2] [D] [thread 3138] [21.0] [cxt 0] Pipeline 'ingress': end
[08:57:18.723] [bmv2] [D] [thread 3138] [21.0] [cxt 0] Egress port is 0
[08:57:18.723] [bmv2] [D] [thread 3139] [20.0] [cxt 0] Pipeline 'egress': start
[08:57:18.723] [bmv2] [D] [thread 3139] [20.0] [cxt 0] Pipeline 'egress': end
[08:57:18.723] [bmv2] [D] [thread 3139] [20.0] [cxt 0] Deparser 'deparser': start
[08:57:18.723] [bmv2] [T] [thread 3139] [20.0] [cxt 0] Skipping checksum 'cksum' update because condition not met
[08:57:18.723] [bmv2] [D] [thread 3139] [20.0] [cxt 0] Deparsing header 'ethernet'
[08:57:18.723] [bmv2] [D] [thread 3139] [20.0] [cxt 0] Deparser 'deparser': end
[08:57:18.723] [bmv2] [D] [thread 3139] [21.0] [cxt 0] Pipeline 'egress': start
[08:57:18.723] [bmv2] [D] [thread 3139] [21.0] [cxt 0] Pipeline 'egress': end
[08:57:18.723] [bmv2] [D] [thread 3139] [21.0] [cxt 0] Deparser 'deparser': start
[08:57:18.723] [bmv2] [T] [thread 3139] [21.0] [cxt 0] Skipping checksum 'cksum' update because condition not met
[08:57:18.723] [bmv2] [D] [thread 3139] [21.0] [cxt 0] Deparsing header 'ethernet'
[08:57:18.723] [bmv2] [D] [thread 3139] [21.0] [cxt 0] Deparser 'deparser': end
[08:57:18.723] [bmv2] [D] [thread 3143] [20.0] [cxt 0] Transmitting packet of size 90 out of port 0
[08:57:18.723] [bmv2] [D] [thread 3143] [21.0] [cxt 0] Transmitting packet of size 110 out of port 0
[08:57:18.777] [bmv2] [D] [thread 3138] [22.0] [cxt 0] Processing packet received on port 1
[08:57:18.778] [bmv2] [D] [thread 3138] [22.0] [cxt 0] Parser 'parser': start
[08:57:18.778] [bmv2] [D] [thread 3138] [22.0] [cxt 0] Parser 'parser' entering state 'start'
[08:57:18.778] [bmv2] [D] [thread 3138] [22.0] [cxt 0] Extracting header 'ethernet'
[08:57:18.778] [bmv2] [D] [thread 3138] [22.0] [cxt 0] Parser state 'start': key is 86dd
[08:57:18.778] [bmv2] [T] [thread 3138] [22.0] [cxt 0] Bytes parsed: 14
[08:57:18.778] [bmv2] [D] [thread 3138] [22.0] [cxt 0] Parser 'parser': end
[08:57:18.778] [bmv2] [D] [thread 3138] [22.0] [cxt 0] Pipeline 'ingress': start
[08:57:18.778] [bmv2] [T] [thread 3138] [22.0] [cxt 0] tcp_forward.p4(308) Condition "hdr.ipv4.dstAddr == 32w167772417" (node_2) is false
[08:57:18.778] [bmv2] [T] [thread 3138] [22.0] [cxt 0] tcp_forward.p4(314) Condition "hdr.ipv4.dstAddr == 32w167772674" (node_4) is false
[08:57:18.778] [bmv2] [D] [thread 3138] [22.0] [cxt 0] Pipeline 'ingress': end
[08:57:18.778] [bmv2] [D] [thread 3138] [22.0] [cxt 0] Egress port is 0
[08:57:18.778] [bmv2] [D] [thread 3139] [22.0] [cxt 0] Pipeline 'egress': start
[08:57:18.778] [bmv2] [D] [thread 3139] [22.0] [cxt 0] Pipeline 'egress': end
[08:57:18.778] [bmv2] [D] [thread 3139] [22.0] [cxt 0] Deparser 'deparser': start
[08:57:18.778] [bmv2] [T] [thread 3139] [22.0] [cxt 0] Skipping checksum 'cksum' update because condition not met
[08:57:18.778] [bmv2] [D] [thread 3139] [22.0] [cxt 0] Deparsing header 'ethernet'
[08:57:18.778] [bmv2] [D] [thread 3139] [22.0] [cxt 0] Deparser 'deparser': end
[08:57:18.778] [bmv2] [D] [thread 3143] [22.0] [cxt 0] Transmitting packet of size 211 out of port 0
[08:57:18.978] [bmv2] [D] [thread 3138] [23.0] [cxt 0] Processing packet received on port 1
[08:57:18.978] [bmv2] [D] [thread 3138] [23.0] [cxt 0] Parser 'parser': start
[08:57:18.978] [bmv2] [D] [thread 3138] [23.0] [cxt 0] Parser 'parser' entering state 'start'
[08:57:18.978] [bmv2] [D] [thread 3138] [23.0] [cxt 0] Extracting header 'ethernet'
[08:57:18.978] [bmv2] [D] [thread 3138] [23.0] [cxt 0] Parser state 'start': key is 86dd
[08:57:18.978] [bmv2] [T] [thread 3138] [23.0] [cxt 0] Bytes parsed: 14
[08:57:18.978] [bmv2] [D] [thread 3138] [23.0] [cxt 0] Parser 'parser': end
[08:57:18.978] [bmv2] [D] [thread 3138] [23.0] [cxt 0] Pipeline 'ingress': start
[08:57:18.978] [bmv2] [T] [thread 3138] [23.0] [cxt 0] tcp_forward.p4(308) Condition "hdr.ipv4.dstAddr == 32w167772417" (node_2) is false
[08:57:18.978] [bmv2] [T] [thread 3138] [23.0] [cxt 0] tcp_forward.p4(314) Condition "hdr.ipv4.dstAddr == 32w167772674" (node_4) is false
[08:57:18.978] [bmv2] [D] [thread 3138] [23.0] [cxt 0] Pipeline 'ingress': end
[08:57:18.978] [bmv2] [D] [thread 3138] [23.0] [cxt 0] Egress port is 0
[08:57:18.978] [bmv2] [D] [thread 3139] [23.0] [cxt 0] Pipeline 'egress': start
[08:57:18.978] [bmv2] [D] [thread 3139] [23.0] [cxt 0] Pipeline 'egress': end
[08:57:18.978] [bmv2] [D] [thread 3139] [23.0] [cxt 0] Deparser 'deparser': start
[08:57:18.978] [bmv2] [T] [thread 3139] [23.0] [cxt 0] Skipping checksum 'cksum' update because condition not met
[08:57:18.978] [bmv2] [D] [thread 3139] [23.0] [cxt 0] Deparsing header 'ethernet'
[08:57:18.978] [bmv2] [D] [thread 3139] [23.0] [cxt 0] Deparser 'deparser': end
[08:57:18.979] [bmv2] [D] [thread 3143] [23.0] [cxt 0] Transmitting packet of size 199 out of port 0
[08:57:19.248] [bmv2] [D] [thread 3138] [24.0] [cxt 0] Processing packet received on port 1
[08:57:19.248] [bmv2] [D] [thread 3138] [24.0] [cxt 0] Parser 'parser': start
[08:57:19.248] [bmv2] [D] [thread 3138] [24.0] [cxt 0] Parser 'parser' entering state 'start'
[08:57:19.248] [bmv2] [D] [thread 3138] [24.0] [cxt 0] Extracting header 'ethernet'
[08:57:19.248] [bmv2] [D] [thread 3138] [24.0] [cxt 0] Parser state 'start': key is 86dd
[08:57:19.248] [bmv2] [T] [thread 3138] [24.0] [cxt 0] Bytes parsed: 14
[08:57:19.248] [bmv2] [D] [thread 3138] [24.0] [cxt 0] Parser 'parser': end
[08:57:19.248] [bmv2] [D] [thread 3138] [24.0] [cxt 0] Pipeline 'ingress': start
[08:57:19.248] [bmv2] [T] [thread 3138] [24.0] [cxt 0] tcp_forward.p4(308) Condition "hdr.ipv4.dstAddr == 32w167772417" (node_2) is false
[08:57:19.249] [bmv2] [T] [thread 3138] [24.0] [cxt 0] tcp_forward.p4(314) Condition "hdr.ipv4.dstAddr == 32w167772674" (node_4) is false
[08:57:19.249] [bmv2] [D] [thread 3138] [24.0] [cxt 0] Pipeline 'ingress': end
[08:57:19.249] [bmv2] [D] [thread 3138] [24.0] [cxt 0] Egress port is 0
[08:57:19.249] [bmv2] [D] [thread 3139] [24.0] [cxt 0] Pipeline 'egress': start
[08:57:19.249] [bmv2] [D] [thread 3139] [24.0] [cxt 0] Pipeline 'egress': end
[08:57:19.249] [bmv2] [D] [thread 3139] [24.0] [cxt 0] Deparser 'deparser': start
[08:57:19.249] [bmv2] [T] [thread 3139] [24.0] [cxt 0] Skipping checksum 'cksum' update because condition not met
[08:57:19.249] [bmv2] [D] [thread 3139] [24.0] [cxt 0] Deparsing header 'ethernet'
[08:57:19.249] [bmv2] [D] [thread 3139] [24.0] [cxt 0] Deparser 'deparser': end
[08:57:19.249] [bmv2] [D] [thread 3143] [24.0] [cxt 0] Transmitting packet of size 107 out of port 0
[08:57:19.416] [bmv2] [D] [thread 3138] [25.0] [cxt 0] Processing packet received on port 2
[08:57:19.416] [bmv2] [D] [thread 3138] [25.0] [cxt 0] Parser 'parser': start
[08:57:19.416] [bmv2] [D] [thread 3138] [25.0] [cxt 0] Parser 'parser' entering state 'start'
[08:57:19.416] [bmv2] [D] [thread 3138] [25.0] [cxt 0] Extracting header 'ethernet'
[08:57:19.416] [bmv2] [D] [thread 3138] [25.0] [cxt 0] Parser state 'start': key is 86dd
[08:57:19.416] [bmv2] [T] [thread 3138] [25.0] [cxt 0] Bytes parsed: 14
[08:57:19.416] [bmv2] [D] [thread 3138] [25.0] [cxt 0] Parser 'parser': end
[08:57:19.416] [bmv2] [D] [thread 3138] [25.0] [cxt 0] Pipeline 'ingress': start
[08:57:19.416] [bmv2] [T] [thread 3138] [25.0] [cxt 0] tcp_forward.p4(308) Condition "hdr.ipv4.dstAddr == 32w167772417" (node_2) is false
[08:57:19.416] [bmv2] [T] [thread 3138] [25.0] [cxt 0] tcp_forward.p4(314) Condition "hdr.ipv4.dstAddr == 32w167772674" (node_4) is false
[08:57:19.416] [bmv2] [D] [thread 3138] [25.0] [cxt 0] Pipeline 'ingress': end
[08:57:19.416] [bmv2] [D] [thread 3138] [25.0] [cxt 0] Egress port is 0
[08:57:19.416] [bmv2] [D] [thread 3139] [25.0] [cxt 0] Pipeline 'egress': start
[08:57:19.416] [bmv2] [D] [thread 3139] [25.0] [cxt 0] Pipeline 'egress': end
[08:57:19.416] [bmv2] [D] [thread 3139] [25.0] [cxt 0] Deparser 'deparser': start
[08:57:19.416] [bmv2] [T] [thread 3139] [25.0] [cxt 0] Skipping checksum 'cksum' update because condition not met
[08:57:19.416] [bmv2] [D] [thread 3139] [25.0] [cxt 0] Deparsing header 'ethernet'
[08:57:19.416] [bmv2] [D] [thread 3139] [25.0] [cxt 0] Deparser 'deparser': end
[08:57:19.416] [bmv2] [D] [thread 3143] [25.0] [cxt 0] Transmitting packet of size 199 out of port 0
[08:57:20.056] [bmv2] [D] [thread 3138] [26.0] [cxt 0] Processing packet received on port 1
[08:57:20.056] [bmv2] [D] [thread 3138] [26.0] [cxt 0] Parser 'parser': start
[08:57:20.056] [bmv2] [D] [thread 3138] [26.0] [cxt 0] Parser 'parser' entering state 'start'
[08:57:20.056] [bmv2] [D] [thread 3138] [26.0] [cxt 0] Extracting header 'ethernet'
[08:57:20.056] [bmv2] [D] [thread 3138] [26.0] [cxt 0] Parser state 'start': key is 86dd
[08:57:20.056] [bmv2] [T] [thread 3138] [26.0] [cxt 0] Bytes parsed: 14
[08:57:20.056] [bmv2] [D] [thread 3138] [26.0] [cxt 0] Parser 'parser': end
[08:57:20.056] [bmv2] [D] [thread 3138] [26.0] [cxt 0] Pipeline 'ingress': start
[08:57:20.056] [bmv2] [T] [thread 3138] [26.0] [cxt 0] tcp_forward.p4(308) Condition "hdr.ipv4.dstAddr == 32w167772417" (node_2) is false
[08:57:20.056] [bmv2] [T] [thread 3138] [26.0] [cxt 0] tcp_forward.p4(314) Condition "hdr.ipv4.dstAddr == 32w167772674" (node_4) is false
[08:57:20.056] [bmv2] [D] [thread 3138] [26.0] [cxt 0] Pipeline 'ingress': end
[08:57:20.056] [bmv2] [D] [thread 3138] [26.0] [cxt 0] Egress port is 0
[08:57:20.056] [bmv2] [D] [thread 3139] [26.0] [cxt 0] Pipeline 'egress': start
[08:57:20.057] [bmv2] [D] [thread 3139] [26.0] [cxt 0] Pipeline 'egress': end
[08:57:20.057] [bmv2] [D] [thread 3139] [26.0] [cxt 0] Deparser 'deparser': start
[08:57:20.057] [bmv2] [T] [thread 3139] [26.0] [cxt 0] Skipping checksum 'cksum' update because condition not met
[08:57:20.057] [bmv2] [D] [thread 3139] [26.0] [cxt 0] Deparsing header 'ethernet'
[08:57:20.057] [bmv2] [D] [thread 3139] [26.0] [cxt 0] Deparser 'deparser': end
[08:57:20.057] [bmv2] [D] [thread 3143] [26.0] [cxt 0] Transmitting packet of size 199 out of port 0
[08:57:20.610] [bmv2] [D] [thread 3138] [27.0] [cxt 0] Processing packet received on port 2
[08:57:20.610] [bmv2] [D] [thread 3138] [27.0] [cxt 0] Parser 'parser': start
[08:57:20.610] [bmv2] [D] [thread 3138] [27.0] [cxt 0] Parser 'parser' entering state 'start'
[08:57:20.610] [bmv2] [D] [thread 3138] [27.0] [cxt 0] Extracting header 'ethernet'
[08:57:20.610] [bmv2] [D] [thread 3138] [27.0] [cxt 0] Parser state 'start': key is 86dd
[08:57:20.610] [bmv2] [T] [thread 3138] [27.0] [cxt 0] Bytes parsed: 14
[08:57:20.610] [bmv2] [D] [thread 3138] [27.0] [cxt 0] Parser 'parser': end
[08:57:20.611] [bmv2] [D] [thread 3138] [27.0] [cxt 0] Pipeline 'ingress': start
[08:57:20.611] [bmv2] [T] [thread 3138] [27.0] [cxt 0] tcp_forward.p4(308) Condition "hdr.ipv4.dstAddr == 32w167772417" (node_2) is false
[08:57:20.611] [bmv2] [T] [thread 3138] [27.0] [cxt 0] tcp_forward.p4(314) Condition "hdr.ipv4.dstAddr == 32w167772674" (node_4) is false
[08:57:20.611] [bmv2] [D] [thread 3138] [27.0] [cxt 0] Pipeline 'ingress': end
[08:57:20.611] [bmv2] [D] [thread 3138] [27.0] [cxt 0] Egress port is 0
[08:57:20.611] [bmv2] [D] [thread 3139] [27.0] [cxt 0] Pipeline 'egress': start
[08:57:20.611] [bmv2] [D] [thread 3139] [27.0] [cxt 0] Pipeline 'egress': end
[08:57:20.611] [bmv2] [D] [thread 3139] [27.0] [cxt 0] Deparser 'deparser': start
[08:57:20.611] [bmv2] [T] [thread 3139] [27.0] [cxt 0] Skipping checksum 'cksum' update because condition not met
[08:57:20.611] [bmv2] [D] [thread 3139] [27.0] [cxt 0] Deparsing header 'ethernet'
[08:57:20.611] [bmv2] [D] [thread 3139] [27.0] [cxt 0] Deparser 'deparser': end
[08:57:20.611] [bmv2] [D] [thread 3143] [27.0] [cxt 0] Transmitting packet of size 107 out of port 0
[08:57:21.249] [bmv2] [D] [thread 3138] [28.0] [cxt 0] Processing packet received on port 1
[08:57:21.249] [bmv2] [D] [thread 3138] [28.0] [cxt 0] Parser 'parser': start
[08:57:21.249] [bmv2] [D] [thread 3138] [28.0] [cxt 0] Parser 'parser' entering state 'start'
[08:57:21.249] [bmv2] [D] [thread 3138] [28.0] [cxt 0] Extracting header 'ethernet'
[08:57:21.249] [bmv2] [D] [thread 3138] [28.0] [cxt 0] Parser state 'start': key is 86dd
[08:57:21.249] [bmv2] [T] [thread 3138] [28.0] [cxt 0] Bytes parsed: 14
[08:57:21.249] [bmv2] [D] [thread 3138] [28.0] [cxt 0] Parser 'parser': end
[08:57:21.249] [bmv2] [D] [thread 3138] [28.0] [cxt 0] Pipeline 'ingress': start
[08:57:21.249] [bmv2] [T] [thread 3138] [28.0] [cxt 0] tcp_forward.p4(308) Condition "hdr.ipv4.dstAddr == 32w167772417" (node_2) is false
[08:57:21.249] [bmv2] [T] [thread 3138] [28.0] [cxt 0] tcp_forward.p4(314) Condition "hdr.ipv4.dstAddr == 32w167772674" (node_4) is false
[08:57:21.249] [bmv2] [D] [thread 3138] [28.0] [cxt 0] Pipeline 'ingress': end
[08:57:21.249] [bmv2] [D] [thread 3138] [28.0] [cxt 0] Egress port is 0
[08:57:21.249] [bmv2] [D] [thread 3139] [28.0] [cxt 0] Pipeline 'egress': start
[08:57:21.250] [bmv2] [D] [thread 3139] [28.0] [cxt 0] Pipeline 'egress': end
[08:57:21.250] [bmv2] [D] [thread 3139] [28.0] [cxt 0] Deparser 'deparser': start
[08:57:21.250] [bmv2] [T] [thread 3139] [28.0] [cxt 0] Skipping checksum 'cksum' update because condition not met
[08:57:21.250] [bmv2] [D] [thread 3139] [28.0] [cxt 0] Deparsing header 'ethernet'
[08:57:21.250] [bmv2] [D] [thread 3139] [28.0] [cxt 0] Deparser 'deparser': end
[08:57:21.250] [bmv2] [D] [thread 3143] [28.0] [cxt 0] Transmitting packet of size 107 out of port 0
[08:57:21.443] [bmv2] [D] [thread 3138] [29.0] [cxt 0] Processing packet received on port 2
[08:57:21.443] [bmv2] [D] [thread 3138] [29.0] [cxt 0] Parser 'parser': start
[08:57:21.443] [bmv2] [D] [thread 3138] [29.0] [cxt 0] Parser 'parser' entering state 'start'
[08:57:21.443] [bmv2] [D] [thread 3138] [29.0] [cxt 0] Extracting header 'ethernet'
[08:57:21.443] [bmv2] [D] [thread 3138] [29.0] [cxt 0] Parser state 'start': key is 86dd
[08:57:21.443] [bmv2] [T] [thread 3138] [29.0] [cxt 0] Bytes parsed: 14
[08:57:21.443] [bmv2] [D] [thread 3138] [29.0] [cxt 0] Parser 'parser': end
[08:57:21.443] [bmv2] [D] [thread 3138] [29.0] [cxt 0] Pipeline 'ingress': start
[08:57:21.443] [bmv2] [T] [thread 3138] [29.0] [cxt 0] tcp_forward.p4(308) Condition "hdr.ipv4.dstAddr == 32w167772417" (node_2) is false
[08:57:21.443] [bmv2] [T] [thread 3138] [29.0] [cxt 0] tcp_forward.p4(314) Condition "hdr.ipv4.dstAddr == 32w167772674" (node_4) is false
[08:57:21.443] [bmv2] [D] [thread 3138] [29.0] [cxt 0] Pipeline 'ingress': end
[08:57:21.443] [bmv2] [D] [thread 3138] [29.0] [cxt 0] Egress port is 0
[08:57:21.443] [bmv2] [D] [thread 3139] [29.0] [cxt 0] Pipeline 'egress': start
[08:57:21.443] [bmv2] [D] [thread 3139] [29.0] [cxt 0] Pipeline 'egress': end
[08:57:21.443] [bmv2] [D] [thread 3139] [29.0] [cxt 0] Deparser 'deparser': start
[08:57:21.443] [bmv2] [T] [thread 3139] [29.0] [cxt 0] Skipping checksum 'cksum' update because condition not met
[08:57:21.443] [bmv2] [D] [thread 3139] [29.0] [cxt 0] Deparsing header 'ethernet'
[08:57:21.443] [bmv2] [D] [thread 3139] [29.0] [cxt 0] Deparser 'deparser': end
[08:57:21.443] [bmv2] [D] [thread 3143] [29.0] [cxt 0] Transmitting packet of size 70 out of port 0
[08:57:21.494] [bmv2] [D] [thread 3138] [30.0] [cxt 0] Processing packet received on port 2
[08:57:21.494] [bmv2] [D] [thread 3138] [30.0] [cxt 0] Parser 'parser': start
[08:57:21.494] [bmv2] [D] [thread 3138] [30.0] [cxt 0] Parser 'parser' entering state 'start'
[08:57:21.494] [bmv2] [D] [thread 3138] [30.0] [cxt 0] Extracting header 'ethernet'
[08:57:21.494] [bmv2] [D] [thread 3138] [30.0] [cxt 0] Parser state 'start': key is 86dd
[08:57:21.494] [bmv2] [T] [thread 3138] [30.0] [cxt 0] Bytes parsed: 14
[08:57:21.494] [bmv2] [D] [thread 3138] [30.0] [cxt 0] Parser 'parser': end
[08:57:21.494] [bmv2] [D] [thread 3138] [30.0] [cxt 0] Pipeline 'ingress': start
[08:57:21.494] [bmv2] [T] [thread 3138] [30.0] [cxt 0] tcp_forward.p4(308) Condition "hdr.ipv4.dstAddr == 32w167772417" (node_2) is false
[08:57:21.494] [bmv2] [T] [thread 3138] [30.0] [cxt 0] tcp_forward.p4(314) Condition "hdr.ipv4.dstAddr == 32w167772674" (node_4) is false
[08:57:21.494] [bmv2] [D] [thread 3138] [30.0] [cxt 0] Pipeline 'ingress': end
[08:57:21.494] [bmv2] [D] [thread 3138] [30.0] [cxt 0] Egress port is 0
[08:57:21.494] [bmv2] [D] [thread 3139] [30.0] [cxt 0] Pipeline 'egress': start
[08:57:21.494] [bmv2] [D] [thread 3139] [30.0] [cxt 0] Pipeline 'egress': end
[08:57:21.494] [bmv2] [D] [thread 3139] [30.0] [cxt 0] Deparser 'deparser': start
[08:57:21.494] [bmv2] [T] [thread 3139] [30.0] [cxt 0] Skipping checksum 'cksum' update because condition not met
[08:57:21.494] [bmv2] [D] [thread 3139] [30.0] [cxt 0] Deparsing header 'ethernet'
[08:57:21.494] [bmv2] [D] [thread 3139] [30.0] [cxt 0] Deparser 'deparser': end
[08:57:21.494] [bmv2] [D] [thread 3143] [30.0] [cxt 0] Transmitting packet of size 199 out of port 0
[08:57:21.593] [bmv2] [D] [thread 3138] [31.0] [cxt 0] Processing packet received on port 1
[08:57:21.593] [bmv2] [D] [thread 3138] [31.0] [cxt 0] Parser 'parser': start
[08:57:21.593] [bmv2] [D] [thread 3138] [31.0] [cxt 0] Parser 'parser' entering state 'start'
[08:57:21.593] [bmv2] [D] [thread 3138] [31.0] [cxt 0] Extracting header 'ethernet'
[08:57:21.593] [bmv2] [D] [thread 3138] [31.0] [cxt 0] Parser state 'start': key is 0800
[08:57:21.593] [bmv2] [T] [thread 3138] [31.0] [cxt 0] Bytes parsed: 14
[08:57:21.593] [bmv2] [D] [thread 3138] [31.0] [cxt 0] Parser 'parser' entering state 'parse_ipv4'
[08:57:21.593] [bmv2] [D] [thread 3138] [31.0] [cxt 0] Extracting header 'ipv4'
[08:57:21.593] [bmv2] [D] [thread 3138] [31.0] [cxt 0] Parser state 'parse_ipv4': key is 01
[08:57:21.593] [bmv2] [T] [thread 3138] [31.0] [cxt 0] Bytes parsed: 34
[08:57:21.593] [bmv2] [D] [thread 3138] [31.0] [cxt 0] Parser 'parser': end
[08:57:21.593] [bmv2] [D] [thread 3138] [31.0] [cxt 0] Pipeline 'ingress': start
[08:57:21.593] [bmv2] [T] [thread 3138] [31.0] [cxt 0] tcp_forward.p4(308) Condition "hdr.ipv4.dstAddr == 32w167772417" (node_2) is false
[08:57:21.593] [bmv2] [T] [thread 3138] [31.0] [cxt 0] tcp_forward.p4(314) Condition "hdr.ipv4.dstAddr == 32w167772674" (node_4) is true
[08:57:21.593] [bmv2] [T] [thread 3138] [31.0] [cxt 0] Applying table 'tbl_tcp_forward315'
[08:57:21.593] [bmv2] [D] [thread 3138] [31.0] [cxt 0] Looking up key:

[08:57:21.593] [bmv2] [D] [thread 3138] [31.0] [cxt 0] Table 'tbl_tcp_forward315': miss
[08:57:21.593] [bmv2] [D] [thread 3138] [31.0] [cxt 0] Action entry is tcp_forward315 - 
[08:57:21.593] [bmv2] [T] [thread 3138] [31.0] [cxt 0] Action tcp_forward315
[08:57:21.593] [bmv2] [T] [thread 3138] [31.0] [cxt 0] tcp_forward.p4(315) Primitive standard_metadata.egress_spec = 2
[08:57:21.593] [bmv2] [T] [thread 3138] [31.0] [cxt 0] tcp_forward.p4(316) Primitive hdr.ethernet.srcAddr = hdr.ethernet.dstAddr
[08:57:21.593] [bmv2] [T] [thread 3138] [31.0] [cxt 0] tcp_forward.p4(317) Primitive hdr.ethernet.dstAddr = 48w8796093022754
[08:57:21.593] [bmv2] [T] [thread 3138] [31.0] [cxt 0] tcp_forward.p4(318) Primitive hdr.ipv4.ttl = hdr.ipv4.ttl - 1
[08:57:21.593] [bmv2] [D] [thread 3138] [31.0] [cxt 0] Pipeline 'ingress': end
[08:57:21.593] [bmv2] [D] [thread 3138] [31.0] [cxt 0] Egress port is 2
[08:57:21.593] [bmv2] [D] [thread 3141] [31.0] [cxt 0] Pipeline 'egress': start
[08:57:21.593] [bmv2] [D] [thread 3141] [31.0] [cxt 0] Pipeline 'egress': end
[08:57:21.593] [bmv2] [D] [thread 3141] [31.0] [cxt 0] Deparser 'deparser': start
[08:57:21.593] [bmv2] [D] [thread 3141] [31.0] [cxt 0] Updating checksum 'cksum'
[08:57:21.593] [bmv2] [D] [thread 3141] [31.0] [cxt 0] Deparsing header 'ethernet'
[08:57:21.593] [bmv2] [D] [thread 3141] [31.0] [cxt 0] Deparsing header 'ipv4'
[08:57:21.593] [bmv2] [D] [thread 3141] [31.0] [cxt 0] Deparser 'deparser': end
[08:57:21.593] [bmv2] [D] [thread 3143] [31.0] [cxt 0] Transmitting packet of size 98 out of port 2
[08:57:21.593] [bmv2] [D] [thread 3138] [32.0] [cxt 0] Processing packet received on port 2
[08:57:21.593] [bmv2] [D] [thread 3138] [32.0] [cxt 0] Parser 'parser': start
[08:57:21.593] [bmv2] [D] [thread 3138] [32.0] [cxt 0] Parser 'parser' entering state 'start'
[08:57:21.593] [bmv2] [D] [thread 3138] [32.0] [cxt 0] Extracting header 'ethernet'
[08:57:21.593] [bmv2] [D] [thread 3138] [32.0] [cxt 0] Parser state 'start': key is 0800
[08:57:21.593] [bmv2] [T] [thread 3138] [32.0] [cxt 0] Bytes parsed: 14
[08:57:21.593] [bmv2] [D] [thread 3138] [32.0] [cxt 0] Parser 'parser' entering state 'parse_ipv4'
[08:57:21.593] [bmv2] [D] [thread 3138] [32.0] [cxt 0] Extracting header 'ipv4'
[08:57:21.593] [bmv2] [D] [thread 3138] [32.0] [cxt 0] Parser state 'parse_ipv4': key is 01
[08:57:21.593] [bmv2] [T] [thread 3138] [32.0] [cxt 0] Bytes parsed: 34
[08:57:21.593] [bmv2] [D] [thread 3138] [32.0] [cxt 0] Parser 'parser': end
[08:57:21.593] [bmv2] [D] [thread 3138] [32.0] [cxt 0] Pipeline 'ingress': start
[08:57:21.593] [bmv2] [T] [thread 3138] [32.0] [cxt 0] tcp_forward.p4(308) Condition "hdr.ipv4.dstAddr == 32w167772417" (node_2) is true
[08:57:21.593] [bmv2] [T] [thread 3138] [32.0] [cxt 0] Applying table 'tbl_tcp_forward309'
[08:57:21.593] [bmv2] [D] [thread 3138] [32.0] [cxt 0] Looking up key:

[08:57:21.593] [bmv2] [D] [thread 3138] [32.0] [cxt 0] Table 'tbl_tcp_forward309': miss
[08:57:21.593] [bmv2] [D] [thread 3138] [32.0] [cxt 0] Action entry is tcp_forward309 - 
[08:57:21.593] [bmv2] [T] [thread 3138] [32.0] [cxt 0] Action tcp_forward309
[08:57:21.593] [bmv2] [T] [thread 3138] [32.0] [cxt 0] tcp_forward.p4(309) Primitive standard_metadata.egress_spec = 1
[08:57:21.593] [bmv2] [T] [thread 3138] [32.0] [cxt 0] tcp_forward.p4(310) Primitive hdr.ethernet.srcAddr = hdr.ethernet.dstAddr
[08:57:21.593] [bmv2] [T] [thread 3138] [32.0] [cxt 0] tcp_forward.p4(311) Primitive hdr.ethernet.dstAddr = 48w8796093022481
[08:57:21.593] [bmv2] [T] [thread 3138] [32.0] [cxt 0] tcp_forward.p4(312) Primitive hdr.ipv4.ttl = hdr.ipv4.ttl - 1
[08:57:21.593] [bmv2] [T] [thread 3138] [32.0] [cxt 0] tcp_forward.p4(314) Condition "hdr.ipv4.dstAddr == 32w167772674" (node_4) is false
[08:57:21.593] [bmv2] [D] [thread 3138] [32.0] [cxt 0] Pipeline 'ingress': end
[08:57:21.593] [bmv2] [D] [thread 3138] [32.0] [cxt 0] Egress port is 1
[08:57:21.594] [bmv2] [D] [thread 3140] [32.0] [cxt 0] Pipeline 'egress': start
[08:57:21.594] [bmv2] [D] [thread 3140] [32.0] [cxt 0] Pipeline 'egress': end
[08:57:21.594] [bmv2] [D] [thread 3140] [32.0] [cxt 0] Deparser 'deparser': start
[08:57:21.594] [bmv2] [D] [thread 3140] [32.0] [cxt 0] Updating checksum 'cksum'
[08:57:21.594] [bmv2] [D] [thread 3140] [32.0] [cxt 0] Deparsing header 'ethernet'
[08:57:21.594] [bmv2] [D] [thread 3140] [32.0] [cxt 0] Deparsing header 'ipv4'
[08:57:21.594] [bmv2] [D] [thread 3140] [32.0] [cxt 0] Deparser 'deparser': end
[08:57:21.594] [bmv2] [D] [thread 3143] [32.0] [cxt 0] Transmitting packet of size 98 out of port 1
[08:57:21.596] [bmv2] [D] [thread 3138] [33.0] [cxt 0] Processing packet received on port 2
[08:57:21.596] [bmv2] [D] [thread 3138] [33.0] [cxt 0] Parser 'parser': start
[08:57:21.596] [bmv2] [D] [thread 3138] [33.0] [cxt 0] Parser 'parser' entering state 'start'
[08:57:21.596] [bmv2] [D] [thread 3138] [33.0] [cxt 0] Extracting header 'ethernet'
[08:57:21.596] [bmv2] [D] [thread 3138] [33.0] [cxt 0] Parser state 'start': key is 0800
[08:57:21.596] [bmv2] [T] [thread 3138] [33.0] [cxt 0] Bytes parsed: 14
[08:57:21.596] [bmv2] [D] [thread 3138] [33.0] [cxt 0] Parser 'parser' entering state 'parse_ipv4'
[08:57:21.596] [bmv2] [D] [thread 3138] [33.0] [cxt 0] Extracting header 'ipv4'
[08:57:21.596] [bmv2] [D] [thread 3138] [33.0] [cxt 0] Parser state 'parse_ipv4': key is 01
[08:57:21.596] [bmv2] [T] [thread 3138] [33.0] [cxt 0] Bytes parsed: 34
[08:57:21.596] [bmv2] [D] [thread 3138] [33.0] [cxt 0] Parser 'parser': end
[08:57:21.596] [bmv2] [D] [thread 3138] [33.0] [cxt 0] Pipeline 'ingress': start
[08:57:21.596] [bmv2] [T] [thread 3138] [33.0] [cxt 0] tcp_forward.p4(308) Condition "hdr.ipv4.dstAddr == 32w167772417" (node_2) is true
[08:57:21.596] [bmv2] [T] [thread 3138] [33.0] [cxt 0] Applying table 'tbl_tcp_forward309'
[08:57:21.596] [bmv2] [D] [thread 3138] [33.0] [cxt 0] Looking up key:

[08:57:21.596] [bmv2] [D] [thread 3138] [33.0] [cxt 0] Table 'tbl_tcp_forward309': miss
[08:57:21.596] [bmv2] [D] [thread 3138] [33.0] [cxt 0] Action entry is tcp_forward309 - 
[08:57:21.596] [bmv2] [T] [thread 3138] [33.0] [cxt 0] Action tcp_forward309
[08:57:21.596] [bmv2] [T] [thread 3138] [33.0] [cxt 0] tcp_forward.p4(309) Primitive standard_metadata.egress_spec = 1
[08:57:21.596] [bmv2] [T] [thread 3138] [33.0] [cxt 0] tcp_forward.p4(310) Primitive hdr.ethernet.srcAddr = hdr.ethernet.dstAddr
[08:57:21.596] [bmv2] [T] [thread 3138] [33.0] [cxt 0] tcp_forward.p4(311) Primitive hdr.ethernet.dstAddr = 48w8796093022481
[08:57:21.596] [bmv2] [T] [thread 3138] [33.0] [cxt 0] tcp_forward.p4(312) Primitive hdr.ipv4.ttl = hdr.ipv4.ttl - 1
[08:57:21.596] [bmv2] [T] [thread 3138] [33.0] [cxt 0] tcp_forward.p4(314) Condition "hdr.ipv4.dstAddr == 32w167772674" (node_4) is false
[08:57:21.596] [bmv2] [D] [thread 3138] [33.0] [cxt 0] Pipeline 'ingress': end
[08:57:21.596] [bmv2] [D] [thread 3138] [33.0] [cxt 0] Egress port is 1
[08:57:21.596] [bmv2] [D] [thread 3140] [33.0] [cxt 0] Pipeline 'egress': start
[08:57:21.596] [bmv2] [D] [thread 3140] [33.0] [cxt 0] Pipeline 'egress': end
[08:57:21.596] [bmv2] [D] [thread 3140] [33.0] [cxt 0] Deparser 'deparser': start
[08:57:21.596] [bmv2] [D] [thread 3140] [33.0] [cxt 0] Updating checksum 'cksum'
[08:57:21.596] [bmv2] [D] [thread 3140] [33.0] [cxt 0] Deparsing header 'ethernet'
[08:57:21.596] [bmv2] [D] [thread 3140] [33.0] [cxt 0] Deparsing header 'ipv4'
[08:57:21.596] [bmv2] [D] [thread 3140] [33.0] [cxt 0] Deparser 'deparser': end
[08:57:21.596] [bmv2] [D] [thread 3143] [33.0] [cxt 0] Transmitting packet of size 98 out of port 1
[08:57:21.596] [bmv2] [D] [thread 3138] [34.0] [cxt 0] Processing packet received on port 1
[08:57:21.596] [bmv2] [D] [thread 3138] [34.0] [cxt 0] Parser 'parser': start
[08:57:21.596] [bmv2] [D] [thread 3138] [34.0] [cxt 0] Parser 'parser' entering state 'start'
[08:57:21.596] [bmv2] [D] [thread 3138] [34.0] [cxt 0] Extracting header 'ethernet'
[08:57:21.596] [bmv2] [D] [thread 3138] [34.0] [cxt 0] Parser state 'start': key is 0800
[08:57:21.596] [bmv2] [T] [thread 3138] [34.0] [cxt 0] Bytes parsed: 14
[08:57:21.596] [bmv2] [D] [thread 3138] [34.0] [cxt 0] Parser 'parser' entering state 'parse_ipv4'
[08:57:21.596] [bmv2] [D] [thread 3138] [34.0] [cxt 0] Extracting header 'ipv4'
[08:57:21.596] [bmv2] [D] [thread 3138] [34.0] [cxt 0] Parser state 'parse_ipv4': key is 01
[08:57:21.596] [bmv2] [T] [thread 3138] [34.0] [cxt 0] Bytes parsed: 34
[08:57:21.596] [bmv2] [D] [thread 3138] [34.0] [cxt 0] Parser 'parser': end
[08:57:21.596] [bmv2] [D] [thread 3138] [34.0] [cxt 0] Pipeline 'ingress': start
[08:57:21.596] [bmv2] [T] [thread 3138] [34.0] [cxt 0] tcp_forward.p4(308) Condition "hdr.ipv4.dstAddr == 32w167772417" (node_2) is false
[08:57:21.596] [bmv2] [T] [thread 3138] [34.0] [cxt 0] tcp_forward.p4(314) Condition "hdr.ipv4.dstAddr == 32w167772674" (node_4) is true
[08:57:21.596] [bmv2] [T] [thread 3138] [34.0] [cxt 0] Applying table 'tbl_tcp_forward315'
[08:57:21.596] [bmv2] [D] [thread 3138] [34.0] [cxt 0] Looking up key:

[08:57:21.596] [bmv2] [D] [thread 3138] [34.0] [cxt 0] Table 'tbl_tcp_forward315': miss
[08:57:21.596] [bmv2] [D] [thread 3138] [34.0] [cxt 0] Action entry is tcp_forward315 - 
[08:57:21.596] [bmv2] [T] [thread 3138] [34.0] [cxt 0] Action tcp_forward315
[08:57:21.596] [bmv2] [T] [thread 3138] [34.0] [cxt 0] tcp_forward.p4(315) Primitive standard_metadata.egress_spec = 2
[08:57:21.596] [bmv2] [T] [thread 3138] [34.0] [cxt 0] tcp_forward.p4(316) Primitive hdr.ethernet.srcAddr = hdr.ethernet.dstAddr
[08:57:21.596] [bmv2] [T] [thread 3138] [34.0] [cxt 0] tcp_forward.p4(317) Primitive hdr.ethernet.dstAddr = 48w8796093022754
[08:57:21.596] [bmv2] [T] [thread 3138] [34.0] [cxt 0] tcp_forward.p4(318) Primitive hdr.ipv4.ttl = hdr.ipv4.ttl - 1
[08:57:21.596] [bmv2] [D] [thread 3138] [34.0] [cxt 0] Pipeline 'ingress': end
[08:57:21.596] [bmv2] [D] [thread 3138] [34.0] [cxt 0] Egress port is 2
[08:57:21.596] [bmv2] [D] [thread 3141] [34.0] [cxt 0] Pipeline 'egress': start
[08:57:21.596] [bmv2] [D] [thread 3141] [34.0] [cxt 0] Pipeline 'egress': end
[08:57:21.596] [bmv2] [D] [thread 3141] [34.0] [cxt 0] Deparser 'deparser': start
[08:57:21.596] [bmv2] [D] [thread 3141] [34.0] [cxt 0] Updating checksum 'cksum'
[08:57:21.596] [bmv2] [D] [thread 3141] [34.0] [cxt 0] Deparsing header 'ethernet'
[08:57:21.596] [bmv2] [D] [thread 3141] [34.0] [cxt 0] Deparsing header 'ipv4'
[08:57:21.596] [bmv2] [D] [thread 3141] [34.0] [cxt 0] Deparser 'deparser': end
[08:57:21.596] [bmv2] [D] [thread 3143] [34.0] [cxt 0] Transmitting packet of size 98 out of port 2
[08:57:21.955] [bmv2] [D] [thread 3138] [35.0] [cxt 0] Processing packet received on port 1
[08:57:21.955] [bmv2] [D] [thread 3138] [35.0] [cxt 0] Parser 'parser': start
[08:57:21.955] [bmv2] [D] [thread 3138] [35.0] [cxt 0] Parser 'parser' entering state 'start'
[08:57:21.955] [bmv2] [D] [thread 3138] [35.0] [cxt 0] Extracting header 'ethernet'
[08:57:21.955] [bmv2] [D] [thread 3138] [35.0] [cxt 0] Parser state 'start': key is 86dd
[08:57:21.955] [bmv2] [T] [thread 3138] [35.0] [cxt 0] Bytes parsed: 14
[08:57:21.955] [bmv2] [D] [thread 3138] [35.0] [cxt 0] Parser 'parser': end
[08:57:21.955] [bmv2] [D] [thread 3138] [35.0] [cxt 0] Pipeline 'ingress': start
[08:57:21.955] [bmv2] [T] [thread 3138] [35.0] [cxt 0] tcp_forward.p4(308) Condition "hdr.ipv4.dstAddr == 32w167772417" (node_2) is false
[08:57:21.955] [bmv2] [T] [thread 3138] [35.0] [cxt 0] tcp_forward.p4(314) Condition "hdr.ipv4.dstAddr == 32w167772674" (node_4) is true
[08:57:21.955] [bmv2] [T] [thread 3138] [35.0] [cxt 0] Applying table 'tbl_tcp_forward315'
[08:57:21.955] [bmv2] [D] [thread 3138] [35.0] [cxt 0] Looking up key:

[08:57:21.955] [bmv2] [D] [thread 3138] [35.0] [cxt 0] Table 'tbl_tcp_forward315': miss
[08:57:21.955] [bmv2] [D] [thread 3138] [35.0] [cxt 0] Action entry is tcp_forward315 - 
[08:57:21.955] [bmv2] [T] [thread 3138] [35.0] [cxt 0] Action tcp_forward315
[08:57:21.955] [bmv2] [T] [thread 3138] [35.0] [cxt 0] tcp_forward.p4(315) Primitive standard_metadata.egress_spec = 2
[08:57:21.955] [bmv2] [T] [thread 3138] [35.0] [cxt 0] tcp_forward.p4(316) Primitive hdr.ethernet.srcAddr = hdr.ethernet.dstAddr
[08:57:21.955] [bmv2] [T] [thread 3138] [35.0] [cxt 0] tcp_forward.p4(317) Primitive hdr.ethernet.dstAddr = 48w8796093022754
[08:57:21.955] [bmv2] [T] [thread 3138] [35.0] [cxt 0] tcp_forward.p4(318) Primitive hdr.ipv4.ttl = hdr.ipv4.ttl - 1
[08:57:21.955] [bmv2] [D] [thread 3138] [35.0] [cxt 0] Pipeline 'ingress': end
[08:57:21.955] [bmv2] [D] [thread 3138] [35.0] [cxt 0] Egress port is 2
[08:57:21.955] [bmv2] [D] [thread 3141] [35.0] [cxt 0] Pipeline 'egress': start
[08:57:21.955] [bmv2] [D] [thread 3141] [35.0] [cxt 0] Pipeline 'egress': end
[08:57:21.955] [bmv2] [D] [thread 3141] [35.0] [cxt 0] Deparser 'deparser': start
[08:57:21.955] [bmv2] [T] [thread 3141] [35.0] [cxt 0] Skipping checksum 'cksum' update because condition not met
[08:57:21.955] [bmv2] [D] [thread 3141] [35.0] [cxt 0] Deparsing header 'ethernet'
[08:57:21.955] [bmv2] [D] [thread 3141] [35.0] [cxt 0] Deparser 'deparser': end
[08:57:21.955] [bmv2] [D] [thread 3143] [35.0] [cxt 0] Transmitting packet of size 70 out of port 2
[08:57:22.134] [bmv2] [D] [thread 3138] [36.0] [cxt 0] Processing packet received on port 1
[08:57:22.134] [bmv2] [D] [thread 3138] [36.0] [cxt 0] Parser 'parser': start
[08:57:22.134] [bmv2] [D] [thread 3138] [36.0] [cxt 0] Parser 'parser' entering state 'start'
[08:57:22.134] [bmv2] [D] [thread 3138] [36.0] [cxt 0] Extracting header 'ethernet'
[08:57:22.134] [bmv2] [D] [thread 3138] [36.0] [cxt 0] Parser state 'start': key is 86dd
[08:57:22.134] [bmv2] [T] [thread 3138] [36.0] [cxt 0] Bytes parsed: 14
[08:57:22.134] [bmv2] [D] [thread 3138] [36.0] [cxt 0] Parser 'parser': end
[08:57:22.134] [bmv2] [D] [thread 3138] [36.0] [cxt 0] Pipeline 'ingress': start
[08:57:22.134] [bmv2] [T] [thread 3138] [36.0] [cxt 0] tcp_forward.p4(308) Condition "hdr.ipv4.dstAddr == 32w167772417" (node_2) is false
[08:57:22.134] [bmv2] [T] [thread 3138] [36.0] [cxt 0] tcp_forward.p4(314) Condition "hdr.ipv4.dstAddr == 32w167772674" (node_4) is true
[08:57:22.134] [bmv2] [T] [thread 3138] [36.0] [cxt 0] Applying table 'tbl_tcp_forward315'
[08:57:22.135] [bmv2] [D] [thread 3138] [36.0] [cxt 0] Looking up key:

[08:57:22.135] [bmv2] [D] [thread 3138] [36.0] [cxt 0] Table 'tbl_tcp_forward315': miss
[08:57:22.135] [bmv2] [D] [thread 3138] [36.0] [cxt 0] Action entry is tcp_forward315 - 
[08:57:22.135] [bmv2] [T] [thread 3138] [36.0] [cxt 0] Action tcp_forward315
[08:57:22.135] [bmv2] [T] [thread 3138] [36.0] [cxt 0] tcp_forward.p4(315) Primitive standard_metadata.egress_spec = 2
[08:57:22.135] [bmv2] [T] [thread 3138] [36.0] [cxt 0] tcp_forward.p4(316) Primitive hdr.ethernet.srcAddr = hdr.ethernet.dstAddr
[08:57:22.135] [bmv2] [T] [thread 3138] [36.0] [cxt 0] tcp_forward.p4(317) Primitive hdr.ethernet.dstAddr = 48w8796093022754
[08:57:22.135] [bmv2] [T] [thread 3138] [36.0] [cxt 0] tcp_forward.p4(318) Primitive hdr.ipv4.ttl = hdr.ipv4.ttl - 1
[08:57:22.135] [bmv2] [D] [thread 3138] [36.0] [cxt 0] Pipeline 'ingress': end
[08:57:22.135] [bmv2] [D] [thread 3138] [36.0] [cxt 0] Egress port is 2
[08:57:22.135] [bmv2] [D] [thread 3141] [36.0] [cxt 0] Pipeline 'egress': start
[08:57:22.135] [bmv2] [D] [thread 3141] [36.0] [cxt 0] Pipeline 'egress': end
[08:57:22.135] [bmv2] [D] [thread 3141] [36.0] [cxt 0] Deparser 'deparser': start
[08:57:22.135] [bmv2] [T] [thread 3141] [36.0] [cxt 0] Skipping checksum 'cksum' update because condition not met
[08:57:22.135] [bmv2] [D] [thread 3141] [36.0] [cxt 0] Deparsing header 'ethernet'
[08:57:22.135] [bmv2] [D] [thread 3141] [36.0] [cxt 0] Deparser 'deparser': end
[08:57:22.135] [bmv2] [D] [thread 3143] [36.0] [cxt 0] Transmitting packet of size 199 out of port 2
[08:57:24.614] [bmv2] [D] [thread 3138] [37.0] [cxt 0] Processing packet received on port 2
[08:57:24.614] [bmv2] [D] [thread 3138] [37.0] [cxt 0] Parser 'parser': start
[08:57:24.614] [bmv2] [D] [thread 3138] [37.0] [cxt 0] Parser 'parser' entering state 'start'
[08:57:24.614] [bmv2] [D] [thread 3138] [37.0] [cxt 0] Extracting header 'ethernet'
[08:57:24.614] [bmv2] [D] [thread 3138] [37.0] [cxt 0] Parser state 'start': key is 86dd
[08:57:24.614] [bmv2] [T] [thread 3138] [37.0] [cxt 0] Bytes parsed: 14
[08:57:24.614] [bmv2] [D] [thread 3138] [37.0] [cxt 0] Parser 'parser': end
[08:57:24.614] [bmv2] [D] [thread 3138] [37.0] [cxt 0] Pipeline 'ingress': start
[08:57:24.614] [bmv2] [T] [thread 3138] [37.0] [cxt 0] tcp_forward.p4(308) Condition "hdr.ipv4.dstAddr == 32w167772417" (node_2) is false
[08:57:24.614] [bmv2] [T] [thread 3138] [37.0] [cxt 0] tcp_forward.p4(314) Condition "hdr.ipv4.dstAddr == 32w167772674" (node_4) is true
[08:57:24.614] [bmv2] [T] [thread 3138] [37.0] [cxt 0] Applying table 'tbl_tcp_forward315'
[08:57:24.614] [bmv2] [D] [thread 3138] [37.0] [cxt 0] Looking up key:

[08:57:24.614] [bmv2] [D] [thread 3138] [37.0] [cxt 0] Table 'tbl_tcp_forward315': miss
[08:57:24.614] [bmv2] [D] [thread 3138] [37.0] [cxt 0] Action entry is tcp_forward315 - 
[08:57:24.614] [bmv2] [T] [thread 3138] [37.0] [cxt 0] Action tcp_forward315
[08:57:24.614] [bmv2] [T] [thread 3138] [37.0] [cxt 0] tcp_forward.p4(315) Primitive standard_metadata.egress_spec = 2
[08:57:24.614] [bmv2] [T] [thread 3138] [37.0] [cxt 0] tcp_forward.p4(316) Primitive hdr.ethernet.srcAddr = hdr.ethernet.dstAddr
[08:57:24.614] [bmv2] [T] [thread 3138] [37.0] [cxt 0] tcp_forward.p4(317) Primitive hdr.ethernet.dstAddr = 48w8796093022754
[08:57:24.614] [bmv2] [T] [thread 3138] [37.0] [cxt 0] tcp_forward.p4(318) Primitive hdr.ipv4.ttl = hdr.ipv4.ttl - 1
[08:57:24.614] [bmv2] [D] [thread 3138] [37.0] [cxt 0] Pipeline 'ingress': end
[08:57:24.614] [bmv2] [D] [thread 3138] [37.0] [cxt 0] Egress port is 2
[08:57:24.614] [bmv2] [D] [thread 3141] [37.0] [cxt 0] Pipeline 'egress': start
[08:57:24.614] [bmv2] [D] [thread 3141] [37.0] [cxt 0] Pipeline 'egress': end
[08:57:24.614] [bmv2] [D] [thread 3141] [37.0] [cxt 0] Deparser 'deparser': start
[08:57:24.614] [bmv2] [T] [thread 3141] [37.0] [cxt 0] Skipping checksum 'cksum' update because condition not met
[08:57:24.614] [bmv2] [D] [thread 3141] [37.0] [cxt 0] Deparsing header 'ethernet'
[08:57:24.614] [bmv2] [D] [thread 3141] [37.0] [cxt 0] Deparser 'deparser': end
[08:57:24.614] [bmv2] [D] [thread 3143] [37.0] [cxt 0] Transmitting packet of size 107 out of port 2
[08:57:25.251] [bmv2] [D] [thread 3138] [38.0] [cxt 0] Processing packet received on port 1
[08:57:25.251] [bmv2] [D] [thread 3138] [38.0] [cxt 0] Parser 'parser': start
[08:57:25.251] [bmv2] [D] [thread 3138] [38.0] [cxt 0] Parser 'parser' entering state 'start'
[08:57:25.251] [bmv2] [D] [thread 3138] [38.0] [cxt 0] Extracting header 'ethernet'
[08:57:25.251] [bmv2] [D] [thread 3138] [38.0] [cxt 0] Parser state 'start': key is 86dd
[08:57:25.251] [bmv2] [T] [thread 3138] [38.0] [cxt 0] Bytes parsed: 14
[08:57:25.251] [bmv2] [D] [thread 3138] [38.0] [cxt 0] Parser 'parser': end
[08:57:25.251] [bmv2] [D] [thread 3138] [38.0] [cxt 0] Pipeline 'ingress': start
[08:57:25.251] [bmv2] [T] [thread 3138] [38.0] [cxt 0] tcp_forward.p4(308) Condition "hdr.ipv4.dstAddr == 32w167772417" (node_2) is false
[08:57:25.251] [bmv2] [T] [thread 3138] [38.0] [cxt 0] tcp_forward.p4(314) Condition "hdr.ipv4.dstAddr == 32w167772674" (node_4) is true
[08:57:25.251] [bmv2] [T] [thread 3138] [38.0] [cxt 0] Applying table 'tbl_tcp_forward315'
[08:57:25.251] [bmv2] [D] [thread 3138] [38.0] [cxt 0] Looking up key:

[08:57:25.251] [bmv2] [D] [thread 3138] [38.0] [cxt 0] Table 'tbl_tcp_forward315': miss
[08:57:25.251] [bmv2] [D] [thread 3138] [38.0] [cxt 0] Action entry is tcp_forward315 - 
[08:57:25.251] [bmv2] [T] [thread 3138] [38.0] [cxt 0] Action tcp_forward315
[08:57:25.251] [bmv2] [T] [thread 3138] [38.0] [cxt 0] tcp_forward.p4(315) Primitive standard_metadata.egress_spec = 2
[08:57:25.251] [bmv2] [T] [thread 3138] [38.0] [cxt 0] tcp_forward.p4(316) Primitive hdr.ethernet.srcAddr = hdr.ethernet.dstAddr
[08:57:25.251] [bmv2] [T] [thread 3138] [38.0] [cxt 0] tcp_forward.p4(317) Primitive hdr.ethernet.dstAddr = 48w8796093022754
[08:57:25.251] [bmv2] [T] [thread 3138] [38.0] [cxt 0] tcp_forward.p4(318) Primitive hdr.ipv4.ttl = hdr.ipv4.ttl - 1
[08:57:25.251] [bmv2] [D] [thread 3138] [38.0] [cxt 0] Pipeline 'ingress': end
[08:57:25.251] [bmv2] [D] [thread 3138] [38.0] [cxt 0] Egress port is 2
[08:57:25.252] [bmv2] [D] [thread 3141] [38.0] [cxt 0] Pipeline 'egress': start
[08:57:25.252] [bmv2] [D] [thread 3141] [38.0] [cxt 0] Pipeline 'egress': end
[08:57:25.252] [bmv2] [D] [thread 3141] [38.0] [cxt 0] Deparser 'deparser': start
[08:57:25.252] [bmv2] [T] [thread 3141] [38.0] [cxt 0] Skipping checksum 'cksum' update because condition not met
[08:57:25.252] [bmv2] [D] [thread 3141] [38.0] [cxt 0] Deparsing header 'ethernet'
[08:57:25.252] [bmv2] [D] [thread 3141] [38.0] [cxt 0] Deparser 'deparser': end
[08:57:25.252] [bmv2] [D] [thread 3143] [38.0] [cxt 0] Transmitting packet of size 107 out of port 2
